<?xml version="1.0" encoding="UTF-8"?>
<testsuite xmlns:xsi="http://www.w3.org/2001/XMLSchema-instance" xsi:noNamespaceSchemaLocation="https://maven.apache.org/surefire/maven-failsafe-plugin/xsd/failsafe-test-report-3.0.xsd" version="3.0" name="starter.cucumberTestSuite" time="131.459" tests="6" errors="1" skipped="0" failures="0">
  <properties>
[...]
</properties>
  <testcase name="Login scenario #1" classname="Login" time="29.909">
    <error type="org.openqa.selenium.NoSuchElementException"><![CDATA[org.openqa.selenium.NoSuchElementException: 
no such element: Unable to locate element: {"method":"xpath","selector":"//*[@id="customer_login"]/div[1]/div/h3"}
  (Session info: chrome=100.0.4896.127)
For documentation on this error, please visit: https://selenium.dev/exceptions/#no_such_element
Build info: version: '4.1.2', revision: '9a5a329c5a'
System info: host: 'DESKTOP-01SKV80', ip: '192.168.100.7', os.name: 'Windows 10', os.arch: 'amd64', os.version: '10.0', java.version: '15.0.2'
Driver info: org.openqa.selenium.chrome.ChromeDriver
Command: [b0515aa39615df30d7050dde7d350fca, findElement {using=xpath, value=//*[@id="customer_login"]/div[1]/div/h3}]
Capabilities {acceptInsecureCerts: false, browserName: chrome, browserVersion: 100.0.4896.127, chrome: {chromedriverVersion: 100.0.4896.60 (6a5d10861ce8..., userDataDir: C:\Users\ASUS\AppData\Local...}, goog:chromeOptions: {debuggerAddress: localhost:60477}, javascriptEnabled: true, networkConnectionEnabled: false, pageLoadStrategy: normal, platform: WINDOWS, platformName: WINDOWS, proxy: Proxy(), se:cdp: ws://localhost:60477/devtoo..., se:cdpVersion: 100.0.4896.127, setWindowRect: true, strictFileInteractability: false, timeouts: {implicit: 0, pageLoad: 300000, script: 30000}, unhandledPromptBehavior: dismiss and notify, webauthn:extension:credBlob: true, webauthn:extension:largeBlob: true, webauthn:virtualAuthenticators: true}
Session ID: b0515aa39615df30d7050dde7d350fca
]]></error>
    <system-out><![CDATA[10:16:55.167 [main] INFO io.cucumber.core.plugin.SerenityReporter - Running feature from file:///D:/PERKULIAHAN/Semester%206,Hebatt%20glad!/Dot-TechnicalTest/src/test/resources/features/login.feature
10:16:55.449 [main] INFO  - 

-------------------------------------------------------------------------------------
     _______. _______ .______       _______ .__   __.  __  .___________.____    ____ 
    /       ||   ____||   _  \     |   ____||  \ |  | |  | |           |\   \  /   / 
   |   (----`|  |__   |  |_)  |    |  |__   |   \|  | |  | `---|  |----` \   \/   /  
    \   \    |   __|  |      /     |   __|  |  . `  | |  |     |  |       \_    _/   
.----)   |   |  |____ |  |\  \----.|  |____ |  |\   | |  |     |  |         |  |     
|_______/    |_______|| _| `._____||_______||__| \__| |__|     |__|         |__|    
                                                                                     
 News and tutorials at http://www.serenity-bdd.info                                  
 Documentation at https://wakaleo.gitbooks.io/the-serenity-book/content/             
 Join the Serenity Community on Gitter: https://gitter.im/serenity-bdd/serenity-core 
 Serenity BDD Support and Training at http://serenity-bdd.info/#/trainingandsupport  
-------------------------------------------------------------------------------------

10:16:55.449 [main] DEBUG net.thucydides.core.steps.StepEventBus - Test suite started for story net.thucydides.core.model.Story@f388ff28
10:16:55.465 [main] INFO  - Test Suite Started: Login
10:16:55.480 [main] INFO io.cucumber.core.plugin.SerenityReporter - Running feature from file:///D:/PERKULIAHAN/Semester%206,Hebatt%20glad!/Dot-TechnicalTest/src/test/resources/features/login.feature
10:16:55.496 [main] DEBUG net.thucydides.core.steps.StepEventBus - Test suite started for story net.thucydides.core.model.Story@f388ff28
10:16:55.496 [main] INFO  - Test Suite Started: Login

@DDT
Scenario Outline: Login scenario                   &amp#27;[90m# src/test/resources/features/login.feature:26&amp#27;[0m
10:16:55.636 [main] INFO io.cucumber.core.plugin.SerenityReporter - Running feature from file:///D:/PERKULIAHAN/Semester%206,Hebatt%20glad!/Dot-TechnicalTest/src/test/resources/features/login.feature
10:16:55.792 [main] INFO  - 
  _____   ___   ___   _____     ___   _____     _     ___   _____   ___   ___  
 |_   _| | __| / __| |_   _|   / __| |_   _|   /_\   | _ \ |_   _| | __| |   \ 
   | |   | _|  \__ \   | |     \__ \   | |    / _ \  |   /   | |   | _|  | |) |
   |_|   |___| |___/   |_|     |___/   |_|   /_/ \_\ |_|_\   |_|   |___| |___/ 

Login scenario(login;login-scenario)
--------------------------------------------------------------------------------
10:16:56.775 [main] DEBUG net.thucydides.core.steps.StepInterceptor - STARTING STEP: LoginStepDefinitions.iAmOnLoginPage - openUrl
10:16:56.806 [main] INFO net.serenitybdd.core.webdriver.driverproviders.ChromeDriverProvider - Using automatically driver download
10:16:57.573 [main] DEBUG io.github.bonigarcia.wdm.cache.ResolutionCache - Resolution chrome=100 in cache (valid until 11:02:02 26/04/2022 WIB)
10:16:57.589 [main] DEBUG io.github.bonigarcia.wdm.cache.ResolutionCache - Resolution chrome100=100.0.4896.60 in cache (valid until 19:36:13 26/04/2022 WIB)
10:16:57.589 [main] INFO io.github.bonigarcia.wdm.WebDriverManager - Using chromedriver 100.0.4896.60 (resolved driver for Chrome 100)
10:16:57.620 [main] DEBUG io.github.bonigarcia.wdm.WebDriverManager - Driver chromedriver 100.0.4896.60 found in cache
10:16:57.620 [main] INFO io.github.bonigarcia.wdm.WebDriverManager - Exporting webdriver.chrome.driver as C:\Users\ASUS\.cache\selenium\chromedriver\win32\100.0.4896.60\chromedriver.exe
10:16:58.322 [main] DEBUG net.thucydides.core.reflection.ClassFinder - Could not load class .starter.cucumberTestSuite
10:16:58.322 [main] DEBUG net.thucydides.core.reflection.ClassFinder - Could not load class .starter.pages.HomePage
10:16:58.322 [main] DEBUG net.thucydides.core.reflection.ClassFinder - Could not load class .starter.pages.LoginPage
10:16:58.322 [main] DEBUG net.thucydides.core.reflection.ClassFinder - Could not load class .starter.stepdefinitions.LoginStepDefinitions
10:16:58.322 [main] DEBUG net.thucydides.core.reflection.ClassFinder - Could not load class META-INF.versions.9.com.sun.istack.logging.StackHelper
10:16:58.322 [main] DEBUG net.thucydides.core.reflection.ClassFinder - Could not load class META-INF.versions.9.com.sun.xml.bind.v2.runtime.reflect.opt.AccessorInjector
10:16:58.322 [main] DEBUG net.thucydides.core.reflection.ClassFinder - Could not load class META-INF.versions.9.com.sun.xml.bind.v2.runtime.reflect.opt.Injector
10:16:58.322 [main] DEBUG net.thucydides.core.reflection.ClassFinder - Could not load class META-INF.versions.9.com.sun.xml.bind.v2.runtime.reflect.opt.OptimizedAccessorFactory
10:16:58.322 [main] DEBUG net.thucydides.core.reflection.ClassFinder - Could not load class META-INF.versions.9.com.sun.xml.bind.v2.runtime.reflect.opt.OptimizedTransducedAccessorFactory
10:16:58.322 [main] DEBUG net.thucydides.core.reflection.ClassFinder - Could not load class META-INF.versions.9.io.opentelemetry.sdk.internal.CurrentJavaVersionSpecific
10:16:58.322 [main] DEBUG net.thucydides.core.reflection.ClassFinder - Could not load class META-INF.versions.9.io.opentelemetry.sdk.internal.Java9VersionSpecific
10:16:58.322 [main] DEBUG net.thucydides.core.reflection.ClassFinder - Could not load class META-INF.versions.9.javax.xml.bind.ModuleUtil
10:16:58.322 [main] DEBUG net.thucydides.core.reflection.ClassFinder - Could not load class META-INF.versions.9.module-info
10:16:58.322 [main] DEBUG net.thucydides.core.reflection.ClassFinder - Could not load class META-INF.versions.9.org.junit.platform.commons.util.ModuleUtils
10:16:58.635 [main] DEBUG net.thucydides.core.reflection.ClassFinder - Could not load class com.google.gson.internal.
10:16:58.822 [main] DEBUG net.thucydides.core.reflection.ClassFinder - Could not load class com.sun.xml.bind.v2.runtime.output.FastInfosetStreamWriterOutput
10:16:59.401 [main] DEBUG net.thucydides.core.reflection.ClassFinder - Could not load class module-info
10:17:02.947 [main] DEBUG io.netty.util.internal.logging.InternalLoggerFactory - Using SLF4J as the default logging framework
10:17:02.947 [main] DEBUG io.netty.util.ResourceLeakDetector - -Dio.netty.leakDetection.level: simple
10:17:02.947 [main] DEBUG io.netty.util.ResourceLeakDetector - -Dio.netty.leakDetection.targetRecords: 4
10:17:02.947 [main] DEBUG io.netty.util.ResourceLeakDetectorFactory - Loaded default ResourceLeakDetector: io.netty.util.ResourceLeakDetector@65b63277
10:17:02.963 [main] DEBUG io.netty.util.internal.PlatformDependent0 - -Dio.netty.noUnsafe: false
10:17:02.963 [main] DEBUG io.netty.util.internal.PlatformDependent0 - Java version: 15
10:17:02.978 [main] DEBUG io.netty.util.internal.PlatformDependent0 - sun.misc.Unsafe.theUnsafe: available
10:17:02.978 [main] DEBUG io.netty.util.internal.PlatformDependent0 - sun.misc.Unsafe.copyMemory: available
10:17:02.978 [main] DEBUG io.netty.util.internal.PlatformDependent0 - java.nio.Buffer.address: available
10:17:02.978 [main] DEBUG io.netty.util.internal.PlatformDependent0 - direct buffer constructor: unavailable: Reflective setAccessible(true) disabled
10:17:02.978 [main] DEBUG io.netty.util.internal.PlatformDependent0 - java.nio.Bits.unaligned: available, true
10:17:02.978 [main] DEBUG io.netty.util.internal.PlatformDependent0 - jdk.internal.misc.Unsafe.allocateUninitializedArray(int): unavailable: class io.netty.util.internal.PlatformDependent0$6 cannot access class jdk.internal.misc.Unsafe (in module java.base) because module java.base does not export jdk.internal.misc to unnamed module @6c4f9535
10:17:02.978 [main] DEBUG io.netty.util.internal.PlatformDependent0 - java.nio.DirectByteBuffer.<init>(long, int): unavailable
10:17:02.978 [main] DEBUG io.netty.util.internal.PlatformDependent - sun.misc.Unsafe: available
10:17:02.978 [main] DEBUG io.netty.util.internal.PlatformDependent - maxDirectMemory: 2671771648 bytes (maybe)
10:17:02.978 [main] DEBUG io.netty.util.internal.PlatformDependent - -Dio.netty.tmpdir: C:\Users\ASUS\AppData\Local\Temp (java.io.tmpdir)
10:17:02.978 [main] DEBUG io.netty.util.internal.PlatformDependent - -Dio.netty.bitMode: 64 (sun.arch.data.model)
10:17:02.978 [main] DEBUG io.netty.util.internal.PlatformDependent - Platform: Windows
10:17:02.978 [main] DEBUG io.netty.util.internal.PlatformDependent - -Dio.netty.maxDirectMemory: -1 bytes
10:17:02.978 [main] DEBUG io.netty.util.internal.PlatformDependent - -Dio.netty.uninitializedArrayAllocationThreshold: -1
10:17:02.978 [main] DEBUG io.netty.util.internal.CleanerJava9 - java.nio.ByteBuffer.cleaner(): available
10:17:02.978 [main] DEBUG io.netty.util.internal.PlatformDependent - -Dio.netty.noPreferDirect: false
10:17:02.994 [main] DEBUG io.netty.util.internal.PlatformDependent - org.jctools-core.MpscChunkedArrayQueue: available
10:17:03.009 [main] DEBUG io.netty.util.internal.InternalThreadLocalMap - -Dio.netty.threadLocalMap.stringBuilder.initialSize: 1024
10:17:03.009 [main] DEBUG io.netty.util.internal.InternalThreadLocalMap - -Dio.netty.threadLocalMap.stringBuilder.maxSize: 4096
10:17:03.041 [main] DEBUG io.netty.handler.ssl.JdkSslContext - Default protocols (JDK): [TLSv1.3, TLSv1.2, TLSv1.1, TLSv1] 
10:17:03.041 [main] DEBUG io.netty.handler.ssl.JdkSslContext - Default cipher suites (JDK): [TLS_ECDHE_ECDSA_WITH_AES_256_GCM_SHA384, TLS_ECDHE_ECDSA_WITH_AES_128_GCM_SHA256, TLS_ECDHE_RSA_WITH_AES_128_GCM_SHA256, TLS_ECDHE_RSA_WITH_AES_256_GCM_SHA384, TLS_ECDHE_RSA_WITH_AES_128_CBC_SHA, TLS_ECDHE_RSA_WITH_AES_256_CBC_SHA, TLS_RSA_WITH_AES_128_GCM_SHA256, TLS_RSA_WITH_AES_128_CBC_SHA, TLS_RSA_WITH_AES_256_CBC_SHA, TLS_AES_128_GCM_SHA256, TLS_AES_256_GCM_SHA384]
10:17:03.072 [main] DEBUG io.netty.channel.MultithreadEventLoopGroup - -Dio.netty.eventLoopThreads: 16
10:17:03.088 [main] DEBUG io.netty.channel.nio.NioEventLoop - -Dio.netty.noKeySetOptimization: false
10:17:03.088 [main] DEBUG io.netty.channel.nio.NioEventLoop - -Dio.netty.selectorAutoRebuildThreshold: 512
10:17:03.137 [main] DEBUG io.netty.buffer.PooledByteBufAllocator - -Dio.netty.allocator.numHeapArenas: 16
10:17:03.137 [main] DEBUG io.netty.buffer.PooledByteBufAllocator - -Dio.netty.allocator.numDirectArenas: 16
10:17:03.137 [main] DEBUG io.netty.buffer.PooledByteBufAllocator - -Dio.netty.allocator.pageSize: 8192
10:17:03.137 [main] DEBUG io.netty.buffer.PooledByteBufAllocator - -Dio.netty.allocator.maxOrder: 11
10:17:03.137 [main] DEBUG io.netty.buffer.PooledByteBufAllocator - -Dio.netty.allocator.chunkSize: 16777216
10:17:03.137 [main] DEBUG io.netty.buffer.PooledByteBufAllocator - -Dio.netty.allocator.smallCacheSize: 256
10:17:03.137 [main] DEBUG io.netty.buffer.PooledByteBufAllocator - -Dio.netty.allocator.normalCacheSize: 64
10:17:03.137 [main] DEBUG io.netty.buffer.PooledByteBufAllocator - -Dio.netty.allocator.maxCachedBufferCapacity: 32768
10:17:03.137 [main] DEBUG io.netty.buffer.PooledByteBufAllocator - -Dio.netty.allocator.cacheTrimInterval: 8192
10:17:03.137 [main] DEBUG io.netty.buffer.PooledByteBufAllocator - -Dio.netty.allocator.cacheTrimIntervalMillis: 0
10:17:03.137 [main] DEBUG io.netty.buffer.PooledByteBufAllocator - -Dio.netty.allocator.useCacheForAllThreads: true
10:17:03.137 [main] DEBUG io.netty.buffer.PooledByteBufAllocator - -Dio.netty.allocator.maxCachedByteBuffersPerChunk: 1023
10:17:03.152 [main] DEBUG io.netty.buffer.ByteBufUtil - -Dio.netty.allocator.type: pooled
10:17:03.152 [main] DEBUG io.netty.buffer.ByteBufUtil - -Dio.netty.threadLocalDirectBufferSize: 0
10:17:03.152 [main] DEBUG io.netty.buffer.ByteBufUtil - -Dio.netty.maxThreadLocalCharBufferSize: 16384
10:17:03.404 [main] DEBUG net.serenitybdd.core.webdriver.driverproviders.ProvideNewDriver - Instantiating driver
10:17:03.404 [main] DEBUG net.serenitybdd.core.webdriver.driverproviders.ProvideNewDriver - Driver capabilities: Capabilities {acceptInsecureCerts: false, base.url: https://www.psegameshop.com/, browserName: chrome, chrome.driver: src/test/resources/webdrive..., driver: chrome, goog:chromeOptions: {args: [], extensions: []}}
10:17:04.155 [Forwarding newSession on session null to remote] DEBUG io.netty.channel.DefaultChannelId - -Dio.netty.processId: 8284 (auto-detected)
10:17:04.155 [Forwarding newSession on session null to remote] DEBUG io.netty.util.NetUtil - -Djava.net.preferIPv4Stack: false
10:17:04.155 [Forwarding newSession on session null to remote] DEBUG io.netty.util.NetUtil - -Djava.net.preferIPv6Addresses: false
10:17:04.155 [Forwarding newSession on session null to remote] DEBUG io.netty.util.NetUtilInitializations - Loopback interface: lo (Software Loopback Interface 1, 127.0.0.1)
10:17:04.171 [Forwarding newSession on session null to remote] DEBUG io.netty.util.NetUtil - Failed to get SOMAXCONN from sysctl and file \proc\sys\net\core\somaxconn. Default: 200
10:17:04.187 [Forwarding newSession on session null to remote] DEBUG io.netty.channel.DefaultChannelId - -Dio.netty.machineId: 04:ea:56:ff:fe:54:1b:1e (auto-detected)
10:17:04.220 [AsyncHttpClient-1-2] DEBUG io.netty.buffer.AbstractByteBuf - -Dio.netty.buffer.checkAccessible: true
10:17:04.220 [AsyncHttpClient-1-2] DEBUG io.netty.buffer.AbstractByteBuf - -Dio.netty.buffer.checkBounds: true
10:17:04.220 [AsyncHttpClient-1-2] DEBUG io.netty.util.ResourceLeakDetectorFactory - Loaded default ResourceLeakDetector: io.netty.util.ResourceLeakDetector@146f2a75
10:17:04.236 [AsyncHttpClient-1-2] DEBUG org.asynchttpclient.netty.channel.NettyConnectListener - Using new Channel '[id: 0x1f673f30, L:/127.0.0.1:60475 - R:localhost/127.0.0.1:58317]' for 'POST' to '/session'
10:17:04.251 [AsyncHttpClient-1-2] DEBUG io.netty.util.Recycler - -Dio.netty.recycler.maxCapacityPerThread: 4096
10:17:04.251 [AsyncHttpClient-1-2] DEBUG io.netty.util.Recycler - -Dio.netty.recycler.ratio: 8
10:17:04.251 [AsyncHttpClient-1-2] DEBUG io.netty.util.Recycler - -Dio.netty.recycler.chunkSize: 32
10:17:04.251 [AsyncHttpClient-1-2] DEBUG io.netty.util.Recycler - -Dio.netty.recycler.blocking: false
10:17:04.928 [AsyncHttpClient-1-2] DEBUG io.netty.handler.codec.compression.Brotli - brotli4j not in the classpath; Brotli support will be unavailable.
10:17:04.928 [AsyncHttpClient-1-2] DEBUG org.asynchttpclient.netty.handler.HttpHandler - 

Request DefaultHttpRequest(decodeResult: success, version: HTTP/1.1)
POST /session HTTP/1.1
User-Agent: selenium/4.1.2 (java windows)
Content-Length: 614
Content-Type: application/json; charset=utf-8
host: localhost:58317
accept: */*

Response DefaultHttpResponse(decodeResult: success, version: HTTP/1.1)
HTTP/1.1 200 OK
Content-Type: application/json; charset=utf-8
cache-control: no-cache
content-length: 789

10:17:04.940 [AsyncHttpClient-1-2] DEBUG org.asynchttpclient.netty.channel.ChannelManager - Adding key: http://localhost:58317 for channel [id: 0x1f673f30, L:/127.0.0.1:60475 - R:localhost/127.0.0.1:58317]
10:17:05.104 [AsyncHttpClient-1-3] DEBUG org.asynchttpclient.netty.channel.NettyConnectListener - Using new Channel '[id: 0x40953964, L:/127.0.0.1:60484 - R:localhost/127.0.0.1:60477]' for 'GET' to '/json/version'
10:17:05.104 [AsyncHttpClient-1-3] DEBUG org.asynchttpclient.netty.handler.HttpHandler - 

Request DefaultFullHttpRequest(decodeResult: success, version: HTTP/1.1, content: EmptyByteBufBE)
GET /json/version HTTP/1.1
User-Agent: selenium/4.1.2 (java windows)
host: localhost:60477
accept: */*

Response DefaultHttpResponse(decodeResult: success, version: HTTP/1.1)
HTTP/1.1 200 OK
Content-Type: application/json; charset=UTF-8
content-length: 429

10:17:05.104 [AsyncHttpClient-1-3] DEBUG org.asynchttpclient.netty.channel.ChannelManager - Adding key: http://localhost:60477 for channel [id: 0x40953964, L:/127.0.0.1:60484 - R:localhost/127.0.0.1:60477]
10:17:05.120 [main] DEBUG io.netty.util.internal.ThreadLocalRandom - -Dio.netty.initialSeedUniquifier: 0xf08a79cf574798d9
10:17:05.120 [AsyncHttpClient-1-4] DEBUG org.asynchttpclient.netty.channel.NettyConnectListener - Using new Channel '[id: 0x900204c0, L:/127.0.0.1:60485 - R:localhost/127.0.0.1:60477]' for 'GET' to '/devtools/browser/c66958fd-13fa-4b30-b605-a43f4bd0070d'
10:17:05.136 [AsyncHttpClient-1-4] DEBUG org.asynchttpclient.netty.handler.WebSocketHandler - 

Request DefaultFullHttpRequest(decodeResult: success, version: HTTP/1.1, content: EmptyByteBufBE)
GET /devtools/browser/c66958fd-13fa-4b30-b605-a43f4bd0070d HTTP/1.1
upgrade: websocket
connection: upgrade
sec-websocket-key: 7F5optkxExkVnipbo4Lx1Q==
sec-websocket-version: 13
origin: http://localhost:60477
host: localhost:60477
accept: */*
user-agent: AHC/2.1

Response DefaultHttpResponse(decodeResult: success, version: HTTP/1.1)
HTTP/1.1 101 WebSocket Protocol Handshake
Upgrade: WebSocket
Connection: Upgrade
Sec-WebSocket-Accept: RfFGd3Q7eNf9Bc3rABHl6vEQHmg=

10:17:05.167 [Forwarding maximizeCurrentWindow on session b0515aa39615df30d7050dde7d350fca to remote] DEBUG org.asynchttpclient.netty.request.NettyRequestSender - Using pooled Channel '[id: 0x1f673f30, L:/127.0.0.1:60475 - R:localhost/127.0.0.1:58317]' for 'POST' to 'http://localhost:58317/session/b0515aa39615df30d7050dde7d350fca/window/maximize'
10:17:05.167 [Forwarding maximizeCurrentWindow on session b0515aa39615df30d7050dde7d350fca to remote] DEBUG org.asynchttpclient.netty.request.NettyRequestSender - Using open Channel [id: 0x1f673f30, L:/127.0.0.1:60475 - R:localhost/127.0.0.1:58317] for POST '/session/b0515aa39615df30d7050dde7d350fca/window/maximize'
10:17:05.214 [AsyncHttpClient-1-1] DEBUG org.asynchttpclient.netty.channel.DefaultChannelPool - Entry count for : http://localhost:60477 : 1
10:17:05.289 [AsyncHttpClient-1-2] DEBUG org.asynchttpclient.netty.handler.HttpHandler - 

Request DefaultHttpRequest(decodeResult: success, version: HTTP/1.1)
POST /session/b0515aa39615df30d7050dde7d350fca/window/maximize HTTP/1.1
User-Agent: selenium/4.1.2 (java windows)
Content-Length: 3
Content-Type: application/json; charset=utf-8
host: localhost:58317
accept: */*

Response DefaultHttpResponse(decodeResult: success, version: HTTP/1.1)
HTTP/1.1 200 OK
Content-Type: application/json; charset=utf-8
cache-control: no-cache
content-length: 51

10:17:05.289 [AsyncHttpClient-1-2] DEBUG org.asynchttpclient.netty.channel.ChannelManager - Adding key: http://localhost:58317 for channel [id: 0x1f673f30, L:/127.0.0.1:60475 - R:localhost/127.0.0.1:58317]
10:17:05.968 [main] DEBUG net.thucydides.core.reflection.ClassFinder - Could not load class .starter.cucumberTestSuite
10:17:05.968 [main] DEBUG net.thucydides.core.reflection.ClassFinder - Could not load class .starter.pages.HomePage
10:17:05.968 [main] DEBUG net.thucydides.core.reflection.ClassFinder - Could not load class .starter.pages.LoginPage
10:17:05.968 [main] DEBUG net.thucydides.core.reflection.ClassFinder - Could not load class .starter.stepdefinitions.LoginStepDefinitions
10:17:05.968 [main] DEBUG net.thucydides.core.reflection.ClassFinder - Could not load class META-INF.versions.9.com.sun.istack.logging.StackHelper
10:17:05.968 [main] DEBUG net.thucydides.core.reflection.ClassFinder - Could not load class META-INF.versions.9.com.sun.xml.bind.v2.runtime.reflect.opt.AccessorInjector
10:17:05.968 [main] DEBUG net.thucydides.core.reflection.ClassFinder - Could not load class META-INF.versions.9.com.sun.xml.bind.v2.runtime.reflect.opt.Injector
10:17:05.968 [main] DEBUG net.thucydides.core.reflection.ClassFinder - Could not load class META-INF.versions.9.com.sun.xml.bind.v2.runtime.reflect.opt.OptimizedAccessorFactory
10:17:05.968 [main] DEBUG net.thucydides.core.reflection.ClassFinder - Could not load class META-INF.versions.9.com.sun.xml.bind.v2.runtime.reflect.opt.OptimizedTransducedAccessorFactory
10:17:05.968 [main] DEBUG net.thucydides.core.reflection.ClassFinder - Could not load class META-INF.versions.9.io.opentelemetry.sdk.internal.CurrentJavaVersionSpecific
10:17:05.968 [main] DEBUG net.thucydides.core.reflection.ClassFinder - Could not load class META-INF.versions.9.io.opentelemetry.sdk.internal.Java9VersionSpecific
10:17:05.968 [main] DEBUG net.thucydides.core.reflection.ClassFinder - Could not load class META-INF.versions.9.javax.xml.bind.ModuleUtil
10:17:05.968 [main] DEBUG net.thucydides.core.reflection.ClassFinder - Could not load class META-INF.versions.9.module-info
10:17:05.968 [main] DEBUG net.thucydides.core.reflection.ClassFinder - Could not load class META-INF.versions.9.org.junit.platform.commons.util.ModuleUtils
10:17:05.968 [main] DEBUG net.thucydides.core.reflection.ClassFinder - Could not load class com.google.gson.internal.
10:17:05.968 [main] DEBUG net.thucydides.core.reflection.ClassFinder - Could not load class com.sun.xml.bind.v2.runtime.output.FastInfosetStreamWriterOutput
10:17:05.984 [main] DEBUG net.thucydides.core.reflection.ClassFinder - Could not load class module-info
10:17:06.003 [Forwarding get on session b0515aa39615df30d7050dde7d350fca to remote] DEBUG org.asynchttpclient.netty.request.NettyRequestSender - Using pooled Channel '[id: 0x1f673f30, L:/127.0.0.1:60475 - R:localhost/127.0.0.1:58317]' for 'POST' to 'http://localhost:58317/session/b0515aa39615df30d7050dde7d350fca/url'
10:17:06.003 [Forwarding get on session b0515aa39615df30d7050dde7d350fca to remote] DEBUG org.asynchttpclient.netty.request.NettyRequestSender - Using open Channel [id: 0x1f673f30, L:/127.0.0.1:60475 - R:localhost/127.0.0.1:58317] for POST '/session/b0515aa39615df30d7050dde7d350fca/url'
10:17:06.310 [AsyncHttpClient-1-1] DEBUG org.asynchttpclient.netty.channel.DefaultChannelPool - Entry count for : http://localhost:60477 : 1
10:17:07.406 [AsyncHttpClient-1-1] DEBUG org.asynchttpclient.netty.channel.DefaultChannelPool - Entry count for : http://localhost:60477 : 1
10:17:08.507 [AsyncHttpClient-1-1] DEBUG org.asynchttpclient.netty.channel.DefaultChannelPool - Entry count for : http://localhost:60477 : 1
10:17:09.614 [AsyncHttpClient-1-1] DEBUG org.asynchttpclient.netty.channel.DefaultChannelPool - Entry count for : http://localhost:60477 : 1
10:17:10.711 [AsyncHttpClient-1-1] DEBUG org.asynchttpclient.netty.channel.DefaultChannelPool - Entry count for : http://localhost:60477 : 1
10:17:11.807 [AsyncHttpClient-1-1] DEBUG org.asynchttpclient.netty.channel.DefaultChannelPool - Entry count for : http://localhost:60477 : 1
10:17:11.904 [AsyncHttpClient-1-2] DEBUG org.asynchttpclient.netty.handler.HttpHandler - 

Request DefaultHttpRequest(decodeResult: success, version: HTTP/1.1)
POST /session/b0515aa39615df30d7050dde7d350fca/url HTTP/1.1
User-Agent: selenium/4.1.2 (java windows)
Content-Length: 58
Content-Type: application/json; charset=utf-8
host: localhost:58317
accept: */*

Response DefaultHttpResponse(decodeResult: success, version: HTTP/1.1)
HTTP/1.1 200 OK
Content-Type: application/json; charset=utf-8
cache-control: no-cache
content-length: 14

10:17:11.904 [AsyncHttpClient-1-2] DEBUG org.asynchttpclient.netty.channel.ChannelManager - Adding key: http://localhost:58317 for channel [id: 0x1f673f30, L:/127.0.0.1:60475 - R:localhost/127.0.0.1:58317]
10:17:11.908 [Forwarding setTimeout on session b0515aa39615df30d7050dde7d350fca to remote] DEBUG org.asynchttpclient.netty.request.NettyRequestSender - Using pooled Channel '[id: 0x1f673f30, L:/127.0.0.1:60475 - R:localhost/127.0.0.1:58317]' for 'POST' to 'http://localhost:58317/session/b0515aa39615df30d7050dde7d350fca/timeouts'
10:17:11.908 [Forwarding setTimeout on session b0515aa39615df30d7050dde7d350fca to remote] DEBUG org.asynchttpclient.netty.request.NettyRequestSender - Using open Channel [id: 0x1f673f30, L:/127.0.0.1:60475 - R:localhost/127.0.0.1:58317] for POST '/session/b0515aa39615df30d7050dde7d350fca/timeouts'
10:17:11.910 [AsyncHttpClient-1-2] DEBUG org.asynchttpclient.netty.handler.HttpHandler - 

Request DefaultHttpRequest(decodeResult: success, version: HTTP/1.1)
POST /session/b0515aa39615df30d7050dde7d350fca/timeouts HTTP/1.1
User-Agent: selenium/4.1.2 (java windows)
Content-Length: 22
Content-Type: application/json; charset=utf-8
host: localhost:58317
accept: */*

Response DefaultHttpResponse(decodeResult: success, version: HTTP/1.1)
HTTP/1.1 200 OK
Content-Type: application/json; charset=utf-8
cache-control: no-cache
content-length: 14

10:17:11.911 [AsyncHttpClient-1-2] DEBUG org.asynchttpclient.netty.channel.ChannelManager - Adding key: http://localhost:58317 for channel [id: 0x1f673f30, L:/127.0.0.1:60475 - R:localhost/127.0.0.1:58317]
10:17:11.918 [Forwarding getCurrentUrl on session b0515aa39615df30d7050dde7d350fca to remote] DEBUG org.asynchttpclient.netty.request.NettyRequestSender - Using pooled Channel '[id: 0x1f673f30, L:/127.0.0.1:60475 - R:localhost/127.0.0.1:58317]' for 'GET' to 'http://localhost:58317/session/b0515aa39615df30d7050dde7d350fca/url'
10:17:11.918 [Forwarding getCurrentUrl on session b0515aa39615df30d7050dde7d350fca to remote] DEBUG org.asynchttpclient.netty.request.NettyRequestSender - Using open Channel [id: 0x1f673f30, L:/127.0.0.1:60475 - R:localhost/127.0.0.1:58317] for GET '/session/b0515aa39615df30d7050dde7d350fca/url'
10:17:11.922 [AsyncHttpClient-1-2] DEBUG org.asynchttpclient.netty.handler.HttpHandler - 

Request DefaultFullHttpRequest(decodeResult: success, version: HTTP/1.1, content: EmptyByteBufBE)
GET /session/b0515aa39615df30d7050dde7d350fca/url HTTP/1.1
User-Agent: selenium/4.1.2 (java windows)
Cache-Control: no-cache
Content-Type: application/json; charset=utf-8
host: localhost:58317
accept: */*

Response DefaultHttpResponse(decodeResult: success, version: HTTP/1.1)
HTTP/1.1 200 OK
Content-Type: application/json; charset=utf-8
cache-control: no-cache
content-length: 40

10:17:11.923 [AsyncHttpClient-1-2] DEBUG org.asynchttpclient.netty.channel.ChannelManager - Adding key: http://localhost:58317 for channel [id: 0x1f673f30, L:/127.0.0.1:60475 - R:localhost/127.0.0.1:58317]
10:17:11.944 [main] DEBUG net.serenitybdd.core.photography.Darkroom - Opening darkroom
10:17:11.945 [Darkroom Processing Line] DEBUG net.serenitybdd.core.photography.DarkroomProcessingLine - Darkroom processing line starting up
10:17:11.946 [Forwarding screenshot on session b0515aa39615df30d7050dde7d350fca to remote] DEBUG org.asynchttpclient.netty.request.NettyRequestSender - Using pooled Channel '[id: 0x1f673f30, L:/127.0.0.1:60475 - R:localhost/127.0.0.1:58317]' for 'GET' to 'http://localhost:58317/session/b0515aa39615df30d7050dde7d350fca/screenshot'
10:17:11.946 [Forwarding screenshot on session b0515aa39615df30d7050dde7d350fca to remote] DEBUG org.asynchttpclient.netty.request.NettyRequestSender - Using open Channel [id: 0x1f673f30, L:/127.0.0.1:60475 - R:localhost/127.0.0.1:58317] for GET '/session/b0515aa39615df30d7050dde7d350fca/screenshot'
10:17:12.408 [AsyncHttpClient-1-2] DEBUG org.asynchttpclient.netty.handler.HttpHandler - 

Request DefaultFullHttpRequest(decodeResult: success, version: HTTP/1.1, content: EmptyByteBufBE)
GET /session/b0515aa39615df30d7050dde7d350fca/screenshot HTTP/1.1
User-Agent: selenium/4.1.2 (java windows)
Cache-Control: no-cache
Content-Type: application/json; charset=utf-8
host: localhost:58317
accept: */*

Response DefaultHttpResponse(decodeResult: success, version: HTTP/1.1)
HTTP/1.1 200 OK
Content-Type: application/json; charset=utf-8
cache-control: no-cache
content-length: 1333828

10:17:12.424 [AsyncHttpClient-1-2] DEBUG org.asynchttpclient.netty.channel.ChannelManager - Adding key: http://localhost:58317 for channel [id: 0x1f673f30, L:/127.0.0.1:60475 - R:localhost/127.0.0.1:58317]
10:17:12.599 [main] DEBUG net.serenitybdd.core.photography.Darkroom - Send negative for processing for target\site\serenity\c892c8ca808d9d9b94891a40056d5a2eac63be830dad9e7c379588e85d813b39.png
10:17:12.600 [Darkroom Processing Line] DEBUG net.serenitybdd.core.photography.DarkroomProcessingLine - Processing screenshot image in /var/screenshots/screenshot-2520383607420331816
10:17:12.600 [Darkroom Processing Line] DEBUG net.serenitybdd.core.photography.DarkroomProcessingLine - Saving screenshot to target\site\serenity\c892c8ca808d9d9b94891a40056d5a2eac63be830dad9e7c379588e85d813b39.png
10:17:12.614 [main] DEBUG net.thucydides.core.steps.StepInterceptor - STEP DONE: openUrl
10:17:12.625 [main] DEBUG net.thucydides.core.steps.StepInterceptor - STARTING STEP: LoginStepDefinitions.iAmOnLoginPage - validateAccountIsApp
10:17:12.631 [Forwarding findElement on session b0515aa39615df30d7050dde7d350fca to remote] DEBUG org.asynchttpclient.netty.request.NettyRequestSender - Using pooled Channel '[id: 0x1f673f30, L:/127.0.0.1:60475 - R:localhost/127.0.0.1:58317]' for 'POST' to 'http://localhost:58317/session/b0515aa39615df30d7050dde7d350fca/element'
10:17:12.631 [Forwarding findElement on session b0515aa39615df30d7050dde7d350fca to remote] DEBUG org.asynchttpclient.netty.request.NettyRequestSender - Using open Channel [id: 0x1f673f30, L:/127.0.0.1:60475 - R:localhost/127.0.0.1:58317] for POST '/session/b0515aa39615df30d7050dde7d350fca/element'
10:17:12.634 [AsyncHttpClient-1-2] DEBUG org.asynchttpclient.netty.handler.HttpHandler - 

Request DefaultHttpRequest(decodeResult: success, version: HTTP/1.1)
POST /session/b0515aa39615df30d7050dde7d350fca/element HTTP/1.1
User-Agent: selenium/4.1.2 (java windows)
Content-Length: 46
Content-Type: application/json; charset=utf-8
host: localhost:58317
accept: */*

Response DefaultHttpResponse(decodeResult: success, version: HTTP/1.1)
HTTP/1.1 400 Bad Request
Content-Type: application/json; charset=utf-8
cache-control: no-cache
content-length: 958

10:17:12.634 [AsyncHttpClient-1-2] DEBUG org.asynchttpclient.netty.channel.ChannelManager - Adding key: http://localhost:58317 for channel [id: 0x1f673f30, L:/127.0.0.1:60475 - R:localhost/127.0.0.1:58317]
10:17:12.650 [Forwarding findElement on session b0515aa39615df30d7050dde7d350fca to remote] DEBUG org.asynchttpclient.netty.request.NettyRequestSender - Using pooled Channel '[id: 0x1f673f30, L:/127.0.0.1:60475 - R:localhost/127.0.0.1:58317]' for 'POST' to 'http://localhost:58317/session/b0515aa39615df30d7050dde7d350fca/element'
10:17:12.650 [Forwarding findElement on session b0515aa39615df30d7050dde7d350fca to remote] DEBUG org.asynchttpclient.netty.request.NettyRequestSender - Using open Channel [id: 0x1f673f30, L:/127.0.0.1:60475 - R:localhost/127.0.0.1:58317] for POST '/session/b0515aa39615df30d7050dde7d350fca/element'
10:17:12.669 [AsyncHttpClient-1-2] DEBUG org.asynchttpclient.netty.handler.HttpHandler - 

Request DefaultHttpRequest(decodeResult: success, version: HTTP/1.1)
POST /session/b0515aa39615df30d7050dde7d350fca/element HTTP/1.1
User-Agent: selenium/4.1.2 (java windows)
Content-Length: 56
Content-Type: application/json; charset=utf-8
host: localhost:58317
accept: */*

Response DefaultHttpResponse(decodeResult: success, version: HTTP/1.1)
HTTP/1.1 200 OK
Content-Type: application/json; charset=utf-8
cache-control: no-cache
content-length: 88

10:17:12.669 [AsyncHttpClient-1-2] DEBUG org.asynchttpclient.netty.channel.ChannelManager - Adding key: http://localhost:58317 for channel [id: 0x1f673f30, L:/127.0.0.1:60475 - R:localhost/127.0.0.1:58317]
10:17:12.683 [Forwarding isElementDisplayed on session b0515aa39615df30d7050dde7d350fca to remote] DEBUG org.asynchttpclient.netty.request.NettyRequestSender - Using pooled Channel '[id: 0x1f673f30, L:/127.0.0.1:60475 - R:localhost/127.0.0.1:58317]' for 'POST' to 'http://localhost:58317/session/b0515aa39615df30d7050dde7d350fca/execute/sync'
10:17:12.684 [Forwarding isElementDisplayed on session b0515aa39615df30d7050dde7d350fca to remote] DEBUG org.asynchttpclient.netty.request.NettyRequestSender - Using open Channel [id: 0x1f673f30, L:/127.0.0.1:60475 - R:localhost/127.0.0.1:58317] for POST '/session/b0515aa39615df30d7050dde7d350fca/execute/sync'
10:17:12.702 [AsyncHttpClient-1-2] DEBUG org.asynchttpclient.netty.handler.HttpHandler - 

Request DefaultHttpRequest(decodeResult: success, version: HTTP/1.1)
POST /session/b0515aa39615df30d7050dde7d350fca/execute/sync HTTP/1.1
User-Agent: selenium/4.1.2 (java windows)
Content-Length: 48780
Content-Type: application/json; charset=utf-8
host: localhost:58317
accept: */*

Response DefaultHttpResponse(decodeResult: success, version: HTTP/1.1)
HTTP/1.1 200 OK
Content-Type: application/json; charset=utf-8
cache-control: no-cache
content-length: 14

10:17:12.703 [AsyncHttpClient-1-2] DEBUG org.asynchttpclient.netty.channel.ChannelManager - Adding key: http://localhost:58317 for channel [id: 0x1f673f30, L:/127.0.0.1:60475 - R:localhost/127.0.0.1:58317]
10:17:12.711 [Forwarding screenshot on session b0515aa39615df30d7050dde7d350fca to remote] DEBUG org.asynchttpclient.netty.request.NettyRequestSender - Using pooled Channel '[id: 0x1f673f30, L:/127.0.0.1:60475 - R:localhost/127.0.0.1:58317]' for 'GET' to 'http://localhost:58317/session/b0515aa39615df30d7050dde7d350fca/screenshot'
10:17:12.712 [Forwarding screenshot on session b0515aa39615df30d7050dde7d350fca to remote] DEBUG org.asynchttpclient.netty.request.NettyRequestSender - Using open Channel [id: 0x1f673f30, L:/127.0.0.1:60475 - R:localhost/127.0.0.1:58317] for GET '/session/b0515aa39615df30d7050dde7d350fca/screenshot'
10:17:12.917 [AsyncHttpClient-1-1] DEBUG org.asynchttpclient.netty.channel.DefaultChannelPool - Entry count for : http://localhost:60477 : 1
10:17:13.245 [AsyncHttpClient-1-2] DEBUG org.asynchttpclient.netty.handler.HttpHandler - 

Request DefaultFullHttpRequest(decodeResult: success, version: HTTP/1.1, content: EmptyByteBufBE)
GET /session/b0515aa39615df30d7050dde7d350fca/screenshot HTTP/1.1
User-Agent: selenium/4.1.2 (java windows)
Cache-Control: no-cache
Content-Type: application/json; charset=utf-8
host: localhost:58317
accept: */*

Response DefaultHttpResponse(decodeResult: success, version: HTTP/1.1)
HTTP/1.1 200 OK
Content-Type: application/json; charset=utf-8
cache-control: no-cache
content-length: 1332556

10:17:13.256 [AsyncHttpClient-1-2] DEBUG org.asynchttpclient.netty.channel.ChannelManager - Adding key: http://localhost:58317 for channel [id: 0x1f673f30, L:/127.0.0.1:60475 - R:localhost/127.0.0.1:58317]
10:17:13.294 [main] DEBUG net.serenitybdd.core.photography.Darkroom - Send negative for processing for target\site\serenity\dadfa5a16debad035d2a5c0e6052934c8f215580ba3b053e4f9d2f908ad21187.png
10:17:13.298 [main] DEBUG net.thucydides.core.steps.StepInterceptor - STEP DONE: validateAccountIsApp
10:17:13.298 [Darkroom Processing Line] DEBUG net.serenitybdd.core.photography.DarkroomProcessingLine - Processing screenshot image in /var/screenshots/screenshot-13822913792570506759
10:17:13.298 [Darkroom Processing Line] DEBUG net.serenitybdd.core.photography.DarkroomProcessingLine - Saving screenshot to target\site\serenity\dadfa5a16debad035d2a5c0e6052934c8f215580ba3b053e4f9d2f908ad21187.png
10:17:13.307 [main] DEBUG net.thucydides.core.steps.StepInterceptor - STARTING STEP: LoginStepDefinitions.iAmOnLoginPage - clickIconAccount
10:17:13.321 [Forwarding findElement on session b0515aa39615df30d7050dde7d350fca to remote] DEBUG org.asynchttpclient.netty.request.NettyRequestSender - Using pooled Channel '[id: 0x1f673f30, L:/127.0.0.1:60475 - R:localhost/127.0.0.1:58317]' for 'POST' to 'http://localhost:58317/session/b0515aa39615df30d7050dde7d350fca/element'
10:17:13.321 [Forwarding findElement on session b0515aa39615df30d7050dde7d350fca to remote] DEBUG org.asynchttpclient.netty.request.NettyRequestSender - Using open Channel [id: 0x1f673f30, L:/127.0.0.1:60475 - R:localhost/127.0.0.1:58317] for POST '/session/b0515aa39615df30d7050dde7d350fca/element'
10:17:13.330 [AsyncHttpClient-1-2] DEBUG org.asynchttpclient.netty.handler.HttpHandler - 

Request DefaultHttpRequest(decodeResult: success, version: HTTP/1.1)
POST /session/b0515aa39615df30d7050dde7d350fca/element HTTP/1.1
User-Agent: selenium/4.1.2 (java windows)
Content-Length: 56
Content-Type: application/json; charset=utf-8
host: localhost:58317
accept: */*

Response DefaultHttpResponse(decodeResult: success, version: HTTP/1.1)
HTTP/1.1 200 OK
Content-Type: application/json; charset=utf-8
cache-control: no-cache
content-length: 88

10:17:13.330 [AsyncHttpClient-1-2] DEBUG org.asynchttpclient.netty.channel.ChannelManager - Adding key: http://localhost:58317 for channel [id: 0x1f673f30, L:/127.0.0.1:60475 - R:localhost/127.0.0.1:58317]
10:17:13.333 [Forwarding getElementTagName on session b0515aa39615df30d7050dde7d350fca to remote] DEBUG org.asynchttpclient.netty.request.NettyRequestSender - Using pooled Channel '[id: 0x1f673f30, L:/127.0.0.1:60475 - R:localhost/127.0.0.1:58317]' for 'GET' to 'http://localhost:58317/session/b0515aa39615df30d7050dde7d350fca/element/5cfc29e3-d404-487b-8b18-d394ed88f466/name'
10:17:13.334 [Forwarding getElementTagName on session b0515aa39615df30d7050dde7d350fca to remote] DEBUG org.asynchttpclient.netty.request.NettyRequestSender - Using open Channel [id: 0x1f673f30, L:/127.0.0.1:60475 - R:localhost/127.0.0.1:58317] for GET '/session/b0515aa39615df30d7050dde7d350fca/element/5cfc29e3-d404-487b-8b18-d394ed88f466/name'
10:17:13.339 [AsyncHttpClient-1-2] DEBUG org.asynchttpclient.netty.handler.HttpHandler - 

Request DefaultFullHttpRequest(decodeResult: success, version: HTTP/1.1, content: EmptyByteBufBE)
GET /session/b0515aa39615df30d7050dde7d350fca/element/5cfc29e3-d404-487b-8b18-d394ed88f466/name HTTP/1.1
User-Agent: selenium/4.1.2 (java windows)
Cache-Control: no-cache
Content-Type: application/json; charset=utf-8
host: localhost:58317
accept: */*

Response DefaultHttpResponse(decodeResult: success, version: HTTP/1.1)
HTTP/1.1 200 OK
Content-Type: application/json; charset=utf-8
cache-control: no-cache
content-length: 13

10:17:13.339 [AsyncHttpClient-1-2] DEBUG org.asynchttpclient.netty.channel.ChannelManager - Adding key: http://localhost:58317 for channel [id: 0x1f673f30, L:/127.0.0.1:60475 - R:localhost/127.0.0.1:58317]
10:17:13.344 [Forwarding getElementTagName on session b0515aa39615df30d7050dde7d350fca to remote] DEBUG org.asynchttpclient.netty.request.NettyRequestSender - Using pooled Channel '[id: 0x1f673f30, L:/127.0.0.1:60475 - R:localhost/127.0.0.1:58317]' for 'GET' to 'http://localhost:58317/session/b0515aa39615df30d7050dde7d350fca/element/5cfc29e3-d404-487b-8b18-d394ed88f466/name'
10:17:13.345 [Forwarding getElementTagName on session b0515aa39615df30d7050dde7d350fca to remote] DEBUG org.asynchttpclient.netty.request.NettyRequestSender - Using open Channel [id: 0x1f673f30, L:/127.0.0.1:60475 - R:localhost/127.0.0.1:58317] for GET '/session/b0515aa39615df30d7050dde7d350fca/element/5cfc29e3-d404-487b-8b18-d394ed88f466/name'
10:17:13.349 [AsyncHttpClient-1-2] DEBUG org.asynchttpclient.netty.handler.HttpHandler - 

Request DefaultFullHttpRequest(decodeResult: success, version: HTTP/1.1, content: EmptyByteBufBE)
GET /session/b0515aa39615df30d7050dde7d350fca/element/5cfc29e3-d404-487b-8b18-d394ed88f466/name HTTP/1.1
User-Agent: selenium/4.1.2 (java windows)
Cache-Control: no-cache
Content-Type: application/json; charset=utf-8
host: localhost:58317
accept: */*

Response DefaultHttpResponse(decodeResult: success, version: HTTP/1.1)
HTTP/1.1 200 OK
Content-Type: application/json; charset=utf-8
cache-control: no-cache
content-length: 13

10:17:13.350 [AsyncHttpClient-1-2] DEBUG org.asynchttpclient.netty.channel.ChannelManager - Adding key: http://localhost:58317 for channel [id: 0x1f673f30, L:/127.0.0.1:60475 - R:localhost/127.0.0.1:58317]
10:17:13.354 [Forwarding findElement on session b0515aa39615df30d7050dde7d350fca to remote] DEBUG org.asynchttpclient.netty.request.NettyRequestSender - Using pooled Channel '[id: 0x1f673f30, L:/127.0.0.1:60475 - R:localhost/127.0.0.1:58317]' for 'POST' to 'http://localhost:58317/session/b0515aa39615df30d7050dde7d350fca/element'
10:17:13.354 [Forwarding findElement on session b0515aa39615df30d7050dde7d350fca to remote] DEBUG org.asynchttpclient.netty.request.NettyRequestSender - Using open Channel [id: 0x1f673f30, L:/127.0.0.1:60475 - R:localhost/127.0.0.1:58317] for POST '/session/b0515aa39615df30d7050dde7d350fca/element'
10:17:13.362 [AsyncHttpClient-1-2] DEBUG org.asynchttpclient.netty.handler.HttpHandler - 

Request DefaultHttpRequest(decodeResult: success, version: HTTP/1.1)
POST /session/b0515aa39615df30d7050dde7d350fca/element HTTP/1.1
User-Agent: selenium/4.1.2 (java windows)
Content-Length: 56
Content-Type: application/json; charset=utf-8
host: localhost:58317
accept: */*

Response DefaultHttpResponse(decodeResult: success, version: HTTP/1.1)
HTTP/1.1 200 OK
Content-Type: application/json; charset=utf-8
cache-control: no-cache
content-length: 88

10:17:13.362 [AsyncHttpClient-1-2] DEBUG org.asynchttpclient.netty.channel.ChannelManager - Adding key: http://localhost:58317 for channel [id: 0x1f673f30, L:/127.0.0.1:60475 - R:localhost/127.0.0.1:58317]
10:17:13.365 [Forwarding clickElement on session b0515aa39615df30d7050dde7d350fca to remote] DEBUG org.asynchttpclient.netty.request.NettyRequestSender - Using pooled Channel '[id: 0x1f673f30, L:/127.0.0.1:60475 - R:localhost/127.0.0.1:58317]' for 'POST' to 'http://localhost:58317/session/b0515aa39615df30d7050dde7d350fca/element/5cfc29e3-d404-487b-8b18-d394ed88f466/click'
10:17:13.366 [Forwarding clickElement on session b0515aa39615df30d7050dde7d350fca to remote] DEBUG org.asynchttpclient.netty.request.NettyRequestSender - Using open Channel [id: 0x1f673f30, L:/127.0.0.1:60475 - R:localhost/127.0.0.1:58317] for POST '/session/b0515aa39615df30d7050dde7d350fca/element/5cfc29e3-d404-487b-8b18-d394ed88f466/click'
10:17:13.615 [AsyncHttpClient-1-2] DEBUG org.asynchttpclient.netty.handler.HttpHandler - 

Request DefaultHttpRequest(decodeResult: success, version: HTTP/1.1)
POST /session/b0515aa39615df30d7050dde7d350fca/element/5cfc29e3-d404-487b-8b18-d394ed88f466/click HTTP/1.1
User-Agent: selenium/4.1.2 (java windows)
Content-Length: 50
Content-Type: application/json; charset=utf-8
host: localhost:58317
accept: */*

Response DefaultHttpResponse(decodeResult: success, version: HTTP/1.1)
HTTP/1.1 200 OK
Content-Type: application/json; charset=utf-8
cache-control: no-cache
content-length: 14

10:17:13.615 [AsyncHttpClient-1-2] DEBUG org.asynchttpclient.netty.channel.ChannelManager - Adding key: http://localhost:58317 for channel [id: 0x1f673f30, L:/127.0.0.1:60475 - R:localhost/127.0.0.1:58317]
10:17:13.628 [Forwarding screenshot on session b0515aa39615df30d7050dde7d350fca to remote] DEBUG org.asynchttpclient.netty.request.NettyRequestSender - Using pooled Channel '[id: 0x1f673f30, L:/127.0.0.1:60475 - R:localhost/127.0.0.1:58317]' for 'GET' to 'http://localhost:58317/session/b0515aa39615df30d7050dde7d350fca/screenshot'
10:17:13.628 [Forwarding screenshot on session b0515aa39615df30d7050dde7d350fca to remote] DEBUG org.asynchttpclient.netty.request.NettyRequestSender - Using open Channel [id: 0x1f673f30, L:/127.0.0.1:60475 - R:localhost/127.0.0.1:58317] for GET '/session/b0515aa39615df30d7050dde7d350fca/screenshot'
10:17:14.005 [AsyncHttpClient-1-1] DEBUG org.asynchttpclient.netty.channel.DefaultChannelPool - Entry count for : http://localhost:60477 : 1
10:17:14.267 [AsyncHttpClient-1-2] DEBUG org.asynchttpclient.netty.handler.HttpHandler - 

Request DefaultFullHttpRequest(decodeResult: success, version: HTTP/1.1, content: EmptyByteBufBE)
GET /session/b0515aa39615df30d7050dde7d350fca/screenshot HTTP/1.1
User-Agent: selenium/4.1.2 (java windows)
Cache-Control: no-cache
Content-Type: application/json; charset=utf-8
host: localhost:58317
accept: */*

Response DefaultHttpResponse(decodeResult: success, version: HTTP/1.1)
HTTP/1.1 200 OK
Content-Type: application/json; charset=utf-8
cache-control: no-cache
content-length: 880936

10:17:14.274 [AsyncHttpClient-1-2] DEBUG org.asynchttpclient.netty.channel.ChannelManager - Adding key: http://localhost:58317 for channel [id: 0x1f673f30, L:/127.0.0.1:60475 - R:localhost/127.0.0.1:58317]
10:17:14.340 [main] DEBUG net.serenitybdd.core.photography.Darkroom - Send negative for processing for target\site\serenity\9216d6c952c2ee5dbc169d53029b61b8c31ba0d22f9407b9ecfc4107ff8168f8.png
10:17:14.341 [main] DEBUG net.thucydides.core.steps.StepInterceptor - STEP DONE: clickIconAccount
10:17:14.341 [Darkroom Processing Line] DEBUG net.serenitybdd.core.photography.DarkroomProcessingLine - Processing screenshot image in /var/screenshots/screenshot-11589713775525660112
10:17:14.341 [Darkroom Processing Line] DEBUG net.serenitybdd.core.photography.DarkroomProcessingLine - Saving screenshot to target\site\serenity\9216d6c952c2ee5dbc169d53029b61b8c31ba0d22f9407b9ecfc4107ff8168f8.png
10:17:14.352 [main] DEBUG net.thucydides.core.steps.StepInterceptor - STARTING STEP: LoginStepDefinitions.iAmOnLoginPage - validateLoginFormIsApp
10:17:14.355 [Forwarding findElement on session b0515aa39615df30d7050dde7d350fca to remote] DEBUG org.asynchttpclient.netty.request.NettyRequestSender - Using pooled Channel '[id: 0x1f673f30, L:/127.0.0.1:60475 - R:localhost/127.0.0.1:58317]' for 'POST' to 'http://localhost:58317/session/b0515aa39615df30d7050dde7d350fca/element'
10:17:14.355 [Forwarding findElement on session b0515aa39615df30d7050dde7d350fca to remote] DEBUG org.asynchttpclient.netty.request.NettyRequestSender - Using open Channel [id: 0x1f673f30, L:/127.0.0.1:60475 - R:localhost/127.0.0.1:58317] for POST '/session/b0515aa39615df30d7050dde7d350fca/element'
10:17:14.372 [AsyncHttpClient-1-2] DEBUG org.asynchttpclient.netty.handler.HttpHandler - 

Request DefaultHttpRequest(decodeResult: success, version: HTTP/1.1)
POST /session/b0515aa39615df30d7050dde7d350fca/element HTTP/1.1
User-Agent: selenium/4.1.2 (java windows)
Content-Length: 103
Content-Type: application/json; charset=utf-8
host: localhost:58317
accept: */*

Response DefaultHttpResponse(decodeResult: success, version: HTTP/1.1)
HTTP/1.1 200 OK
Content-Type: application/json; charset=utf-8
cache-control: no-cache
content-length: 88

10:17:14.372 [AsyncHttpClient-1-2] DEBUG org.asynchttpclient.netty.channel.ChannelManager - Adding key: http://localhost:58317 for channel [id: 0x1f673f30, L:/127.0.0.1:60475 - R:localhost/127.0.0.1:58317]
10:17:14.381 [Forwarding isElementDisplayed on session b0515aa39615df30d7050dde7d350fca to remote] DEBUG org.asynchttpclient.netty.request.NettyRequestSender - Using pooled Channel '[id: 0x1f673f30, L:/127.0.0.1:60475 - R:localhost/127.0.0.1:58317]' for 'POST' to 'http://localhost:58317/session/b0515aa39615df30d7050dde7d350fca/execute/sync'
10:17:14.381 [Forwarding isElementDisplayed on session b0515aa39615df30d7050dde7d350fca to remote] DEBUG org.asynchttpclient.netty.request.NettyRequestSender - Using open Channel [id: 0x1f673f30, L:/127.0.0.1:60475 - R:localhost/127.0.0.1:58317] for POST '/session/b0515aa39615df30d7050dde7d350fca/execute/sync'
10:17:14.400 [AsyncHttpClient-1-2] DEBUG org.asynchttpclient.netty.handler.HttpHandler - 

Request DefaultHttpRequest(decodeResult: success, version: HTTP/1.1)
POST /session/b0515aa39615df30d7050dde7d350fca/execute/sync HTTP/1.1
User-Agent: selenium/4.1.2 (java windows)
Content-Length: 48780
Content-Type: application/json; charset=utf-8
host: localhost:58317
accept: */*

Response DefaultHttpResponse(decodeResult: success, version: HTTP/1.1)
HTTP/1.1 200 OK
Content-Type: application/json; charset=utf-8
cache-control: no-cache
content-length: 14

10:17:14.400 [AsyncHttpClient-1-2] DEBUG org.asynchttpclient.netty.channel.ChannelManager - Adding key: http://localhost:58317 for channel [id: 0x1f673f30, L:/127.0.0.1:60475 - R:localhost/127.0.0.1:58317]
10:17:14.406 [Forwarding screenshot on session b0515aa39615df30d7050dde7d350fca to remote] DEBUG org.asynchttpclient.netty.request.NettyRequestSender - Using pooled Channel '[id: 0x1f673f30, L:/127.0.0.1:60475 - R:localhost/127.0.0.1:58317]' for 'GET' to 'http://localhost:58317/session/b0515aa39615df30d7050dde7d350fca/screenshot'
10:17:14.407 [Forwarding screenshot on session b0515aa39615df30d7050dde7d350fca to remote] DEBUG org.asynchttpclient.netty.request.NettyRequestSender - Using open Channel [id: 0x1f673f30, L:/127.0.0.1:60475 - R:localhost/127.0.0.1:58317] for GET '/session/b0515aa39615df30d7050dde7d350fca/screenshot'
10:17:14.727 [AsyncHttpClient-1-2] DEBUG org.asynchttpclient.netty.handler.HttpHandler - 

Request DefaultFullHttpRequest(decodeResult: success, version: HTTP/1.1, content: EmptyByteBufBE)
GET /session/b0515aa39615df30d7050dde7d350fca/screenshot HTTP/1.1
User-Agent: selenium/4.1.2 (java windows)
Cache-Control: no-cache
Content-Type: application/json; charset=utf-8
host: localhost:58317
accept: */*

Response DefaultHttpResponse(decodeResult: success, version: HTTP/1.1)
HTTP/1.1 200 OK
Content-Type: application/json; charset=utf-8
cache-control: no-cache
content-length: 511908

10:17:14.732 [AsyncHttpClient-1-2] DEBUG org.asynchttpclient.netty.channel.ChannelManager - Adding key: http://localhost:58317 for channel [id: 0x1f673f30, L:/127.0.0.1:60475 - R:localhost/127.0.0.1:58317]
10:17:14.750 [main] DEBUG net.serenitybdd.core.photography.Darkroom - Send negative for processing for target\site\serenity\aba4c1d7d1d8973621ee9431231b2e62e1f98aac0993cbb2720a7b53389ff7c5.png
10:17:14.751 [main] DEBUG net.thucydides.core.steps.StepInterceptor - STEP DONE: validateLoginFormIsApp
10:17:14.751 [Darkroom Processing Line] DEBUG net.serenitybdd.core.photography.DarkroomProcessingLine - Processing screenshot image in /var/screenshots/screenshot-3297648573040984845
10:17:14.751 [Darkroom Processing Line] DEBUG net.serenitybdd.core.photography.DarkroomProcessingLine - Saving screenshot to target\site\serenity\aba4c1d7d1d8973621ee9431231b2e62e1f98aac0993cbb2720a7b53389ff7c5.png
  &amp#27;[32mGiven &amp#27;[0m&amp#27;[32mi am on login page&amp#27;[0m                         &amp#27;[90m# starter.stepdefinitions.LoginStepDefinitions.iAmOnLoginPage()&amp#27;[0m
10:17:14.781 [main] DEBUG net.thucydides.core.steps.StepInterceptor - STARTING STEP: LoginStepDefinitions.iInputUsername - inputUsername
10:17:14.785 [Forwarding findElement on session b0515aa39615df30d7050dde7d350fca to remote] DEBUG org.asynchttpclient.netty.request.NettyRequestSender - Using pooled Channel '[id: 0x1f673f30, L:/127.0.0.1:60475 - R:localhost/127.0.0.1:58317]' for 'POST' to 'http://localhost:58317/session/b0515aa39615df30d7050dde7d350fca/element'
10:17:14.785 [Forwarding findElement on session b0515aa39615df30d7050dde7d350fca to remote] DEBUG org.asynchttpclient.netty.request.NettyRequestSender - Using open Channel [id: 0x1f673f30, L:/127.0.0.1:60475 - R:localhost/127.0.0.1:58317] for POST '/session/b0515aa39615df30d7050dde7d350fca/element'
10:17:14.799 [AsyncHttpClient-1-2] DEBUG org.asynchttpclient.netty.handler.HttpHandler - 

Request DefaultHttpRequest(decodeResult: success, version: HTTP/1.1)
POST /session/b0515aa39615df30d7050dde7d350fca/element HTTP/1.1
User-Agent: selenium/4.1.2 (java windows)
Content-Length: 53
Content-Type: application/json; charset=utf-8
host: localhost:58317
accept: */*

Response DefaultHttpResponse(decodeResult: success, version: HTTP/1.1)
HTTP/1.1 200 OK
Content-Type: application/json; charset=utf-8
cache-control: no-cache
content-length: 88

10:17:14.799 [AsyncHttpClient-1-2] DEBUG org.asynchttpclient.netty.channel.ChannelManager - Adding key: http://localhost:58317 for channel [id: 0x1f673f30, L:/127.0.0.1:60475 - R:localhost/127.0.0.1:58317]
10:17:14.802 [Forwarding clearElement on session b0515aa39615df30d7050dde7d350fca to remote] DEBUG org.asynchttpclient.netty.request.NettyRequestSender - Using pooled Channel '[id: 0x1f673f30, L:/127.0.0.1:60475 - R:localhost/127.0.0.1:58317]' for 'POST' to 'http://localhost:58317/session/b0515aa39615df30d7050dde7d350fca/element/cd8fd997-0dab-4694-a3d1-3e958e3d2627/clear'
10:17:14.802 [Forwarding clearElement on session b0515aa39615df30d7050dde7d350fca to remote] DEBUG org.asynchttpclient.netty.request.NettyRequestSender - Using open Channel [id: 0x1f673f30, L:/127.0.0.1:60475 - R:localhost/127.0.0.1:58317] for POST '/session/b0515aa39615df30d7050dde7d350fca/element/cd8fd997-0dab-4694-a3d1-3e958e3d2627/clear'
10:17:14.837 [AsyncHttpClient-1-2] DEBUG org.asynchttpclient.netty.handler.HttpHandler - 

Request DefaultHttpRequest(decodeResult: success, version: HTTP/1.1)
POST /session/b0515aa39615df30d7050dde7d350fca/element/cd8fd997-0dab-4694-a3d1-3e958e3d2627/clear HTTP/1.1
User-Agent: selenium/4.1.2 (java windows)
Content-Length: 50
Content-Type: application/json; charset=utf-8
host: localhost:58317
accept: */*

Response DefaultHttpResponse(decodeResult: success, version: HTTP/1.1)
HTTP/1.1 200 OK
Content-Type: application/json; charset=utf-8
cache-control: no-cache
content-length: 14

10:17:14.837 [AsyncHttpClient-1-2] DEBUG org.asynchttpclient.netty.channel.ChannelManager - Adding key: http://localhost:58317 for channel [id: 0x1f673f30, L:/127.0.0.1:60475 - R:localhost/127.0.0.1:58317]
10:17:14.840 [Forwarding sendKeysToElement on session b0515aa39615df30d7050dde7d350fca to remote] DEBUG org.asynchttpclient.netty.request.NettyRequestSender - Using pooled Channel '[id: 0x1f673f30, L:/127.0.0.1:60475 - R:localhost/127.0.0.1:58317]' for 'POST' to 'http://localhost:58317/session/b0515aa39615df30d7050dde7d350fca/element/cd8fd997-0dab-4694-a3d1-3e958e3d2627/value'
10:17:14.840 [Forwarding sendKeysToElement on session b0515aa39615df30d7050dde7d350fca to remote] DEBUG org.asynchttpclient.netty.request.NettyRequestSender - Using open Channel [id: 0x1f673f30, L:/127.0.0.1:60475 - R:localhost/127.0.0.1:58317] for POST '/session/b0515aa39615df30d7050dde7d350fca/element/cd8fd997-0dab-4694-a3d1-3e958e3d2627/value'
10:17:14.997 [AsyncHttpClient-1-2] DEBUG org.asynchttpclient.netty.handler.HttpHandler - 

Request DefaultHttpRequest(decodeResult: success, version: HTTP/1.1)
POST /session/b0515aa39615df30d7050dde7d350fca/element/cd8fd997-0dab-4694-a3d1-3e958e3d2627/value HTTP/1.1
User-Agent: selenium/4.1.2 (java windows)
Content-Length: 321
Content-Type: application/json; charset=utf-8
host: localhost:58317
accept: */*

Response DefaultHttpResponse(decodeResult: success, version: HTTP/1.1)
HTTP/1.1 200 OK
Content-Type: application/json; charset=utf-8
cache-control: no-cache
content-length: 14

10:17:14.997 [AsyncHttpClient-1-2] DEBUG org.asynchttpclient.netty.channel.ChannelManager - Adding key: http://localhost:58317 for channel [id: 0x1f673f30, L:/127.0.0.1:60475 - R:localhost/127.0.0.1:58317]
10:17:15.004 [Forwarding screenshot on session b0515aa39615df30d7050dde7d350fca to remote] DEBUG org.asynchttpclient.netty.request.NettyRequestSender - Using pooled Channel '[id: 0x1f673f30, L:/127.0.0.1:60475 - R:localhost/127.0.0.1:58317]' for 'GET' to 'http://localhost:58317/session/b0515aa39615df30d7050dde7d350fca/screenshot'
10:17:15.005 [Forwarding screenshot on session b0515aa39615df30d7050dde7d350fca to remote] DEBUG org.asynchttpclient.netty.request.NettyRequestSender - Using open Channel [id: 0x1f673f30, L:/127.0.0.1:60475 - R:localhost/127.0.0.1:58317] for GET '/session/b0515aa39615df30d7050dde7d350fca/screenshot'
10:17:15.105 [AsyncHttpClient-1-1] DEBUG org.asynchttpclient.netty.channel.DefaultChannelPool - Entry count for : http://localhost:60477 : 1
10:17:15.226 [AsyncHttpClient-1-2] DEBUG org.asynchttpclient.netty.handler.HttpHandler - 

Request DefaultFullHttpRequest(decodeResult: success, version: HTTP/1.1, content: EmptyByteBufBE)
GET /session/b0515aa39615df30d7050dde7d350fca/screenshot HTTP/1.1
User-Agent: selenium/4.1.2 (java windows)
Cache-Control: no-cache
Content-Type: application/json; charset=utf-8
host: localhost:58317
accept: */*

Response DefaultHttpResponse(decodeResult: success, version: HTTP/1.1)
HTTP/1.1 200 OK
Content-Type: application/json; charset=utf-8
cache-control: no-cache
content-length: 442244

10:17:15.228 [AsyncHttpClient-1-2] DEBUG org.asynchttpclient.netty.channel.ChannelManager - Adding key: http://localhost:58317 for channel [id: 0x1f673f30, L:/127.0.0.1:60475 - R:localhost/127.0.0.1:58317]
10:17:15.238 [main] DEBUG net.serenitybdd.core.photography.Darkroom - Send negative for processing for target\site\serenity\a8fc70a2a22c450831c6d522fc87aad5a3a4b08e57ff93d8eab23126e6fbbadb.png
10:17:15.238 [main] DEBUG net.thucydides.core.steps.StepInterceptor - STEP DONE: inputUsername
  &amp#27;[32mWhen &amp#27;[0m&amp#27;[32mi input &amp#27;[0m&amp#27;[32m&amp#27;[1m"dummyforta2022@gmail.com"&amp#27;[0m&amp#27;[32m username&amp#27;[0m &amp#27;[90m# starter.stepdefinitions.LoginStepDefinitions.iInputUsername(java.lang.String)&amp#27;[0m
10:17:15.238 [Darkroom Processing Line] DEBUG net.serenitybdd.core.photography.DarkroomProcessingLine - Processing screenshot image in /var/screenshots/screenshot-16536185879857836596
10:17:15.238 [Darkroom Processing Line] DEBUG net.serenitybdd.core.photography.DarkroomProcessingLine - Saving screenshot to target\site\serenity\a8fc70a2a22c450831c6d522fc87aad5a3a4b08e57ff93d8eab23126e6fbbadb.png
10:17:15.253 [main] DEBUG net.thucydides.core.steps.StepInterceptor - STARTING STEP: LoginStepDefinitions.iInputPassword - inputPassword
10:17:15.258 [Forwarding findElement on session b0515aa39615df30d7050dde7d350fca to remote] DEBUG org.asynchttpclient.netty.request.NettyRequestSender - Using pooled Channel '[id: 0x1f673f30, L:/127.0.0.1:60475 - R:localhost/127.0.0.1:58317]' for 'POST' to 'http://localhost:58317/session/b0515aa39615df30d7050dde7d350fca/element'
10:17:15.258 [Forwarding findElement on session b0515aa39615df30d7050dde7d350fca to remote] DEBUG org.asynchttpclient.netty.request.NettyRequestSender - Using open Channel [id: 0x1f673f30, L:/127.0.0.1:60475 - R:localhost/127.0.0.1:58317] for POST '/session/b0515aa39615df30d7050dde7d350fca/element'
10:17:15.268 [AsyncHttpClient-1-2] DEBUG org.asynchttpclient.netty.handler.HttpHandler - 

Request DefaultHttpRequest(decodeResult: success, version: HTTP/1.1)
POST /session/b0515aa39615df30d7050dde7d350fca/element HTTP/1.1
User-Agent: selenium/4.1.2 (java windows)
Content-Length: 53
Content-Type: application/json; charset=utf-8
host: localhost:58317
accept: */*

Response DefaultHttpResponse(decodeResult: success, version: HTTP/1.1)
HTTP/1.1 200 OK
Content-Type: application/json; charset=utf-8
cache-control: no-cache
content-length: 88

10:17:15.268 [AsyncHttpClient-1-2] DEBUG org.asynchttpclient.netty.channel.ChannelManager - Adding key: http://localhost:58317 for channel [id: 0x1f673f30, L:/127.0.0.1:60475 - R:localhost/127.0.0.1:58317]
10:17:15.271 [Forwarding clearElement on session b0515aa39615df30d7050dde7d350fca to remote] DEBUG org.asynchttpclient.netty.request.NettyRequestSender - Using pooled Channel '[id: 0x1f673f30, L:/127.0.0.1:60475 - R:localhost/127.0.0.1:58317]' for 'POST' to 'http://localhost:58317/session/b0515aa39615df30d7050dde7d350fca/element/161cf598-e123-4341-9823-70f7f057bbf1/clear'
10:17:15.271 [Forwarding clearElement on session b0515aa39615df30d7050dde7d350fca to remote] DEBUG org.asynchttpclient.netty.request.NettyRequestSender - Using open Channel [id: 0x1f673f30, L:/127.0.0.1:60475 - R:localhost/127.0.0.1:58317] for POST '/session/b0515aa39615df30d7050dde7d350fca/element/161cf598-e123-4341-9823-70f7f057bbf1/clear'
10:17:15.311 [AsyncHttpClient-1-2] DEBUG org.asynchttpclient.netty.handler.HttpHandler - 

Request DefaultHttpRequest(decodeResult: success, version: HTTP/1.1)
POST /session/b0515aa39615df30d7050dde7d350fca/element/161cf598-e123-4341-9823-70f7f057bbf1/clear HTTP/1.1
User-Agent: selenium/4.1.2 (java windows)
Content-Length: 50
Content-Type: application/json; charset=utf-8
host: localhost:58317
accept: */*

Response DefaultHttpResponse(decodeResult: success, version: HTTP/1.1)
HTTP/1.1 200 OK
Content-Type: application/json; charset=utf-8
cache-control: no-cache
content-length: 14

10:17:15.311 [AsyncHttpClient-1-2] DEBUG org.asynchttpclient.netty.channel.ChannelManager - Adding key: http://localhost:58317 for channel [id: 0x1f673f30, L:/127.0.0.1:60475 - R:localhost/127.0.0.1:58317]
10:17:15.316 [Forwarding sendKeysToElement on session b0515aa39615df30d7050dde7d350fca to remote] DEBUG org.asynchttpclient.netty.request.NettyRequestSender - Using pooled Channel '[id: 0x1f673f30, L:/127.0.0.1:60475 - R:localhost/127.0.0.1:58317]' for 'POST' to 'http://localhost:58317/session/b0515aa39615df30d7050dde7d350fca/element/161cf598-e123-4341-9823-70f7f057bbf1/value'
10:17:15.316 [Forwarding sendKeysToElement on session b0515aa39615df30d7050dde7d350fca to remote] DEBUG org.asynchttpclient.netty.request.NettyRequestSender - Using open Channel [id: 0x1f673f30, L:/127.0.0.1:60475 - R:localhost/127.0.0.1:58317] for POST '/session/b0515aa39615df30d7050dde7d350fca/element/161cf598-e123-4341-9823-70f7f057bbf1/value'
10:17:15.385 [AsyncHttpClient-1-2] DEBUG org.asynchttpclient.netty.handler.HttpHandler - 

Request DefaultHttpRequest(decodeResult: success, version: HTTP/1.1)
POST /session/b0515aa39615df30d7050dde7d350fca/element/161cf598-e123-4341-9823-70f7f057bbf1/value HTTP/1.1
User-Agent: selenium/4.1.2 (java windows)
Content-Length: 211
Content-Type: application/json; charset=utf-8
host: localhost:58317
accept: */*

Response DefaultHttpResponse(decodeResult: success, version: HTTP/1.1)
HTTP/1.1 200 OK
Content-Type: application/json; charset=utf-8
cache-control: no-cache
content-length: 14

10:17:15.386 [AsyncHttpClient-1-2] DEBUG org.asynchttpclient.netty.channel.ChannelManager - Adding key: http://localhost:58317 for channel [id: 0x1f673f30, L:/127.0.0.1:60475 - R:localhost/127.0.0.1:58317]
10:17:15.394 [Forwarding screenshot on session b0515aa39615df30d7050dde7d350fca to remote] DEBUG org.asynchttpclient.netty.request.NettyRequestSender - Using pooled Channel '[id: 0x1f673f30, L:/127.0.0.1:60475 - R:localhost/127.0.0.1:58317]' for 'GET' to 'http://localhost:58317/session/b0515aa39615df30d7050dde7d350fca/screenshot'
10:17:15.395 [Forwarding screenshot on session b0515aa39615df30d7050dde7d350fca to remote] DEBUG org.asynchttpclient.netty.request.NettyRequestSender - Using open Channel [id: 0x1f673f30, L:/127.0.0.1:60475 - R:localhost/127.0.0.1:58317] for GET '/session/b0515aa39615df30d7050dde7d350fca/screenshot'
10:17:15.624 [AsyncHttpClient-1-2] DEBUG org.asynchttpclient.netty.handler.HttpHandler - 

Request DefaultFullHttpRequest(decodeResult: success, version: HTTP/1.1, content: EmptyByteBufBE)
GET /session/b0515aa39615df30d7050dde7d350fca/screenshot HTTP/1.1
User-Agent: selenium/4.1.2 (java windows)
Cache-Control: no-cache
Content-Type: application/json; charset=utf-8
host: localhost:58317
accept: */*

Response DefaultHttpResponse(decodeResult: success, version: HTTP/1.1)
HTTP/1.1 200 OK
Content-Type: application/json; charset=utf-8
cache-control: no-cache
content-length: 442876

10:17:15.627 [AsyncHttpClient-1-2] DEBUG org.asynchttpclient.netty.channel.ChannelManager - Adding key: http://localhost:58317 for channel [id: 0x1f673f30, L:/127.0.0.1:60475 - R:localhost/127.0.0.1:58317]
10:17:15.637 [main] DEBUG net.serenitybdd.core.photography.Darkroom - Send negative for processing for target\site\serenity\dd692e61bfc751f32533922925f3f27f80388ab915f610a4bac259032f4fbd9b.png
10:17:15.637 [main] DEBUG net.thucydides.core.steps.StepInterceptor - STEP DONE: inputPassword
  &amp#27;[32mAnd &amp#27;[0m&amp#27;[32mi input &amp#27;[0m&amp#27;[32m&amp#27;[1m"realgladz1511"&amp#27;[0m&amp#27;[32m password&amp#27;[0m             &amp#27;[90m# starter.stepdefinitions.LoginStepDefinitions.iInputPassword(java.lang.String)&amp#27;[0m
10:17:15.637 [Darkroom Processing Line] DEBUG net.serenitybdd.core.photography.DarkroomProcessingLine - Processing screenshot image in /var/screenshots/screenshot-14164480058996245308
10:17:15.637 [Darkroom Processing Line] DEBUG net.serenitybdd.core.photography.DarkroomProcessingLine - Saving screenshot to target\site\serenity\dd692e61bfc751f32533922925f3f27f80388ab915f610a4bac259032f4fbd9b.png
10:17:15.652 [main] DEBUG net.thucydides.core.steps.StepInterceptor - STARTING STEP: LoginStepDefinitions.clickLoginButton - clickLoginButton
10:17:15.657 [Forwarding findElement on session b0515aa39615df30d7050dde7d350fca to remote] DEBUG org.asynchttpclient.netty.request.NettyRequestSender - Using pooled Channel '[id: 0x1f673f30, L:/127.0.0.1:60475 - R:localhost/127.0.0.1:58317]' for 'POST' to 'http://localhost:58317/session/b0515aa39615df30d7050dde7d350fca/element'
10:17:15.657 [Forwarding findElement on session b0515aa39615df30d7050dde7d350fca to remote] DEBUG org.asynchttpclient.netty.request.NettyRequestSender - Using open Channel [id: 0x1f673f30, L:/127.0.0.1:60475 - R:localhost/127.0.0.1:58317] for POST '/session/b0515aa39615df30d7050dde7d350fca/element'
10:17:15.669 [AsyncHttpClient-1-2] DEBUG org.asynchttpclient.netty.handler.HttpHandler - 

Request DefaultHttpRequest(decodeResult: success, version: HTTP/1.1)
POST /session/b0515aa39615df30d7050dde7d350fca/element HTTP/1.1
User-Agent: selenium/4.1.2 (java windows)
Content-Length: 59
Content-Type: application/json; charset=utf-8
host: localhost:58317
accept: */*

Response DefaultHttpResponse(decodeResult: success, version: HTTP/1.1)
HTTP/1.1 200 OK
Content-Type: application/json; charset=utf-8
cache-control: no-cache
content-length: 88

10:17:15.669 [AsyncHttpClient-1-2] DEBUG org.asynchttpclient.netty.channel.ChannelManager - Adding key: http://localhost:58317 for channel [id: 0x1f673f30, L:/127.0.0.1:60475 - R:localhost/127.0.0.1:58317]
10:17:15.672 [Forwarding getElementTagName on session b0515aa39615df30d7050dde7d350fca to remote] DEBUG org.asynchttpclient.netty.request.NettyRequestSender - Using pooled Channel '[id: 0x1f673f30, L:/127.0.0.1:60475 - R:localhost/127.0.0.1:58317]' for 'GET' to 'http://localhost:58317/session/b0515aa39615df30d7050dde7d350fca/element/6a513e13-149e-4c9e-894f-4f452bc05f97/name'
10:17:15.672 [Forwarding getElementTagName on session b0515aa39615df30d7050dde7d350fca to remote] DEBUG org.asynchttpclient.netty.request.NettyRequestSender - Using open Channel [id: 0x1f673f30, L:/127.0.0.1:60475 - R:localhost/127.0.0.1:58317] for GET '/session/b0515aa39615df30d7050dde7d350fca/element/6a513e13-149e-4c9e-894f-4f452bc05f97/name'
10:17:15.677 [AsyncHttpClient-1-2] DEBUG org.asynchttpclient.netty.handler.HttpHandler - 

Request DefaultFullHttpRequest(decodeResult: success, version: HTTP/1.1, content: EmptyByteBufBE)
GET /session/b0515aa39615df30d7050dde7d350fca/element/6a513e13-149e-4c9e-894f-4f452bc05f97/name HTTP/1.1
User-Agent: selenium/4.1.2 (java windows)
Cache-Control: no-cache
Content-Type: application/json; charset=utf-8
host: localhost:58317
accept: */*

Response DefaultHttpResponse(decodeResult: success, version: HTTP/1.1)
HTTP/1.1 200 OK
Content-Type: application/json; charset=utf-8
cache-control: no-cache
content-length: 18

10:17:15.677 [AsyncHttpClient-1-2] DEBUG org.asynchttpclient.netty.channel.ChannelManager - Adding key: http://localhost:58317 for channel [id: 0x1f673f30, L:/127.0.0.1:60475 - R:localhost/127.0.0.1:58317]
10:17:15.679 [Forwarding getElementTagName on session b0515aa39615df30d7050dde7d350fca to remote] DEBUG org.asynchttpclient.netty.request.NettyRequestSender - Using pooled Channel '[id: 0x1f673f30, L:/127.0.0.1:60475 - R:localhost/127.0.0.1:58317]' for 'GET' to 'http://localhost:58317/session/b0515aa39615df30d7050dde7d350fca/element/6a513e13-149e-4c9e-894f-4f452bc05f97/name'
10:17:15.679 [Forwarding getElementTagName on session b0515aa39615df30d7050dde7d350fca to remote] DEBUG org.asynchttpclient.netty.request.NettyRequestSender - Using open Channel [id: 0x1f673f30, L:/127.0.0.1:60475 - R:localhost/127.0.0.1:58317] for GET '/session/b0515aa39615df30d7050dde7d350fca/element/6a513e13-149e-4c9e-894f-4f452bc05f97/name'
10:17:15.684 [AsyncHttpClient-1-2] DEBUG org.asynchttpclient.netty.handler.HttpHandler - 

Request DefaultFullHttpRequest(decodeResult: success, version: HTTP/1.1, content: EmptyByteBufBE)
GET /session/b0515aa39615df30d7050dde7d350fca/element/6a513e13-149e-4c9e-894f-4f452bc05f97/name HTTP/1.1
User-Agent: selenium/4.1.2 (java windows)
Cache-Control: no-cache
Content-Type: application/json; charset=utf-8
host: localhost:58317
accept: */*

Response DefaultHttpResponse(decodeResult: success, version: HTTP/1.1)
HTTP/1.1 200 OK
Content-Type: application/json; charset=utf-8
cache-control: no-cache
content-length: 18

10:17:15.684 [AsyncHttpClient-1-2] DEBUG org.asynchttpclient.netty.channel.ChannelManager - Adding key: http://localhost:58317 for channel [id: 0x1f673f30, L:/127.0.0.1:60475 - R:localhost/127.0.0.1:58317]
10:17:15.689 [Forwarding isElementEnabled on session b0515aa39615df30d7050dde7d350fca to remote] DEBUG org.asynchttpclient.netty.request.NettyRequestSender - Using pooled Channel '[id: 0x1f673f30, L:/127.0.0.1:60475 - R:localhost/127.0.0.1:58317]' for 'GET' to 'http://localhost:58317/session/b0515aa39615df30d7050dde7d350fca/element/6a513e13-149e-4c9e-894f-4f452bc05f97/enabled'
10:17:15.689 [Forwarding isElementEnabled on session b0515aa39615df30d7050dde7d350fca to remote] DEBUG org.asynchttpclient.netty.request.NettyRequestSender - Using open Channel [id: 0x1f673f30, L:/127.0.0.1:60475 - R:localhost/127.0.0.1:58317] for GET '/session/b0515aa39615df30d7050dde7d350fca/element/6a513e13-149e-4c9e-894f-4f452bc05f97/enabled'
10:17:15.699 [AsyncHttpClient-1-2] DEBUG org.asynchttpclient.netty.handler.HttpHandler - 

Request DefaultFullHttpRequest(decodeResult: success, version: HTTP/1.1, content: EmptyByteBufBE)
GET /session/b0515aa39615df30d7050dde7d350fca/element/6a513e13-149e-4c9e-894f-4f452bc05f97/enabled HTTP/1.1
User-Agent: selenium/4.1.2 (java windows)
Cache-Control: no-cache
Content-Type: application/json; charset=utf-8
host: localhost:58317
accept: */*

Response DefaultHttpResponse(decodeResult: success, version: HTTP/1.1)
HTTP/1.1 200 OK
Content-Type: application/json; charset=utf-8
cache-control: no-cache
content-length: 14

10:17:15.699 [AsyncHttpClient-1-2] DEBUG org.asynchttpclient.netty.channel.ChannelManager - Adding key: http://localhost:58317 for channel [id: 0x1f673f30, L:/127.0.0.1:60475 - R:localhost/127.0.0.1:58317]
10:17:15.702 [Forwarding isElementEnabled on session b0515aa39615df30d7050dde7d350fca to remote] DEBUG org.asynchttpclient.netty.request.NettyRequestSender - Using pooled Channel '[id: 0x1f673f30, L:/127.0.0.1:60475 - R:localhost/127.0.0.1:58317]' for 'GET' to 'http://localhost:58317/session/b0515aa39615df30d7050dde7d350fca/element/6a513e13-149e-4c9e-894f-4f452bc05f97/enabled'
10:17:15.702 [Forwarding isElementEnabled on session b0515aa39615df30d7050dde7d350fca to remote] DEBUG org.asynchttpclient.netty.request.NettyRequestSender - Using open Channel [id: 0x1f673f30, L:/127.0.0.1:60475 - R:localhost/127.0.0.1:58317] for GET '/session/b0515aa39615df30d7050dde7d350fca/element/6a513e13-149e-4c9e-894f-4f452bc05f97/enabled'
10:17:15.707 [AsyncHttpClient-1-2] DEBUG org.asynchttpclient.netty.handler.HttpHandler - 

Request DefaultFullHttpRequest(decodeResult: success, version: HTTP/1.1, content: EmptyByteBufBE)
GET /session/b0515aa39615df30d7050dde7d350fca/element/6a513e13-149e-4c9e-894f-4f452bc05f97/enabled HTTP/1.1
User-Agent: selenium/4.1.2 (java windows)
Cache-Control: no-cache
Content-Type: application/json; charset=utf-8
host: localhost:58317
accept: */*

Response DefaultHttpResponse(decodeResult: success, version: HTTP/1.1)
HTTP/1.1 200 OK
Content-Type: application/json; charset=utf-8
cache-control: no-cache
content-length: 14

10:17:15.707 [AsyncHttpClient-1-2] DEBUG org.asynchttpclient.netty.channel.ChannelManager - Adding key: http://localhost:58317 for channel [id: 0x1f673f30, L:/127.0.0.1:60475 - R:localhost/127.0.0.1:58317]
10:17:15.712 [Forwarding findElement on session b0515aa39615df30d7050dde7d350fca to remote] DEBUG org.asynchttpclient.netty.request.NettyRequestSender - Using pooled Channel '[id: 0x1f673f30, L:/127.0.0.1:60475 - R:localhost/127.0.0.1:58317]' for 'POST' to 'http://localhost:58317/session/b0515aa39615df30d7050dde7d350fca/element'
10:17:15.712 [Forwarding findElement on session b0515aa39615df30d7050dde7d350fca to remote] DEBUG org.asynchttpclient.netty.request.NettyRequestSender - Using open Channel [id: 0x1f673f30, L:/127.0.0.1:60475 - R:localhost/127.0.0.1:58317] for POST '/session/b0515aa39615df30d7050dde7d350fca/element'
10:17:15.719 [AsyncHttpClient-1-2] DEBUG org.asynchttpclient.netty.handler.HttpHandler - 

Request DefaultHttpRequest(decodeResult: success, version: HTTP/1.1)
POST /session/b0515aa39615df30d7050dde7d350fca/element HTTP/1.1
User-Agent: selenium/4.1.2 (java windows)
Content-Length: 59
Content-Type: application/json; charset=utf-8
host: localhost:58317
accept: */*

Response DefaultHttpResponse(decodeResult: success, version: HTTP/1.1)
HTTP/1.1 200 OK
Content-Type: application/json; charset=utf-8
cache-control: no-cache
content-length: 88

10:17:15.719 [AsyncHttpClient-1-2] DEBUG org.asynchttpclient.netty.channel.ChannelManager - Adding key: http://localhost:58317 for channel [id: 0x1f673f30, L:/127.0.0.1:60475 - R:localhost/127.0.0.1:58317]
10:17:15.724 [Forwarding clickElement on session b0515aa39615df30d7050dde7d350fca to remote] DEBUG org.asynchttpclient.netty.request.NettyRequestSender - Using pooled Channel '[id: 0x1f673f30, L:/127.0.0.1:60475 - R:localhost/127.0.0.1:58317]' for 'POST' to 'http://localhost:58317/session/b0515aa39615df30d7050dde7d350fca/element/6a513e13-149e-4c9e-894f-4f452bc05f97/click'
10:17:15.724 [Forwarding clickElement on session b0515aa39615df30d7050dde7d350fca to remote] DEBUG org.asynchttpclient.netty.request.NettyRequestSender - Using open Channel [id: 0x1f673f30, L:/127.0.0.1:60475 - R:localhost/127.0.0.1:58317] for POST '/session/b0515aa39615df30d7050dde7d350fca/element/6a513e13-149e-4c9e-894f-4f452bc05f97/click'
10:17:16.207 [AsyncHttpClient-1-1] DEBUG org.asynchttpclient.netty.channel.DefaultChannelPool - Entry count for : http://localhost:60477 : 1
10:17:17.306 [AsyncHttpClient-1-1] DEBUG org.asynchttpclient.netty.channel.DefaultChannelPool - Entry count for : http://localhost:60477 : 1
10:17:18.410 [AsyncHttpClient-1-1] DEBUG org.asynchttpclient.netty.channel.DefaultChannelPool - Entry count for : http://localhost:60477 : 1
10:17:19.506 [AsyncHttpClient-1-1] DEBUG org.asynchttpclient.netty.channel.DefaultChannelPool - Entry count for : http://localhost:60477 : 1
10:17:20.606 [AsyncHttpClient-1-1] DEBUG org.asynchttpclient.netty.channel.DefaultChannelPool - Entry count for : http://localhost:60477 : 1
10:17:20.608 [AsyncHttpClient-1-2] DEBUG org.asynchttpclient.netty.handler.HttpHandler - 

Request DefaultHttpRequest(decodeResult: success, version: HTTP/1.1)
POST /session/b0515aa39615df30d7050dde7d350fca/element/6a513e13-149e-4c9e-894f-4f452bc05f97/click HTTP/1.1
User-Agent: selenium/4.1.2 (java windows)
Content-Length: 50
Content-Type: application/json; charset=utf-8
host: localhost:58317
accept: */*

Response DefaultHttpResponse(decodeResult: success, version: HTTP/1.1)
HTTP/1.1 200 OK
Content-Type: application/json; charset=utf-8
cache-control: no-cache
content-length: 14

10:17:20.608 [AsyncHttpClient-1-2] DEBUG org.asynchttpclient.netty.channel.ChannelManager - Adding key: http://localhost:58317 for channel [id: 0x1f673f30, L:/127.0.0.1:60475 - R:localhost/127.0.0.1:58317]
10:17:20.626 [Forwarding screenshot on session b0515aa39615df30d7050dde7d350fca to remote] DEBUG org.asynchttpclient.netty.request.NettyRequestSender - Using pooled Channel '[id: 0x1f673f30, L:/127.0.0.1:60475 - R:localhost/127.0.0.1:58317]' for 'GET' to 'http://localhost:58317/session/b0515aa39615df30d7050dde7d350fca/screenshot'
10:17:20.627 [Forwarding screenshot on session b0515aa39615df30d7050dde7d350fca to remote] DEBUG org.asynchttpclient.netty.request.NettyRequestSender - Using open Channel [id: 0x1f673f30, L:/127.0.0.1:60475 - R:localhost/127.0.0.1:58317] for GET '/session/b0515aa39615df30d7050dde7d350fca/screenshot'
10:17:21.159 [AsyncHttpClient-1-2] DEBUG org.asynchttpclient.netty.handler.HttpHandler - 

Request DefaultFullHttpRequest(decodeResult: success, version: HTTP/1.1, content: EmptyByteBufBE)
GET /session/b0515aa39615df30d7050dde7d350fca/screenshot HTTP/1.1
User-Agent: selenium/4.1.2 (java windows)
Cache-Control: no-cache
Content-Type: application/json; charset=utf-8
host: localhost:58317
accept: */*

Response DefaultHttpResponse(decodeResult: success, version: HTTP/1.1)
HTTP/1.1 200 OK
Content-Type: application/json; charset=utf-8
cache-control: no-cache
content-length: 1333828

10:17:21.159 [AsyncHttpClient-1-2] DEBUG org.asynchttpclient.netty.channel.ChannelManager - Adding key: http://localhost:58317 for channel [id: 0x1f673f30, L:/127.0.0.1:60475 - R:localhost/127.0.0.1:58317]
10:17:21.200 [main] DEBUG net.serenitybdd.core.photography.Darkroom - Send negative for processing for target\site\serenity\bd96a028fc5d4917b2607b4c6e89405172ffd55eea37c359ad0e345a22c24b31.png
10:17:21.201 [main] DEBUG net.thucydides.core.steps.StepInterceptor - STEP DONE: clickLoginButton
10:17:21.201 [Darkroom Processing Line] DEBUG net.serenitybdd.core.photography.DarkroomProcessingLine - Processing screenshot image in /var/screenshots/screenshot-14316935458717616260
10:17:21.201 [Darkroom Processing Line] DEBUG net.serenitybdd.core.photography.DarkroomProcessingLine - Saving screenshot to target\site\serenity\bd96a028fc5d4917b2607b4c6e89405172ffd55eea37c359ad0e345a22c24b31.png
  &amp#27;[32mAnd &amp#27;[0m&amp#27;[32mclick login button&amp#27;[0m                           &amp#27;[90m# starter.stepdefinitions.LoginStepDefinitions.clickLoginButton()&amp#27;[0m
10:17:21.229 [main] DEBUG net.thucydides.core.steps.StepInterceptor - STARTING STEP: LoginStepDefinitions.iGetThe - validateLoginFormIsApp
10:17:21.233 [Forwarding findElement on session b0515aa39615df30d7050dde7d350fca to remote] DEBUG org.asynchttpclient.netty.request.NettyRequestSender - Using pooled Channel '[id: 0x1f673f30, L:/127.0.0.1:60475 - R:localhost/127.0.0.1:58317]' for 'POST' to 'http://localhost:58317/session/b0515aa39615df30d7050dde7d350fca/element'
[...]
User-Agent: selenium/4.1.2 (java windows)
Cache-Control: no-cache
Content-Type: application/json; charset=utf-8
host: localhost:51659
accept: */*

Response DefaultHttpResponse(decodeResult: success, version: HTTP/1.1)
HTTP/1.1 200 OK
Content-Type: application/json; charset=utf-8
cache-control: no-cache
content-length: 14

10:18:43.530 [AsyncHttpClient-1-17] DEBUG org.asynchttpclient.netty.channel.ChannelManager - Adding key: http://localhost:51659 for channel [id: 0xea5129e1, L:/127.0.0.1:60786 - R:localhost/127.0.0.1:51659]
10:18:43.532 [Forwarding isElementEnabled on session 46fd43e49265f5dd8ac644e1c460e241 to remote] DEBUG org.asynchttpclient.netty.request.NettyRequestSender - Using pooled Channel '[id: 0xea5129e1, L:/127.0.0.1:60786 - R:localhost/127.0.0.1:51659]' for 'GET' to 'http://localhost:51659/session/46fd43e49265f5dd8ac644e1c460e241/element/438368ba-8b8c-4f55-b0cf-ffc8b79f1cde/enabled'
10:18:43.532 [Forwarding isElementEnabled on session 46fd43e49265f5dd8ac644e1c460e241 to remote] DEBUG org.asynchttpclient.netty.request.NettyRequestSender - Using open Channel [id: 0xea5129e1, L:/127.0.0.1:60786 - R:localhost/127.0.0.1:51659] for GET '/session/46fd43e49265f5dd8ac644e1c460e241/element/438368ba-8b8c-4f55-b0cf-ffc8b79f1cde/enabled'
10:18:43.537 [AsyncHttpClient-1-17] DEBUG org.asynchttpclient.netty.handler.HttpHandler - 

Request DefaultFullHttpRequest(decodeResult: success, version: HTTP/1.1, content: EmptyByteBufBE)
GET /session/46fd43e49265f5dd8ac644e1c460e241/element/438368ba-8b8c-4f55-b0cf-ffc8b79f1cde/enabled HTTP/1.1
User-Agent: selenium/4.1.2 (java windows)
Cache-Control: no-cache
Content-Type: application/json; charset=utf-8
host: localhost:51659
accept: */*

Response DefaultHttpResponse(decodeResult: success, version: HTTP/1.1)
HTTP/1.1 200 OK
Content-Type: application/json; charset=utf-8
cache-control: no-cache
content-length: 14

10:18:43.537 [AsyncHttpClient-1-17] DEBUG org.asynchttpclient.netty.channel.ChannelManager - Adding key: http://localhost:51659 for channel [id: 0xea5129e1, L:/127.0.0.1:60786 - R:localhost/127.0.0.1:51659]
10:18:43.540 [Forwarding findElement on session 46fd43e49265f5dd8ac644e1c460e241 to remote] DEBUG org.asynchttpclient.netty.request.NettyRequestSender - Using pooled Channel '[id: 0xea5129e1, L:/127.0.0.1:60786 - R:localhost/127.0.0.1:51659]' for 'POST' to 'http://localhost:51659/session/46fd43e49265f5dd8ac644e1c460e241/element'
10:18:43.540 [Forwarding findElement on session 46fd43e49265f5dd8ac644e1c460e241 to remote] DEBUG org.asynchttpclient.netty.request.NettyRequestSender - Using open Channel [id: 0xea5129e1, L:/127.0.0.1:60786 - R:localhost/127.0.0.1:51659] for POST '/session/46fd43e49265f5dd8ac644e1c460e241/element'
10:18:43.545 [AsyncHttpClient-1-17] DEBUG org.asynchttpclient.netty.handler.HttpHandler - 

Request DefaultHttpRequest(decodeResult: success, version: HTTP/1.1)
POST /session/46fd43e49265f5dd8ac644e1c460e241/element HTTP/1.1
User-Agent: selenium/4.1.2 (java windows)
Content-Length: 59
Content-Type: application/json; charset=utf-8
host: localhost:51659
accept: */*

Response DefaultHttpResponse(decodeResult: success, version: HTTP/1.1)
HTTP/1.1 200 OK
Content-Type: application/json; charset=utf-8
cache-control: no-cache
content-length: 88

10:18:43.545 [AsyncHttpClient-1-17] DEBUG org.asynchttpclient.netty.channel.ChannelManager - Adding key: http://localhost:51659 for channel [id: 0xea5129e1, L:/127.0.0.1:60786 - R:localhost/127.0.0.1:51659]
10:18:43.547 [Forwarding clickElement on session 46fd43e49265f5dd8ac644e1c460e241 to remote] DEBUG org.asynchttpclient.netty.request.NettyRequestSender - Using pooled Channel '[id: 0xea5129e1, L:/127.0.0.1:60786 - R:localhost/127.0.0.1:51659]' for 'POST' to 'http://localhost:51659/session/46fd43e49265f5dd8ac644e1c460e241/element/438368ba-8b8c-4f55-b0cf-ffc8b79f1cde/click'
10:18:43.547 [Forwarding clickElement on session 46fd43e49265f5dd8ac644e1c460e241 to remote] DEBUG org.asynchttpclient.netty.request.NettyRequestSender - Using open Channel [id: 0xea5129e1, L:/127.0.0.1:60786 - R:localhost/127.0.0.1:51659] for POST '/session/46fd43e49265f5dd8ac644e1c460e241/element/438368ba-8b8c-4f55-b0cf-ffc8b79f1cde/click'
10:18:44.206 [AsyncHttpClient-1-1] DEBUG org.asynchttpclient.netty.channel.DefaultChannelPool - Entry count for : http://localhost:60787 : 1
10:18:45.304 [AsyncHttpClient-1-1] DEBUG org.asynchttpclient.netty.channel.DefaultChannelPool - Entry count for : http://localhost:60787 : 1
10:18:46.405 [AsyncHttpClient-1-1] DEBUG org.asynchttpclient.netty.channel.DefaultChannelPool - Entry count for : http://localhost:60787 : 1
10:18:47.506 [AsyncHttpClient-1-1] DEBUG org.asynchttpclient.netty.channel.DefaultChannelPool - Entry count for : http://localhost:60787 : 1
10:18:48.609 [AsyncHttpClient-1-1] DEBUG org.asynchttpclient.netty.channel.DefaultChannelPool - Entry count for : http://localhost:60787 : 1
10:18:49.704 [AsyncHttpClient-1-1] DEBUG org.asynchttpclient.netty.channel.DefaultChannelPool - Entry count for : http://localhost:60787 : 1
10:18:50.289 [AsyncHttpClient-1-17] DEBUG org.asynchttpclient.netty.handler.HttpHandler - 

Request DefaultHttpRequest(decodeResult: success, version: HTTP/1.1)
POST /session/46fd43e49265f5dd8ac644e1c460e241/element/438368ba-8b8c-4f55-b0cf-ffc8b79f1cde/click HTTP/1.1
User-Agent: selenium/4.1.2 (java windows)
Content-Length: 50
Content-Type: application/json; charset=utf-8
host: localhost:51659
accept: */*

Response DefaultHttpResponse(decodeResult: success, version: HTTP/1.1)
HTTP/1.1 200 OK
Content-Type: application/json; charset=utf-8
cache-control: no-cache
content-length: 14

10:18:50.289 [AsyncHttpClient-1-17] DEBUG org.asynchttpclient.netty.channel.ChannelManager - Adding key: http://localhost:51659 for channel [id: 0xea5129e1, L:/127.0.0.1:60786 - R:localhost/127.0.0.1:51659]
10:18:50.297 [Forwarding screenshot on session 46fd43e49265f5dd8ac644e1c460e241 to remote] DEBUG org.asynchttpclient.netty.request.NettyRequestSender - Using pooled Channel '[id: 0xea5129e1, L:/127.0.0.1:60786 - R:localhost/127.0.0.1:51659]' for 'GET' to 'http://localhost:51659/session/46fd43e49265f5dd8ac644e1c460e241/screenshot'
10:18:50.297 [Forwarding screenshot on session 46fd43e49265f5dd8ac644e1c460e241 to remote] DEBUG org.asynchttpclient.netty.request.NettyRequestSender - Using open Channel [id: 0xea5129e1, L:/127.0.0.1:60786 - R:localhost/127.0.0.1:51659] for GET '/session/46fd43e49265f5dd8ac644e1c460e241/screenshot'
10:18:50.806 [AsyncHttpClient-1-1] DEBUG org.asynchttpclient.netty.channel.DefaultChannelPool - Entry count for : http://localhost:60787 : 1
10:18:50.813 [AsyncHttpClient-1-17] DEBUG org.asynchttpclient.netty.handler.HttpHandler - 

Request DefaultFullHttpRequest(decodeResult: success, version: HTTP/1.1, content: EmptyByteBufBE)
GET /session/46fd43e49265f5dd8ac644e1c460e241/screenshot HTTP/1.1
User-Agent: selenium/4.1.2 (java windows)
Cache-Control: no-cache
Content-Type: application/json; charset=utf-8
host: localhost:51659
accept: */*

Response DefaultHttpResponse(decodeResult: success, version: HTTP/1.1)
HTTP/1.1 200 OK
Content-Type: application/json; charset=utf-8
cache-control: no-cache
content-length: 1351260

10:18:50.815 [AsyncHttpClient-1-17] DEBUG org.asynchttpclient.netty.channel.ChannelManager - Adding key: http://localhost:51659 for channel [id: 0xea5129e1, L:/127.0.0.1:60786 - R:localhost/127.0.0.1:51659]
10:18:50.848 [main] DEBUG net.serenitybdd.core.photography.Darkroom - Send negative for processing for target\site\serenity\2f78a9621a518b93953df5b5f59a5fccd09cef54997f943528ef35ae54eaa99e.png
10:18:50.849 [main] DEBUG net.thucydides.core.steps.StepInterceptor - STEP DONE: clickLoginButton
10:18:50.849 [Darkroom Processing Line] DEBUG net.serenitybdd.core.photography.DarkroomProcessingLine - Processing screenshot image in /var/screenshots/screenshot-15180981523692345620
10:18:50.849 [Darkroom Processing Line] DEBUG net.serenitybdd.core.photography.DarkroomProcessingLine - Saving screenshot to target\site\serenity\2f78a9621a518b93953df5b5f59a5fccd09cef54997f943528ef35ae54eaa99e.png
  &amp#27;[32mAnd &amp#27;[0m&amp#27;[32mclick login button&amp#27;[0m                        &amp#27;[90m# starter.stepdefinitions.LoginStepDefinitions.clickLoginButton()&amp#27;[0m
10:18:50.876 [main] DEBUG net.thucydides.core.steps.StepInterceptor - STARTING STEP: LoginStepDefinitions.iGetThe - validateLoginFormIsApp
10:18:50.878 [Forwarding findElement on session 46fd43e49265f5dd8ac644e1c460e241 to remote] DEBUG org.asynchttpclient.netty.request.NettyRequestSender - Using pooled Channel '[id: 0xea5129e1, L:/127.0.0.1:60786 - R:localhost/127.0.0.1:51659]' for 'POST' to 'http://localhost:51659/session/46fd43e49265f5dd8ac644e1c460e241/element'
10:18:50.878 [Forwarding findElement on session 46fd43e49265f5dd8ac644e1c460e241 to remote] DEBUG org.asynchttpclient.netty.request.NettyRequestSender - Using open Channel [id: 0xea5129e1, L:/127.0.0.1:60786 - R:localhost/127.0.0.1:51659] for POST '/session/46fd43e49265f5dd8ac644e1c460e241/element'
10:18:50.944 [AsyncHttpClient-1-17] DEBUG org.asynchttpclient.netty.handler.HttpHandler - 

Request DefaultHttpRequest(decodeResult: success, version: HTTP/1.1)
POST /session/46fd43e49265f5dd8ac644e1c460e241/element HTTP/1.1
User-Agent: selenium/4.1.2 (java windows)
Content-Length: 103
Content-Type: application/json; charset=utf-8
host: localhost:51659
accept: */*

Response DefaultHttpResponse(decodeResult: success, version: HTTP/1.1)
HTTP/1.1 200 OK
Content-Type: application/json; charset=utf-8
cache-control: no-cache
content-length: 88

10:18:50.945 [AsyncHttpClient-1-17] DEBUG org.asynchttpclient.netty.channel.ChannelManager - Adding key: http://localhost:51659 for channel [id: 0xea5129e1, L:/127.0.0.1:60786 - R:localhost/127.0.0.1:51659]
10:18:50.949 [Forwarding isElementDisplayed on session 46fd43e49265f5dd8ac644e1c460e241 to remote] DEBUG org.asynchttpclient.netty.request.NettyRequestSender - Using pooled Channel '[id: 0xea5129e1, L:/127.0.0.1:60786 - R:localhost/127.0.0.1:51659]' for 'POST' to 'http://localhost:51659/session/46fd43e49265f5dd8ac644e1c460e241/execute/sync'
10:18:50.949 [Forwarding isElementDisplayed on session 46fd43e49265f5dd8ac644e1c460e241 to remote] DEBUG org.asynchttpclient.netty.request.NettyRequestSender - Using open Channel [id: 0xea5129e1, L:/127.0.0.1:60786 - R:localhost/127.0.0.1:51659] for POST '/session/46fd43e49265f5dd8ac644e1c460e241/execute/sync'
10:18:50.970 [AsyncHttpClient-1-17] DEBUG org.asynchttpclient.netty.handler.HttpHandler - 

Request DefaultHttpRequest(decodeResult: success, version: HTTP/1.1)
POST /session/46fd43e49265f5dd8ac644e1c460e241/execute/sync HTTP/1.1
User-Agent: selenium/4.1.2 (java windows)
Content-Length: 48780
Content-Type: application/json; charset=utf-8
host: localhost:51659
accept: */*

Response DefaultHttpResponse(decodeResult: success, version: HTTP/1.1)
HTTP/1.1 200 OK
Content-Type: application/json; charset=utf-8
cache-control: no-cache
content-length: 15

10:18:50.970 [AsyncHttpClient-1-17] DEBUG org.asynchttpclient.netty.channel.ChannelManager - Adding key: http://localhost:51659 for channel [id: 0xea5129e1, L:/127.0.0.1:60786 - R:localhost/127.0.0.1:51659]
10:18:50.975 [Forwarding screenshot on session 46fd43e49265f5dd8ac644e1c460e241 to remote] DEBUG org.asynchttpclient.netty.request.NettyRequestSender - Using pooled Channel '[id: 0xea5129e1, L:/127.0.0.1:60786 - R:localhost/127.0.0.1:51659]' for 'GET' to 'http://localhost:51659/session/46fd43e49265f5dd8ac644e1c460e241/screenshot'
10:18:50.975 [Forwarding screenshot on session 46fd43e49265f5dd8ac644e1c460e241 to remote] DEBUG org.asynchttpclient.netty.request.NettyRequestSender - Using open Channel [id: 0xea5129e1, L:/127.0.0.1:60786 - R:localhost/127.0.0.1:51659] for GET '/session/46fd43e49265f5dd8ac644e1c460e241/screenshot'
10:18:51.491 [AsyncHttpClient-1-17] DEBUG org.asynchttpclient.netty.handler.HttpHandler - 

Request DefaultFullHttpRequest(decodeResult: success, version: HTTP/1.1, content: EmptyByteBufBE)
GET /session/46fd43e49265f5dd8ac644e1c460e241/screenshot HTTP/1.1
User-Agent: selenium/4.1.2 (java windows)
Cache-Control: no-cache
Content-Type: application/json; charset=utf-8
host: localhost:51659
accept: */*

Response DefaultHttpResponse(decodeResult: success, version: HTTP/1.1)
HTTP/1.1 200 OK
Content-Type: application/json; charset=utf-8
cache-control: no-cache
content-length: 1331536

10:18:51.491 [AsyncHttpClient-1-17] DEBUG org.asynchttpclient.netty.channel.ChannelManager - Adding key: http://localhost:51659 for channel [id: 0xea5129e1, L:/127.0.0.1:60786 - R:localhost/127.0.0.1:51659]
10:18:51.507 [main] DEBUG net.serenitybdd.core.photography.Darkroom - Send negative for processing for target\site\serenity\bab3332ed8db4a46354a9cd98bf1c553dfbfeb6cc75b89e7c4c60349fb3a2b9a.png
10:18:51.507 [main] DEBUG net.thucydides.core.steps.StepInterceptor - STEP DONE: validateLoginFormIsApp
10:18:51.507 [Darkroom Processing Line] DEBUG net.serenitybdd.core.photography.DarkroomProcessingLine - Processing screenshot image in /var/screenshots/screenshot-1585604258003063247
10:18:51.507 [Darkroom Processing Line] DEBUG net.serenitybdd.core.photography.DarkroomProcessingLine - Saving screenshot to target\site\serenity\bab3332ed8db4a46354a9cd98bf1c553dfbfeb6cc75b89e7c4c60349fb3a2b9a.png
10:18:51.523 [main] DEBUG net.thucydides.core.steps.StepInterceptor - STARTING STEP: LoginStepDefinitions.iGetThe - errorMessageAlert
10:18:51.523 [main] DEBUG net.thucydides.core.steps.StepInterceptor - STEP DONE: errorMessageAlert
  &amp#27;[32mThen &amp#27;[0m&amp#27;[32mi get the &amp#27;[0m&amp#27;[32m&amp#27;[1m"Login Page"&amp#27;[0m                   &amp#27;[90m# starter.stepdefinitions.LoginStepDefinitions.iGetThe(java.lang.String)&amp#27;[0m
10:18:51.538 [AsyncHttpClient-1-3] DEBUG org.asynchttpclient.netty.handler.WebSocketHandler - Channel Closed: [id: 0xe0b81b28, L:/127.0.0.1:60795 ! R:localhost/127.0.0.1:60787] with attribute NettyResponseFuture{currentRetry=5,
	isDone=1,
	isCancelled=0,
	asyncHandler=org.asynchttpclient.ws.WebSocketUpgradeHandler@1877f026,
	nettyRequest=org.asynchttpclient.netty.request.NettyRequest@48f1722b,
	future=java.util.concurrent.CompletableFuture@2154259e[Completed normally],
	uri=ws://localhost:60787/devtools/browser/716a25b4-c437-48eb-92de-ca5709122bab,
	keepAlive=true,
	redirectCount=0,
	timeoutsHolder=null,
	inAuth=0,
	touch=1650943114492}
10:18:51.538 [AsyncHttpClient-1-3] DEBUG org.asynchttpclient.netty.channel.ChannelManager - Closing Channel [id: 0xe0b81b28, L:/127.0.0.1:60795 ! R:localhost/127.0.0.1:60787] 
10:18:51.538 [Driver Command Executor] DEBUG org.asynchttpclient.netty.request.NettyRequestSender - Using pooled Channel '[id: 0xea5129e1, L:/127.0.0.1:60786 - R:localhost/127.0.0.1:51659]' for 'DELETE' to 'http://localhost:51659/session/46fd43e49265f5dd8ac644e1c460e241'
10:18:51.538 [Driver Command Executor] DEBUG org.asynchttpclient.netty.request.NettyRequestSender - Using open Channel [id: 0xea5129e1, L:/127.0.0.1:60786 - R:localhost/127.0.0.1:51659] for DELETE '/session/46fd43e49265f5dd8ac644e1c460e241'
10:18:51.575 [AsyncHttpClient-1-2] DEBUG org.asynchttpclient.netty.handler.HttpHandler - Unexpected I/O exception on channel [id: 0x20db7b7b, L:/127.0.0.1:60794 - R:localhost/127.0.0.1:60787]
java.net.SocketException: Connection reset
	at java.base/sun.nio.ch.SocketChannelImpl.throwConnectionReset(SocketChannelImpl.java:367)
	at java.base/sun.nio.ch.SocketChannelImpl.read(SocketChannelImpl.java:398)
	at io.netty.buffer.PooledByteBuf.setBytes(PooledByteBuf.java:258)
	at io.netty.buffer.AbstractByteBuf.writeBytes(AbstractByteBuf.java:1132)
	at io.netty.channel.socket.nio.NioSocketChannel.doReadBytes(NioSocketChannel.java:350)
	at io.netty.channel.nio.AbstractNioByteChannel$NioByteUnsafe.read(AbstractNioByteChannel.java:151)
	at io.netty.channel.nio.NioEventLoop.processSelectedKey(NioEventLoop.java:722)
	at io.netty.channel.nio.NioEventLoop.processSelectedKeysOptimized(NioEventLoop.java:658)
	at io.netty.channel.nio.NioEventLoop.processSelectedKeys(NioEventLoop.java:584)
	at io.netty.channel.nio.NioEventLoop.run(NioEventLoop.java:496)
	at io.netty.util.concurrent.SingleThreadEventExecutor$4.run(SingleThreadEventExecutor.java:986)
	at io.netty.util.internal.ThreadExecutorMap$2.run(ThreadExecutorMap.java:74)
	at io.netty.util.concurrent.FastThreadLocalRunnable.run(FastThreadLocalRunnable.java:30)
	at java.base/java.lang.Thread.run(Thread.java:832)
10:18:51.575 [AsyncHttpClient-1-2] DEBUG org.asynchttpclient.netty.channel.ChannelManager - Closing Channel [id: 0x20db7b7b, L:/127.0.0.1:60794 - R:localhost/127.0.0.1:60787] 
10:18:51.575 [AsyncHttpClient-1-2] DEBUG org.asynchttpclient.netty.handler.HttpHandler - Channel Closed: [id: 0x20db7b7b, L:/127.0.0.1:60794 ! R:localhost/127.0.0.1:60787] with attribute DISCARD
10:18:51.594 [AsyncHttpClient-1-17] DEBUG org.asynchttpclient.netty.handler.HttpHandler - 

Request DefaultFullHttpRequest(decodeResult: success, version: HTTP/1.1, content: EmptyByteBufBE)
DELETE /session/46fd43e49265f5dd8ac644e1c460e241 HTTP/1.1
User-Agent: selenium/4.1.2 (java windows)
Content-Type: application/json; charset=utf-8
host: localhost:51659
accept: */*

Response DefaultHttpResponse(decodeResult: success, version: HTTP/1.1)
HTTP/1.1 200 OK
Content-Type: application/json; charset=utf-8
cache-control: no-cache
content-length: 14

10:18:51.594 [AsyncHttpClient-1-17] DEBUG org.asynchttpclient.netty.channel.ChannelManager - Adding key: http://localhost:51659 for channel [id: 0xea5129e1, L:/127.0.0.1:60786 - R:localhost/127.0.0.1:51659]
10:18:51.791 [AsyncHttpClient-1-17] DEBUG org.asynchttpclient.netty.handler.HttpHandler - Channel Closed: [id: 0xea5129e1, L:/127.0.0.1:60786 ! R:localhost/127.0.0.1:51659] with attribute DISCARD
10:18:51.905 [AsyncHttpClient-1-1] DEBUG org.asynchttpclient.netty.channel.DefaultChannelPool - Entry count for : http://localhost:51659 : 1
10:18:51.905 [AsyncHttpClient-1-1] DEBUG org.asynchttpclient.netty.channel.DefaultChannelPool - Entry count for : http://localhost:60787 : 1
10:18:51.905 [AsyncHttpClient-1-1] DEBUG org.asynchttpclient.netty.channel.DefaultChannelPool - Adding Candidate expired Channel [id: 0xea5129e1, L:/127.0.0.1:60786 ! R:localhost/127.0.0.1:51659] isIdleTimeoutExpired=false isRemotelyClosed=true isTtlExpired=false
10:18:51.905 [AsyncHttpClient-1-1] DEBUG org.asynchttpclient.netty.channel.DefaultChannelPool - Closing Idle Channel [id: 0xea5129e1, L:/127.0.0.1:60786 ! R:localhost/127.0.0.1:51659]
10:18:51.905 [AsyncHttpClient-1-1] DEBUG org.asynchttpclient.netty.channel.DefaultChannelPool - Adding Candidate expired Channel [id: 0x20db7b7b, L:/127.0.0.1:60794 ! R:localhost/127.0.0.1:60787] isIdleTimeoutExpired=false isRemotelyClosed=true isTtlExpired=false
10:18:51.905 [AsyncHttpClient-1-1] DEBUG org.asynchttpclient.netty.channel.DefaultChannelPool - Closing Idle Channel [id: 0x20db7b7b, L:/127.0.0.1:60794 ! R:localhost/127.0.0.1:60787]
10:18:51.905 [AsyncHttpClient-1-1] DEBUG org.asynchttpclient.netty.channel.DefaultChannelPool - Closed 2 connections out of 2 in 0 ms
]]></system-out>
    <system-err><![CDATA[Starting ChromeDriver 100.0.4896.60 (6a5d10861ce8de5fce22564658033b43cb7de047-refs/branch-heads/4896@{#875}) on port 51659
Only local connections are allowed.
Please see https://chromedriver.chromium.org/security-considerations for suggestions on keeping ChromeDriver safe.
ChromeDriver was started successfully.
Apr 26, 2022 10:18:34 AM org.openqa.selenium.remote.ProtocolHandshake createSession
INFO: Detected dialect: W3C
Apr 26, 2022 10:18:34 AM org.openqa.selenium.devtools.CdpVersionFinder findNearestMatch
WARNING: Unable to find an exact match for CDP version 100, so returning the closest version found: 97
Apr 26, 2022 10:18:34 AM org.openqa.selenium.devtools.CdpVersionFinder findNearestMatch
INFO: Found CDP implementation for version 100 of 97
]]></system-err>
  </testcase>
</testsuite>