<?xml version="1.0" encoding="UTF-8"?>
<testsuite xmlns:xsi="http://www.w3.org/2001/XMLSchema-instance" xsi:noNamespaceSchemaLocation="https://maven.apache.org/surefire/maven-failsafe-plugin/xsd/failsafe-test-report-3.0.xsd" version="3.0" name="starter.cucumberTestSuite" time="142.917" tests="7" errors="0" skipped="0" failures="0">
  <properties>
[...]
</properties>
  <testcase name="Login scenario #1" classname="Login" time="25.549">
    <system-out><![CDATA[11:57:12.803 [main] INFO io.cucumber.core.plugin.SerenityReporter - Running feature from file:///D:/PERKULIAHAN/Semester%206,Hebatt%20glad!/Dot-TechnicalTest/src/test/resources/features/login.feature
11:57:13.021 [main] INFO  - 

-------------------------------------------------------------------------------------
     _______. _______ .______       _______ .__   __.  __  .___________.____    ____ 
    /       ||   ____||   _  \     |   ____||  \ |  | |  | |           |\   \  /   / 
   |   (----`|  |__   |  |_)  |    |  |__   |   \|  | |  | `---|  |----` \   \/   /  
    \   \    |   __|  |      /     |   __|  |  . `  | |  |     |  |       \_    _/   
.----)   |   |  |____ |  |\  \----.|  |____ |  |\   | |  |     |  |         |  |     
|_______/    |_______|| _| `._____||_______||__| \__| |__|     |__|         |__|    
                                                                                     
 News and tutorials at http://www.serenity-bdd.info                                  
 Documentation at https://wakaleo.gitbooks.io/the-serenity-book/content/             
 Join the Serenity Community on Gitter: https://gitter.im/serenity-bdd/serenity-core 
 Serenity BDD Support and Training at http://serenity-bdd.info/#/trainingandsupport  
-------------------------------------------------------------------------------------

11:57:13.021 [main] DEBUG net.thucydides.core.steps.StepEventBus - Test suite started for story net.thucydides.core.model.Story@f388ff28
11:57:13.021 [main] INFO  - Test Suite Started: Login
11:57:13.037 [main] INFO io.cucumber.core.plugin.SerenityReporter - Running feature from file:///D:/PERKULIAHAN/Semester%206,Hebatt%20glad!/Dot-TechnicalTest/src/test/resources/features/login.feature
11:57:13.037 [main] DEBUG net.thucydides.core.steps.StepEventBus - Test suite started for story net.thucydides.core.model.Story@f388ff28
11:57:13.037 [main] INFO  - Test Suite Started: Login

@DDT
Scenario Outline: Login scenario                   &amp#27;[90m# src/test/resources/features/login.feature:26&amp#27;[0m
11:57:13.178 [main] INFO io.cucumber.core.plugin.SerenityReporter - Running feature from file:///D:/PERKULIAHAN/Semester%206,Hebatt%20glad!/Dot-TechnicalTest/src/test/resources/features/login.feature
11:57:13.303 [main] INFO  - 
  _____   ___   ___   _____     ___   _____     _     ___   _____   ___   ___  
 |_   _| | __| / __| |_   _|   / __| |_   _|   /_\   | _ \ |_   _| | __| |   \ 
   | |   | _|  \__ \   | |     \__ \   | |    / _ \  |   /   | |   | _|  | |) |
   |_|   |___| |___/   |_|     |___/   |_|   /_/ \_\ |_|_\   |_|   |___| |___/ 

Login scenario(login;login-scenario)
--------------------------------------------------------------------------------
11:57:14.274 [main] DEBUG net.thucydides.core.steps.StepInterceptor - STARTING STEP: LoginStepDefinitions.iAmOnLoginPage - openUrl
11:57:14.321 [main] INFO net.serenitybdd.core.webdriver.driverproviders.ChromeDriverProvider - Using automatically driver download
11:57:15.201 [main] DEBUG io.github.bonigarcia.wdm.cache.ResolutionCache - Resolution chrome=100 in cache (valid until 12:53:50 26/04/2022 WIB)
11:57:15.216 [main] DEBUG io.github.bonigarcia.wdm.cache.ResolutionCache - Resolution chrome100=100.0.4896.60 in cache (valid until 19:36:13 26/04/2022 WIB)
11:57:15.216 [main] INFO io.github.bonigarcia.wdm.WebDriverManager - Using chromedriver 100.0.4896.60 (resolved driver for Chrome 100)
11:57:15.248 [main] DEBUG io.github.bonigarcia.wdm.WebDriverManager - Driver chromedriver 100.0.4896.60 found in cache
11:57:15.248 [main] INFO io.github.bonigarcia.wdm.WebDriverManager - Exporting webdriver.chrome.driver as C:\Users\ASUS\.cache\selenium\chromedriver\win32\100.0.4896.60\chromedriver.exe
11:57:15.983 [main] DEBUG net.thucydides.core.reflection.ClassFinder - Could not load class .starter.cucumberTestSuite
11:57:15.983 [main] DEBUG net.thucydides.core.reflection.ClassFinder - Could not load class .starter.pages.HomePage
11:57:15.983 [main] DEBUG net.thucydides.core.reflection.ClassFinder - Could not load class .starter.pages.LoginPage
11:57:15.983 [main] DEBUG net.thucydides.core.reflection.ClassFinder - Could not load class .starter.stepdefinitions.LoginStepDefinitions
11:57:15.983 [main] DEBUG net.thucydides.core.reflection.ClassFinder - Could not load class META-INF.versions.9.com.sun.istack.logging.StackHelper
11:57:15.983 [main] DEBUG net.thucydides.core.reflection.ClassFinder - Could not load class META-INF.versions.9.com.sun.xml.bind.v2.runtime.reflect.opt.AccessorInjector
11:57:15.983 [main] DEBUG net.thucydides.core.reflection.ClassFinder - Could not load class META-INF.versions.9.com.sun.xml.bind.v2.runtime.reflect.opt.Injector
11:57:15.983 [main] DEBUG net.thucydides.core.reflection.ClassFinder - Could not load class META-INF.versions.9.com.sun.xml.bind.v2.runtime.reflect.opt.OptimizedAccessorFactory
11:57:15.983 [main] DEBUG net.thucydides.core.reflection.ClassFinder - Could not load class META-INF.versions.9.com.sun.xml.bind.v2.runtime.reflect.opt.OptimizedTransducedAccessorFactory
11:57:15.983 [main] DEBUG net.thucydides.core.reflection.ClassFinder - Could not load class META-INF.versions.9.io.opentelemetry.sdk.internal.CurrentJavaVersionSpecific
11:57:15.999 [main] DEBUG net.thucydides.core.reflection.ClassFinder - Could not load class META-INF.versions.9.io.opentelemetry.sdk.internal.Java9VersionSpecific
11:57:15.999 [main] DEBUG net.thucydides.core.reflection.ClassFinder - Could not load class META-INF.versions.9.javax.xml.bind.ModuleUtil
11:57:15.999 [main] DEBUG net.thucydides.core.reflection.ClassFinder - Could not load class META-INF.versions.9.module-info
11:57:15.999 [main] DEBUG net.thucydides.core.reflection.ClassFinder - Could not load class META-INF.versions.9.org.junit.platform.commons.util.ModuleUtils
11:57:16.389 [main] DEBUG net.thucydides.core.reflection.ClassFinder - Could not load class com.google.gson.internal.
11:57:16.619 [main] DEBUG net.thucydides.core.reflection.ClassFinder - Could not load class com.sun.xml.bind.v2.runtime.output.FastInfosetStreamWriterOutput
11:57:17.105 [main] DEBUG net.thucydides.core.reflection.ClassFinder - Could not load class module-info
11:57:20.072 [main] DEBUG io.netty.util.internal.logging.InternalLoggerFactory - Using SLF4J as the default logging framework
11:57:20.088 [main] DEBUG io.netty.util.ResourceLeakDetector - -Dio.netty.leakDetection.level: simple
11:57:20.088 [main] DEBUG io.netty.util.ResourceLeakDetector - -Dio.netty.leakDetection.targetRecords: 4
11:57:20.088 [main] DEBUG io.netty.util.ResourceLeakDetectorFactory - Loaded default ResourceLeakDetector: io.netty.util.ResourceLeakDetector@50df710a
11:57:20.103 [main] DEBUG io.netty.util.internal.PlatformDependent0 - -Dio.netty.noUnsafe: false
11:57:20.103 [main] DEBUG io.netty.util.internal.PlatformDependent0 - Java version: 15
11:57:20.103 [main] DEBUG io.netty.util.internal.PlatformDependent0 - sun.misc.Unsafe.theUnsafe: available
11:57:20.103 [main] DEBUG io.netty.util.internal.PlatformDependent0 - sun.misc.Unsafe.copyMemory: available
11:57:20.103 [main] DEBUG io.netty.util.internal.PlatformDependent0 - java.nio.Buffer.address: available
11:57:20.103 [main] DEBUG io.netty.util.internal.PlatformDependent0 - direct buffer constructor: unavailable: Reflective setAccessible(true) disabled
11:57:20.103 [main] DEBUG io.netty.util.internal.PlatformDependent0 - java.nio.Bits.unaligned: available, true
11:57:20.103 [main] DEBUG io.netty.util.internal.PlatformDependent0 - jdk.internal.misc.Unsafe.allocateUninitializedArray(int): unavailable: class io.netty.util.internal.PlatformDependent0$6 cannot access class jdk.internal.misc.Unsafe (in module java.base) because module java.base does not export jdk.internal.misc to unnamed module @6c4f9535
11:57:20.119 [main] DEBUG io.netty.util.internal.PlatformDependent0 - java.nio.DirectByteBuffer.<init>(long, int): unavailable
11:57:20.119 [main] DEBUG io.netty.util.internal.PlatformDependent - sun.misc.Unsafe: available
11:57:20.119 [main] DEBUG io.netty.util.internal.PlatformDependent - maxDirectMemory: 2671771648 bytes (maybe)
11:57:20.119 [main] DEBUG io.netty.util.internal.PlatformDependent - -Dio.netty.tmpdir: C:\Users\ASUS\AppData\Local\Temp (java.io.tmpdir)
11:57:20.119 [main] DEBUG io.netty.util.internal.PlatformDependent - -Dio.netty.bitMode: 64 (sun.arch.data.model)
11:57:20.119 [main] DEBUG io.netty.util.internal.PlatformDependent - Platform: Windows
11:57:20.119 [main] DEBUG io.netty.util.internal.PlatformDependent - -Dio.netty.maxDirectMemory: -1 bytes
11:57:20.119 [main] DEBUG io.netty.util.internal.PlatformDependent - -Dio.netty.uninitializedArrayAllocationThreshold: -1
11:57:20.119 [main] DEBUG io.netty.util.internal.CleanerJava9 - java.nio.ByteBuffer.cleaner(): available
11:57:20.119 [main] DEBUG io.netty.util.internal.PlatformDependent - -Dio.netty.noPreferDirect: false
11:57:20.134 [main] DEBUG io.netty.util.internal.PlatformDependent - org.jctools-core.MpscChunkedArrayQueue: available
11:57:20.150 [main] DEBUG io.netty.util.internal.InternalThreadLocalMap - -Dio.netty.threadLocalMap.stringBuilder.initialSize: 1024
11:57:20.150 [main] DEBUG io.netty.util.internal.InternalThreadLocalMap - -Dio.netty.threadLocalMap.stringBuilder.maxSize: 4096
11:57:20.213 [main] DEBUG io.netty.handler.ssl.JdkSslContext - Default protocols (JDK): [TLSv1.3, TLSv1.2, TLSv1.1, TLSv1] 
11:57:20.213 [main] DEBUG io.netty.handler.ssl.JdkSslContext - Default cipher suites (JDK): [TLS_ECDHE_ECDSA_WITH_AES_256_GCM_SHA384, TLS_ECDHE_ECDSA_WITH_AES_128_GCM_SHA256, TLS_ECDHE_RSA_WITH_AES_128_GCM_SHA256, TLS_ECDHE_RSA_WITH_AES_256_GCM_SHA384, TLS_ECDHE_RSA_WITH_AES_128_CBC_SHA, TLS_ECDHE_RSA_WITH_AES_256_CBC_SHA, TLS_RSA_WITH_AES_128_GCM_SHA256, TLS_RSA_WITH_AES_128_CBC_SHA, TLS_RSA_WITH_AES_256_CBC_SHA, TLS_AES_128_GCM_SHA256, TLS_AES_256_GCM_SHA384]
11:57:20.244 [main] DEBUG io.netty.channel.MultithreadEventLoopGroup - -Dio.netty.eventLoopThreads: 16
11:57:20.259 [main] DEBUG io.netty.channel.nio.NioEventLoop - -Dio.netty.noKeySetOptimization: false
11:57:20.259 [main] DEBUG io.netty.channel.nio.NioEventLoop - -Dio.netty.selectorAutoRebuildThreshold: 512
11:57:20.322 [main] DEBUG io.netty.buffer.PooledByteBufAllocator - -Dio.netty.allocator.numHeapArenas: 16
11:57:20.322 [main] DEBUG io.netty.buffer.PooledByteBufAllocator - -Dio.netty.allocator.numDirectArenas: 16
11:57:20.322 [main] DEBUG io.netty.buffer.PooledByteBufAllocator - -Dio.netty.allocator.pageSize: 8192
11:57:20.322 [main] DEBUG io.netty.buffer.PooledByteBufAllocator - -Dio.netty.allocator.maxOrder: 11
11:57:20.322 [main] DEBUG io.netty.buffer.PooledByteBufAllocator - -Dio.netty.allocator.chunkSize: 16777216
11:57:20.322 [main] DEBUG io.netty.buffer.PooledByteBufAllocator - -Dio.netty.allocator.smallCacheSize: 256
11:57:20.322 [main] DEBUG io.netty.buffer.PooledByteBufAllocator - -Dio.netty.allocator.normalCacheSize: 64
11:57:20.322 [main] DEBUG io.netty.buffer.PooledByteBufAllocator - -Dio.netty.allocator.maxCachedBufferCapacity: 32768
11:57:20.322 [main] DEBUG io.netty.buffer.PooledByteBufAllocator - -Dio.netty.allocator.cacheTrimInterval: 8192
11:57:20.322 [main] DEBUG io.netty.buffer.PooledByteBufAllocator - -Dio.netty.allocator.cacheTrimIntervalMillis: 0
11:57:20.322 [main] DEBUG io.netty.buffer.PooledByteBufAllocator - -Dio.netty.allocator.useCacheForAllThreads: true
11:57:20.322 [main] DEBUG io.netty.buffer.PooledByteBufAllocator - -Dio.netty.allocator.maxCachedByteBuffersPerChunk: 1023
11:57:20.322 [main] DEBUG io.netty.buffer.ByteBufUtil - -Dio.netty.allocator.type: pooled
11:57:20.322 [main] DEBUG io.netty.buffer.ByteBufUtil - -Dio.netty.threadLocalDirectBufferSize: 0
11:57:20.322 [main] DEBUG io.netty.buffer.ByteBufUtil - -Dio.netty.maxThreadLocalCharBufferSize: 16384
11:57:20.527 [main] DEBUG net.serenitybdd.core.webdriver.driverproviders.ProvideNewDriver - Instantiating driver
11:57:20.527 [main] DEBUG net.serenitybdd.core.webdriver.driverproviders.ProvideNewDriver - Driver capabilities: Capabilities {acceptInsecureCerts: false, base.url: https://www.psegameshop.com/, browserName: chrome, chrome.driver: src/test/resources/webdrive..., driver: chrome, goog:chromeOptions: {args: [], extensions: []}}
11:57:21.238 [Forwarding newSession on session null to remote] DEBUG io.netty.channel.DefaultChannelId - -Dio.netty.processId: 10768 (auto-detected)
11:57:21.240 [Forwarding newSession on session null to remote] DEBUG io.netty.util.NetUtil - -Djava.net.preferIPv4Stack: false
11:57:21.240 [Forwarding newSession on session null to remote] DEBUG io.netty.util.NetUtil - -Djava.net.preferIPv6Addresses: false
11:57:21.241 [Forwarding newSession on session null to remote] DEBUG io.netty.util.NetUtilInitializations - Loopback interface: lo (Software Loopback Interface 1, 127.0.0.1)
11:57:21.241 [Forwarding newSession on session null to remote] DEBUG io.netty.util.NetUtil - Failed to get SOMAXCONN from sysctl and file \proc\sys\net\core\somaxconn. Default: 200
11:57:21.272 [Forwarding newSession on session null to remote] DEBUG io.netty.channel.DefaultChannelId - -Dio.netty.machineId: 04:ea:56:ff:fe:54:1b:1e (auto-detected)
11:57:21.319 [AsyncHttpClient-1-2] DEBUG io.netty.buffer.AbstractByteBuf - -Dio.netty.buffer.checkAccessible: true
11:57:21.319 [AsyncHttpClient-1-2] DEBUG io.netty.buffer.AbstractByteBuf - -Dio.netty.buffer.checkBounds: true
11:57:21.319 [AsyncHttpClient-1-2] DEBUG io.netty.util.ResourceLeakDetectorFactory - Loaded default ResourceLeakDetector: io.netty.util.ResourceLeakDetector@7c4ff110
11:57:21.319 [AsyncHttpClient-1-2] DEBUG org.asynchttpclient.netty.channel.NettyConnectListener - Using new Channel '[id: 0x29dadf8d, L:/127.0.0.1:49951 - R:localhost/127.0.0.1:62517]' for 'POST' to '/session'
11:57:21.341 [AsyncHttpClient-1-2] DEBUG io.netty.util.Recycler - -Dio.netty.recycler.maxCapacityPerThread: 4096
11:57:21.341 [AsyncHttpClient-1-2] DEBUG io.netty.util.Recycler - -Dio.netty.recycler.ratio: 8
11:57:21.341 [AsyncHttpClient-1-2] DEBUG io.netty.util.Recycler - -Dio.netty.recycler.chunkSize: 32
11:57:21.341 [AsyncHttpClient-1-2] DEBUG io.netty.util.Recycler - -Dio.netty.recycler.blocking: false
11:57:22.073 [AsyncHttpClient-1-2] DEBUG io.netty.handler.codec.compression.Brotli - brotli4j not in the classpath; Brotli support will be unavailable.
11:57:22.073 [AsyncHttpClient-1-2] DEBUG org.asynchttpclient.netty.handler.HttpHandler - 

Request DefaultHttpRequest(decodeResult: success, version: HTTP/1.1)
POST /session HTTP/1.1
User-Agent: selenium/4.1.2 (java windows)
Content-Length: 614
Content-Type: application/json; charset=utf-8
host: localhost:62517
accept: */*

Response DefaultHttpResponse(decodeResult: success, version: HTTP/1.1)
HTTP/1.1 200 OK
Content-Type: application/json; charset=utf-8
cache-control: no-cache
content-length: 789

11:57:22.080 [AsyncHttpClient-1-2] DEBUG org.asynchttpclient.netty.channel.ChannelManager - Adding key: http://localhost:62517 for channel [id: 0x29dadf8d, L:/127.0.0.1:49951 - R:localhost/127.0.0.1:62517]
11:57:22.140 [AsyncHttpClient-1-3] DEBUG org.asynchttpclient.netty.channel.NettyConnectListener - Using new Channel '[id: 0xc1bd5f53, L:/127.0.0.1:49959 - R:localhost/127.0.0.1:49952]' for 'GET' to '/json/version'
11:57:22.156 [AsyncHttpClient-1-3] DEBUG org.asynchttpclient.netty.handler.HttpHandler - 

Request DefaultFullHttpRequest(decodeResult: success, version: HTTP/1.1, content: EmptyByteBufBE)
GET /json/version HTTP/1.1
User-Agent: selenium/4.1.2 (java windows)
host: localhost:49952
accept: */*

Response DefaultHttpResponse(decodeResult: success, version: HTTP/1.1)
HTTP/1.1 200 OK
Content-Type: application/json; charset=UTF-8
content-length: 429

11:57:22.156 [AsyncHttpClient-1-3] DEBUG org.asynchttpclient.netty.channel.ChannelManager - Adding key: http://localhost:49952 for channel [id: 0xc1bd5f53, L:/127.0.0.1:49959 - R:localhost/127.0.0.1:49952]
11:57:22.156 [main] DEBUG io.netty.util.internal.ThreadLocalRandom - -Dio.netty.initialSeedUniquifier: 0x0f99f57356011d66
11:57:22.156 [AsyncHttpClient-1-4] DEBUG org.asynchttpclient.netty.channel.NettyConnectListener - Using new Channel '[id: 0x4fafe18d, L:/127.0.0.1:49960 - R:localhost/127.0.0.1:49952]' for 'GET' to '/devtools/browser/51c45095-2f68-454e-ac99-1bd2ffde26c8'
11:57:22.172 [AsyncHttpClient-1-4] DEBUG org.asynchttpclient.netty.handler.WebSocketHandler - 

Request DefaultFullHttpRequest(decodeResult: success, version: HTTP/1.1, content: EmptyByteBufBE)
GET /devtools/browser/51c45095-2f68-454e-ac99-1bd2ffde26c8 HTTP/1.1
upgrade: websocket
connection: upgrade
sec-websocket-key: LnaxDEuXnQrDeYcX2PDLhQ==
sec-websocket-version: 13
origin: http://localhost:49952
host: localhost:49952
accept: */*
user-agent: AHC/2.1

Response DefaultHttpResponse(decodeResult: success, version: HTTP/1.1)
HTTP/1.1 101 WebSocket Protocol Handshake
Upgrade: WebSocket
Connection: Upgrade
Sec-WebSocket-Accept: kldtPx1xcmvINlJbW5oOZzzCywU=

11:57:22.203 [Forwarding maximizeCurrentWindow on session 26a663fffd8912e327179096e132fc4b to remote] DEBUG org.asynchttpclient.netty.request.NettyRequestSender - Using pooled Channel '[id: 0x29dadf8d, L:/127.0.0.1:49951 - R:localhost/127.0.0.1:62517]' for 'POST' to 'http://localhost:62517/session/26a663fffd8912e327179096e132fc4b/window/maximize'
11:57:22.203 [Forwarding maximizeCurrentWindow on session 26a663fffd8912e327179096e132fc4b to remote] DEBUG org.asynchttpclient.netty.request.NettyRequestSender - Using open Channel [id: 0x29dadf8d, L:/127.0.0.1:49951 - R:localhost/127.0.0.1:62517] for POST '/session/26a663fffd8912e327179096e132fc4b/window/maximize'
11:57:22.334 [AsyncHttpClient-1-2] DEBUG org.asynchttpclient.netty.handler.HttpHandler - 

Request DefaultHttpRequest(decodeResult: success, version: HTTP/1.1)
POST /session/26a663fffd8912e327179096e132fc4b/window/maximize HTTP/1.1
User-Agent: selenium/4.1.2 (java windows)
Content-Length: 3
Content-Type: application/json; charset=utf-8
host: localhost:62517
accept: */*

Response DefaultHttpResponse(decodeResult: success, version: HTTP/1.1)
HTTP/1.1 200 OK
Content-Type: application/json; charset=utf-8
cache-control: no-cache
content-length: 51

11:57:22.334 [AsyncHttpClient-1-2] DEBUG org.asynchttpclient.netty.channel.ChannelManager - Adding key: http://localhost:62517 for channel [id: 0x29dadf8d, L:/127.0.0.1:49951 - R:localhost/127.0.0.1:62517]
11:57:22.350 [AsyncHttpClient-1-1] DEBUG org.asynchttpclient.netty.channel.DefaultChannelPool - Entry count for : http://localhost:62517 : 1
11:57:22.350 [AsyncHttpClient-1-1] DEBUG org.asynchttpclient.netty.channel.DefaultChannelPool - Entry count for : http://localhost:49952 : 1
11:57:22.924 [main] DEBUG net.thucydides.core.reflection.ClassFinder - Could not load class .starter.cucumberTestSuite
11:57:22.924 [main] DEBUG net.thucydides.core.reflection.ClassFinder - Could not load class .starter.pages.HomePage
11:57:22.924 [main] DEBUG net.thucydides.core.reflection.ClassFinder - Could not load class .starter.pages.LoginPage
11:57:22.924 [main] DEBUG net.thucydides.core.reflection.ClassFinder - Could not load class .starter.stepdefinitions.LoginStepDefinitions
11:57:22.924 [main] DEBUG net.thucydides.core.reflection.ClassFinder - Could not load class META-INF.versions.9.com.sun.istack.logging.StackHelper
11:57:22.924 [main] DEBUG net.thucydides.core.reflection.ClassFinder - Could not load class META-INF.versions.9.com.sun.xml.bind.v2.runtime.reflect.opt.AccessorInjector
11:57:22.924 [main] DEBUG net.thucydides.core.reflection.ClassFinder - Could not load class META-INF.versions.9.com.sun.xml.bind.v2.runtime.reflect.opt.Injector
11:57:22.924 [main] DEBUG net.thucydides.core.reflection.ClassFinder - Could not load class META-INF.versions.9.com.sun.xml.bind.v2.runtime.reflect.opt.OptimizedAccessorFactory
11:57:22.924 [main] DEBUG net.thucydides.core.reflection.ClassFinder - Could not load class META-INF.versions.9.com.sun.xml.bind.v2.runtime.reflect.opt.OptimizedTransducedAccessorFactory
11:57:22.940 [main] DEBUG net.thucydides.core.reflection.ClassFinder - Could not load class META-INF.versions.9.io.opentelemetry.sdk.internal.CurrentJavaVersionSpecific
11:57:22.940 [main] DEBUG net.thucydides.core.reflection.ClassFinder - Could not load class META-INF.versions.9.io.opentelemetry.sdk.internal.Java9VersionSpecific
11:57:22.940 [main] DEBUG net.thucydides.core.reflection.ClassFinder - Could not load class META-INF.versions.9.javax.xml.bind.ModuleUtil
11:57:22.940 [main] DEBUG net.thucydides.core.reflection.ClassFinder - Could not load class META-INF.versions.9.module-info
11:57:22.940 [main] DEBUG net.thucydides.core.reflection.ClassFinder - Could not load class META-INF.versions.9.org.junit.platform.commons.util.ModuleUtils
11:57:22.940 [main] DEBUG net.thucydides.core.reflection.ClassFinder - Could not load class com.google.gson.internal.
11:57:22.940 [main] DEBUG net.thucydides.core.reflection.ClassFinder - Could not load class com.sun.xml.bind.v2.runtime.output.FastInfosetStreamWriterOutput
11:57:22.940 [main] DEBUG net.thucydides.core.reflection.ClassFinder - Could not load class module-info
11:57:22.956 [Forwarding get on session 26a663fffd8912e327179096e132fc4b to remote] DEBUG org.asynchttpclient.netty.request.NettyRequestSender - Using pooled Channel '[id: 0x29dadf8d, L:/127.0.0.1:49951 - R:localhost/127.0.0.1:62517]' for 'POST' to 'http://localhost:62517/session/26a663fffd8912e327179096e132fc4b/url'
11:57:22.956 [Forwarding get on session 26a663fffd8912e327179096e132fc4b to remote] DEBUG org.asynchttpclient.netty.request.NettyRequestSender - Using open Channel [id: 0x29dadf8d, L:/127.0.0.1:49951 - R:localhost/127.0.0.1:62517] for POST '/session/26a663fffd8912e327179096e132fc4b/url'
11:57:23.440 [AsyncHttpClient-1-1] DEBUG org.asynchttpclient.netty.channel.DefaultChannelPool - Entry count for : http://localhost:49952 : 1
11:57:24.546 [AsyncHttpClient-1-1] DEBUG org.asynchttpclient.netty.channel.DefaultChannelPool - Entry count for : http://localhost:49952 : 1
11:57:25.641 [AsyncHttpClient-1-1] DEBUG org.asynchttpclient.netty.channel.DefaultChannelPool - Entry count for : http://localhost:49952 : 1
11:57:26.740 [AsyncHttpClient-1-1] DEBUG org.asynchttpclient.netty.channel.DefaultChannelPool - Entry count for : http://localhost:49952 : 1
11:57:27.841 [AsyncHttpClient-1-1] DEBUG org.asynchttpclient.netty.channel.DefaultChannelPool - Entry count for : http://localhost:49952 : 1
11:57:28.023 [AsyncHttpClient-1-2] DEBUG org.asynchttpclient.netty.handler.HttpHandler - 

Request DefaultHttpRequest(decodeResult: success, version: HTTP/1.1)
POST /session/26a663fffd8912e327179096e132fc4b/url HTTP/1.1
User-Agent: selenium/4.1.2 (java windows)
Content-Length: 58
Content-Type: application/json; charset=utf-8
host: localhost:62517
accept: */*

Response DefaultHttpResponse(decodeResult: success, version: HTTP/1.1)
HTTP/1.1 200 OK
Content-Type: application/json; charset=utf-8
cache-control: no-cache
content-length: 14

11:57:28.023 [AsyncHttpClient-1-2] DEBUG org.asynchttpclient.netty.channel.ChannelManager - Adding key: http://localhost:62517 for channel [id: 0x29dadf8d, L:/127.0.0.1:49951 - R:localhost/127.0.0.1:62517]
11:57:28.028 [Forwarding setTimeout on session 26a663fffd8912e327179096e132fc4b to remote] DEBUG org.asynchttpclient.netty.request.NettyRequestSender - Using pooled Channel '[id: 0x29dadf8d, L:/127.0.0.1:49951 - R:localhost/127.0.0.1:62517]' for 'POST' to 'http://localhost:62517/session/26a663fffd8912e327179096e132fc4b/timeouts'
11:57:28.028 [Forwarding setTimeout on session 26a663fffd8912e327179096e132fc4b to remote] DEBUG org.asynchttpclient.netty.request.NettyRequestSender - Using open Channel [id: 0x29dadf8d, L:/127.0.0.1:49951 - R:localhost/127.0.0.1:62517] for POST '/session/26a663fffd8912e327179096e132fc4b/timeouts'
11:57:28.030 [AsyncHttpClient-1-2] DEBUG org.asynchttpclient.netty.handler.HttpHandler - 

Request DefaultHttpRequest(decodeResult: success, version: HTTP/1.1)
POST /session/26a663fffd8912e327179096e132fc4b/timeouts HTTP/1.1
User-Agent: selenium/4.1.2 (java windows)
Content-Length: 22
Content-Type: application/json; charset=utf-8
host: localhost:62517
accept: */*

Response DefaultHttpResponse(decodeResult: success, version: HTTP/1.1)
HTTP/1.1 200 OK
Content-Type: application/json; charset=utf-8
cache-control: no-cache
content-length: 14

11:57:28.030 [AsyncHttpClient-1-2] DEBUG org.asynchttpclient.netty.channel.ChannelManager - Adding key: http://localhost:62517 for channel [id: 0x29dadf8d, L:/127.0.0.1:49951 - R:localhost/127.0.0.1:62517]
11:57:28.036 [Forwarding getCurrentUrl on session 26a663fffd8912e327179096e132fc4b to remote] DEBUG org.asynchttpclient.netty.request.NettyRequestSender - Using pooled Channel '[id: 0x29dadf8d, L:/127.0.0.1:49951 - R:localhost/127.0.0.1:62517]' for 'GET' to 'http://localhost:62517/session/26a663fffd8912e327179096e132fc4b/url'
11:57:28.037 [Forwarding getCurrentUrl on session 26a663fffd8912e327179096e132fc4b to remote] DEBUG org.asynchttpclient.netty.request.NettyRequestSender - Using open Channel [id: 0x29dadf8d, L:/127.0.0.1:49951 - R:localhost/127.0.0.1:62517] for GET '/session/26a663fffd8912e327179096e132fc4b/url'
11:57:28.042 [AsyncHttpClient-1-2] DEBUG org.asynchttpclient.netty.handler.HttpHandler - 

Request DefaultFullHttpRequest(decodeResult: success, version: HTTP/1.1, content: EmptyByteBufBE)
GET /session/26a663fffd8912e327179096e132fc4b/url HTTP/1.1
User-Agent: selenium/4.1.2 (java windows)
Cache-Control: no-cache
Content-Type: application/json; charset=utf-8
host: localhost:62517
accept: */*

Response DefaultHttpResponse(decodeResult: success, version: HTTP/1.1)
HTTP/1.1 200 OK
Content-Type: application/json; charset=utf-8
cache-control: no-cache
content-length: 40

11:57:28.042 [AsyncHttpClient-1-2] DEBUG org.asynchttpclient.netty.channel.ChannelManager - Adding key: http://localhost:62517 for channel [id: 0x29dadf8d, L:/127.0.0.1:49951 - R:localhost/127.0.0.1:62517]
11:57:28.065 [main] DEBUG net.serenitybdd.core.photography.Darkroom - Opening darkroom
11:57:28.066 [Darkroom Processing Line] DEBUG net.serenitybdd.core.photography.DarkroomProcessingLine - Darkroom processing line starting up
11:57:28.067 [Forwarding screenshot on session 26a663fffd8912e327179096e132fc4b to remote] DEBUG org.asynchttpclient.netty.request.NettyRequestSender - Using pooled Channel '[id: 0x29dadf8d, L:/127.0.0.1:49951 - R:localhost/127.0.0.1:62517]' for 'GET' to 'http://localhost:62517/session/26a663fffd8912e327179096e132fc4b/screenshot'
11:57:28.067 [Forwarding screenshot on session 26a663fffd8912e327179096e132fc4b to remote] DEBUG org.asynchttpclient.netty.request.NettyRequestSender - Using open Channel [id: 0x29dadf8d, L:/127.0.0.1:49951 - R:localhost/127.0.0.1:62517] for GET '/session/26a663fffd8912e327179096e132fc4b/screenshot'
11:57:28.556 [AsyncHttpClient-1-2] DEBUG org.asynchttpclient.netty.handler.HttpHandler - 

Request DefaultFullHttpRequest(decodeResult: success, version: HTTP/1.1, content: EmptyByteBufBE)
GET /session/26a663fffd8912e327179096e132fc4b/screenshot HTTP/1.1
User-Agent: selenium/4.1.2 (java windows)
Cache-Control: no-cache
Content-Type: application/json; charset=utf-8
host: localhost:62517
accept: */*

Response DefaultHttpResponse(decodeResult: success, version: HTTP/1.1)
HTTP/1.1 200 OK
Content-Type: application/json; charset=utf-8
cache-control: no-cache
content-length: 1333224

11:57:28.556 [AsyncHttpClient-1-2] DEBUG org.asynchttpclient.netty.channel.ChannelManager - Adding key: http://localhost:62517 for channel [id: 0x29dadf8d, L:/127.0.0.1:49951 - R:localhost/127.0.0.1:62517]
11:57:28.752 [main] DEBUG net.serenitybdd.core.photography.Darkroom - Send negative for processing for target\site\serenity\c925c8731599a4bbb4bd4d8c7a4d70d0462713f3f622cbc7dc19f71c53eaa6d8.png
11:57:28.753 [Darkroom Processing Line] DEBUG net.serenitybdd.core.photography.DarkroomProcessingLine - Processing screenshot image in /var/screenshots/screenshot-12038818534147538045
11:57:28.753 [Darkroom Processing Line] DEBUG net.serenitybdd.core.photography.DarkroomProcessingLine - Saving screenshot to target\site\serenity\c925c8731599a4bbb4bd4d8c7a4d70d0462713f3f622cbc7dc19f71c53eaa6d8.png
11:57:28.757 [main] DEBUG net.thucydides.core.steps.StepInterceptor - STEP DONE: openUrl
11:57:28.770 [main] DEBUG net.thucydides.core.steps.StepInterceptor - STARTING STEP: LoginStepDefinitions.iAmOnLoginPage - validateAccountIsApp
11:57:28.776 [Forwarding findElement on session 26a663fffd8912e327179096e132fc4b to remote] DEBUG org.asynchttpclient.netty.request.NettyRequestSender - Using pooled Channel '[id: 0x29dadf8d, L:/127.0.0.1:49951 - R:localhost/127.0.0.1:62517]' for 'POST' to 'http://localhost:62517/session/26a663fffd8912e327179096e132fc4b/element'
11:57:28.776 [Forwarding findElement on session 26a663fffd8912e327179096e132fc4b to remote] DEBUG org.asynchttpclient.netty.request.NettyRequestSender - Using open Channel [id: 0x29dadf8d, L:/127.0.0.1:49951 - R:localhost/127.0.0.1:62517] for POST '/session/26a663fffd8912e327179096e132fc4b/element'
11:57:28.780 [AsyncHttpClient-1-2] DEBUG org.asynchttpclient.netty.handler.HttpHandler - 

Request DefaultHttpRequest(decodeResult: success, version: HTTP/1.1)
POST /session/26a663fffd8912e327179096e132fc4b/element HTTP/1.1
User-Agent: selenium/4.1.2 (java windows)
Content-Length: 46
Content-Type: application/json; charset=utf-8
host: localhost:62517
accept: */*

Response DefaultHttpResponse(decodeResult: success, version: HTTP/1.1)
HTTP/1.1 400 Bad Request
Content-Type: application/json; charset=utf-8
cache-control: no-cache
content-length: 958

11:57:28.781 [AsyncHttpClient-1-2] DEBUG org.asynchttpclient.netty.channel.ChannelManager - Adding key: http://localhost:62517 for channel [id: 0x29dadf8d, L:/127.0.0.1:49951 - R:localhost/127.0.0.1:62517]
11:57:28.796 [Forwarding findElement on session 26a663fffd8912e327179096e132fc4b to remote] DEBUG org.asynchttpclient.netty.request.NettyRequestSender - Using pooled Channel '[id: 0x29dadf8d, L:/127.0.0.1:49951 - R:localhost/127.0.0.1:62517]' for 'POST' to 'http://localhost:62517/session/26a663fffd8912e327179096e132fc4b/element'
11:57:28.796 [Forwarding findElement on session 26a663fffd8912e327179096e132fc4b to remote] DEBUG org.asynchttpclient.netty.request.NettyRequestSender - Using open Channel [id: 0x29dadf8d, L:/127.0.0.1:49951 - R:localhost/127.0.0.1:62517] for POST '/session/26a663fffd8912e327179096e132fc4b/element'
11:57:28.826 [AsyncHttpClient-1-2] DEBUG org.asynchttpclient.netty.handler.HttpHandler - 

Request DefaultHttpRequest(decodeResult: success, version: HTTP/1.1)
POST /session/26a663fffd8912e327179096e132fc4b/element HTTP/1.1
User-Agent: selenium/4.1.2 (java windows)
Content-Length: 56
Content-Type: application/json; charset=utf-8
host: localhost:62517
accept: */*

Response DefaultHttpResponse(decodeResult: success, version: HTTP/1.1)
HTTP/1.1 200 OK
Content-Type: application/json; charset=utf-8
cache-control: no-cache
content-length: 88

11:57:28.826 [AsyncHttpClient-1-2] DEBUG org.asynchttpclient.netty.channel.ChannelManager - Adding key: http://localhost:62517 for channel [id: 0x29dadf8d, L:/127.0.0.1:49951 - R:localhost/127.0.0.1:62517]
11:57:28.842 [Forwarding isElementDisplayed on session 26a663fffd8912e327179096e132fc4b to remote] DEBUG org.asynchttpclient.netty.request.NettyRequestSender - Using pooled Channel '[id: 0x29dadf8d, L:/127.0.0.1:49951 - R:localhost/127.0.0.1:62517]' for 'POST' to 'http://localhost:62517/session/26a663fffd8912e327179096e132fc4b/execute/sync'
11:57:28.842 [Forwarding isElementDisplayed on session 26a663fffd8912e327179096e132fc4b to remote] DEBUG org.asynchttpclient.netty.request.NettyRequestSender - Using open Channel [id: 0x29dadf8d, L:/127.0.0.1:49951 - R:localhost/127.0.0.1:62517] for POST '/session/26a663fffd8912e327179096e132fc4b/execute/sync'
11:57:28.869 [AsyncHttpClient-1-2] DEBUG org.asynchttpclient.netty.handler.HttpHandler - 

Request DefaultHttpRequest(decodeResult: success, version: HTTP/1.1)
POST /session/26a663fffd8912e327179096e132fc4b/execute/sync HTTP/1.1
User-Agent: selenium/4.1.2 (java windows)
Content-Length: 48780
Content-Type: application/json; charset=utf-8
host: localhost:62517
accept: */*

Response DefaultHttpResponse(decodeResult: success, version: HTTP/1.1)
HTTP/1.1 200 OK
Content-Type: application/json; charset=utf-8
cache-control: no-cache
content-length: 14

11:57:28.869 [AsyncHttpClient-1-2] DEBUG org.asynchttpclient.netty.channel.ChannelManager - Adding key: http://localhost:62517 for channel [id: 0x29dadf8d, L:/127.0.0.1:49951 - R:localhost/127.0.0.1:62517]
11:57:28.881 [Forwarding screenshot on session 26a663fffd8912e327179096e132fc4b to remote] DEBUG org.asynchttpclient.netty.request.NettyRequestSender - Using pooled Channel '[id: 0x29dadf8d, L:/127.0.0.1:49951 - R:localhost/127.0.0.1:62517]' for 'GET' to 'http://localhost:62517/session/26a663fffd8912e327179096e132fc4b/screenshot'
11:57:28.882 [Forwarding screenshot on session 26a663fffd8912e327179096e132fc4b to remote] DEBUG org.asynchttpclient.netty.request.NettyRequestSender - Using open Channel [id: 0x29dadf8d, L:/127.0.0.1:49951 - R:localhost/127.0.0.1:62517] for GET '/session/26a663fffd8912e327179096e132fc4b/screenshot'
11:57:28.940 [AsyncHttpClient-1-1] DEBUG org.asynchttpclient.netty.channel.DefaultChannelPool - Entry count for : http://localhost:49952 : 1
11:57:29.388 [AsyncHttpClient-1-2] DEBUG org.asynchttpclient.netty.handler.HttpHandler - 

Request DefaultFullHttpRequest(decodeResult: success, version: HTTP/1.1, content: EmptyByteBufBE)
GET /session/26a663fffd8912e327179096e132fc4b/screenshot HTTP/1.1
User-Agent: selenium/4.1.2 (java windows)
Cache-Control: no-cache
Content-Type: application/json; charset=utf-8
host: localhost:62517
accept: */*

Response DefaultHttpResponse(decodeResult: success, version: HTTP/1.1)
HTTP/1.1 200 OK
Content-Type: application/json; charset=utf-8
cache-control: no-cache
content-length: 1335528

11:57:29.388 [AsyncHttpClient-1-2] DEBUG org.asynchttpclient.netty.channel.ChannelManager - Adding key: http://localhost:62517 for channel [id: 0x29dadf8d, L:/127.0.0.1:49951 - R:localhost/127.0.0.1:62517]
11:57:29.471 [main] DEBUG net.serenitybdd.core.photography.Darkroom - Send negative for processing for target\site\serenity\1761e653b53057c0c8de4959e8e98ab73f4f917ecbf4d22f6db3937c26b12b50.png
11:57:29.471 [main] DEBUG net.thucydides.core.steps.StepInterceptor - STEP DONE: validateAccountIsApp
11:57:29.471 [Darkroom Processing Line] DEBUG net.serenitybdd.core.photography.DarkroomProcessingLine - Processing screenshot image in /var/screenshots/screenshot-16631299345846841338
11:57:29.471 [Darkroom Processing Line] DEBUG net.serenitybdd.core.photography.DarkroomProcessingLine - Saving screenshot to target\site\serenity\1761e653b53057c0c8de4959e8e98ab73f4f917ecbf4d22f6db3937c26b12b50.png
11:57:29.471 [main] DEBUG net.thucydides.core.steps.StepInterceptor - STARTING STEP: LoginStepDefinitions.iAmOnLoginPage - clickIconAccount
11:57:29.487 [Forwarding findElement on session 26a663fffd8912e327179096e132fc4b to remote] DEBUG org.asynchttpclient.netty.request.NettyRequestSender - Using pooled Channel '[id: 0x29dadf8d, L:/127.0.0.1:49951 - R:localhost/127.0.0.1:62517]' for 'POST' to 'http://localhost:62517/session/26a663fffd8912e327179096e132fc4b/element'
11:57:29.487 [Forwarding findElement on session 26a663fffd8912e327179096e132fc4b to remote] DEBUG org.asynchttpclient.netty.request.NettyRequestSender - Using open Channel [id: 0x29dadf8d, L:/127.0.0.1:49951 - R:localhost/127.0.0.1:62517] for POST '/session/26a663fffd8912e327179096e132fc4b/element'
11:57:29.502 [AsyncHttpClient-1-2] DEBUG org.asynchttpclient.netty.handler.HttpHandler - 

Request DefaultHttpRequest(decodeResult: success, version: HTTP/1.1)
POST /session/26a663fffd8912e327179096e132fc4b/element HTTP/1.1
User-Agent: selenium/4.1.2 (java windows)
Content-Length: 56
Content-Type: application/json; charset=utf-8
host: localhost:62517
accept: */*

Response DefaultHttpResponse(decodeResult: success, version: HTTP/1.1)
HTTP/1.1 200 OK
Content-Type: application/json; charset=utf-8
cache-control: no-cache
content-length: 88

11:57:29.502 [AsyncHttpClient-1-2] DEBUG org.asynchttpclient.netty.channel.ChannelManager - Adding key: http://localhost:62517 for channel [id: 0x29dadf8d, L:/127.0.0.1:49951 - R:localhost/127.0.0.1:62517]
11:57:29.502 [Forwarding getElementTagName on session 26a663fffd8912e327179096e132fc4b to remote] DEBUG org.asynchttpclient.netty.request.NettyRequestSender - Using pooled Channel '[id: 0x29dadf8d, L:/127.0.0.1:49951 - R:localhost/127.0.0.1:62517]' for 'GET' to 'http://localhost:62517/session/26a663fffd8912e327179096e132fc4b/element/7fb652f7-21fd-443f-93f9-be1f1bc3e25f/name'
11:57:29.502 [Forwarding getElementTagName on session 26a663fffd8912e327179096e132fc4b to remote] DEBUG org.asynchttpclient.netty.request.NettyRequestSender - Using open Channel [id: 0x29dadf8d, L:/127.0.0.1:49951 - R:localhost/127.0.0.1:62517] for GET '/session/26a663fffd8912e327179096e132fc4b/element/7fb652f7-21fd-443f-93f9-be1f1bc3e25f/name'
11:57:29.502 [AsyncHttpClient-1-2] DEBUG org.asynchttpclient.netty.handler.HttpHandler - 

Request DefaultFullHttpRequest(decodeResult: success, version: HTTP/1.1, content: EmptyByteBufBE)
GET /session/26a663fffd8912e327179096e132fc4b/element/7fb652f7-21fd-443f-93f9-be1f1bc3e25f/name HTTP/1.1
User-Agent: selenium/4.1.2 (java windows)
Cache-Control: no-cache
Content-Type: application/json; charset=utf-8
host: localhost:62517
accept: */*

Response DefaultHttpResponse(decodeResult: success, version: HTTP/1.1)
HTTP/1.1 200 OK
Content-Type: application/json; charset=utf-8
cache-control: no-cache
content-length: 13

11:57:29.502 [AsyncHttpClient-1-2] DEBUG org.asynchttpclient.netty.channel.ChannelManager - Adding key: http://localhost:62517 for channel [id: 0x29dadf8d, L:/127.0.0.1:49951 - R:localhost/127.0.0.1:62517]
11:57:29.502 [Forwarding getElementTagName on session 26a663fffd8912e327179096e132fc4b to remote] DEBUG org.asynchttpclient.netty.request.NettyRequestSender - Using pooled Channel '[id: 0x29dadf8d, L:/127.0.0.1:49951 - R:localhost/127.0.0.1:62517]' for 'GET' to 'http://localhost:62517/session/26a663fffd8912e327179096e132fc4b/element/7fb652f7-21fd-443f-93f9-be1f1bc3e25f/name'
11:57:29.502 [Forwarding getElementTagName on session 26a663fffd8912e327179096e132fc4b to remote] DEBUG org.asynchttpclient.netty.request.NettyRequestSender - Using open Channel [id: 0x29dadf8d, L:/127.0.0.1:49951 - R:localhost/127.0.0.1:62517] for GET '/session/26a663fffd8912e327179096e132fc4b/element/7fb652f7-21fd-443f-93f9-be1f1bc3e25f/name'
11:57:29.518 [AsyncHttpClient-1-2] DEBUG org.asynchttpclient.netty.handler.HttpHandler - 

Request DefaultFullHttpRequest(decodeResult: success, version: HTTP/1.1, content: EmptyByteBufBE)
GET /session/26a663fffd8912e327179096e132fc4b/element/7fb652f7-21fd-443f-93f9-be1f1bc3e25f/name HTTP/1.1
User-Agent: selenium/4.1.2 (java windows)
Cache-Control: no-cache
Content-Type: application/json; charset=utf-8
host: localhost:62517
accept: */*

Response DefaultHttpResponse(decodeResult: success, version: HTTP/1.1)
HTTP/1.1 200 OK
Content-Type: application/json; charset=utf-8
cache-control: no-cache
content-length: 13

11:57:29.518 [AsyncHttpClient-1-2] DEBUG org.asynchttpclient.netty.channel.ChannelManager - Adding key: http://localhost:62517 for channel [id: 0x29dadf8d, L:/127.0.0.1:49951 - R:localhost/127.0.0.1:62517]
11:57:29.518 [Forwarding findElement on session 26a663fffd8912e327179096e132fc4b to remote] DEBUG org.asynchttpclient.netty.request.NettyRequestSender - Using pooled Channel '[id: 0x29dadf8d, L:/127.0.0.1:49951 - R:localhost/127.0.0.1:62517]' for 'POST' to 'http://localhost:62517/session/26a663fffd8912e327179096e132fc4b/element'
11:57:29.518 [Forwarding findElement on session 26a663fffd8912e327179096e132fc4b to remote] DEBUG org.asynchttpclient.netty.request.NettyRequestSender - Using open Channel [id: 0x29dadf8d, L:/127.0.0.1:49951 - R:localhost/127.0.0.1:62517] for POST '/session/26a663fffd8912e327179096e132fc4b/element'
11:57:29.535 [AsyncHttpClient-1-2] DEBUG org.asynchttpclient.netty.handler.HttpHandler - 

Request DefaultHttpRequest(decodeResult: success, version: HTTP/1.1)
POST /session/26a663fffd8912e327179096e132fc4b/element HTTP/1.1
User-Agent: selenium/4.1.2 (java windows)
Content-Length: 56
Content-Type: application/json; charset=utf-8
host: localhost:62517
accept: */*

Response DefaultHttpResponse(decodeResult: success, version: HTTP/1.1)
HTTP/1.1 200 OK
Content-Type: application/json; charset=utf-8
cache-control: no-cache
content-length: 88

11:57:29.536 [AsyncHttpClient-1-2] DEBUG org.asynchttpclient.netty.channel.ChannelManager - Adding key: http://localhost:62517 for channel [id: 0x29dadf8d, L:/127.0.0.1:49951 - R:localhost/127.0.0.1:62517]
11:57:29.540 [Forwarding clickElement on session 26a663fffd8912e327179096e132fc4b to remote] DEBUG org.asynchttpclient.netty.request.NettyRequestSender - Using pooled Channel '[id: 0x29dadf8d, L:/127.0.0.1:49951 - R:localhost/127.0.0.1:62517]' for 'POST' to 'http://localhost:62517/session/26a663fffd8912e327179096e132fc4b/element/7fb652f7-21fd-443f-93f9-be1f1bc3e25f/click'
11:57:29.540 [Forwarding clickElement on session 26a663fffd8912e327179096e132fc4b to remote] DEBUG org.asynchttpclient.netty.request.NettyRequestSender - Using open Channel [id: 0x29dadf8d, L:/127.0.0.1:49951 - R:localhost/127.0.0.1:62517] for POST '/session/26a663fffd8912e327179096e132fc4b/element/7fb652f7-21fd-443f-93f9-be1f1bc3e25f/click'
11:57:29.721 [AsyncHttpClient-1-2] DEBUG org.asynchttpclient.netty.handler.HttpHandler - 

Request DefaultHttpRequest(decodeResult: success, version: HTTP/1.1)
POST /session/26a663fffd8912e327179096e132fc4b/element/7fb652f7-21fd-443f-93f9-be1f1bc3e25f/click HTTP/1.1
User-Agent: selenium/4.1.2 (java windows)
Content-Length: 50
Content-Type: application/json; charset=utf-8
host: localhost:62517
accept: */*

Response DefaultHttpResponse(decodeResult: success, version: HTTP/1.1)
HTTP/1.1 200 OK
Content-Type: application/json; charset=utf-8
cache-control: no-cache
content-length: 14

11:57:29.722 [AsyncHttpClient-1-2] DEBUG org.asynchttpclient.netty.channel.ChannelManager - Adding key: http://localhost:62517 for channel [id: 0x29dadf8d, L:/127.0.0.1:49951 - R:localhost/127.0.0.1:62517]
11:57:29.734 [Forwarding screenshot on session 26a663fffd8912e327179096e132fc4b to remote] DEBUG org.asynchttpclient.netty.request.NettyRequestSender - Using pooled Channel '[id: 0x29dadf8d, L:/127.0.0.1:49951 - R:localhost/127.0.0.1:62517]' for 'GET' to 'http://localhost:62517/session/26a663fffd8912e327179096e132fc4b/screenshot'
11:57:29.734 [Forwarding screenshot on session 26a663fffd8912e327179096e132fc4b to remote] DEBUG org.asynchttpclient.netty.request.NettyRequestSender - Using open Channel [id: 0x29dadf8d, L:/127.0.0.1:49951 - R:localhost/127.0.0.1:62517] for GET '/session/26a663fffd8912e327179096e132fc4b/screenshot'
11:57:30.040 [AsyncHttpClient-1-1] DEBUG org.asynchttpclient.netty.channel.DefaultChannelPool - Entry count for : http://localhost:49952 : 1
11:57:30.411 [AsyncHttpClient-1-2] DEBUG org.asynchttpclient.netty.handler.HttpHandler - 

Request DefaultFullHttpRequest(decodeResult: success, version: HTTP/1.1, content: EmptyByteBufBE)
GET /session/26a663fffd8912e327179096e132fc4b/screenshot HTTP/1.1
User-Agent: selenium/4.1.2 (java windows)
Cache-Control: no-cache
Content-Type: application/json; charset=utf-8
host: localhost:62517
accept: */*

Response DefaultHttpResponse(decodeResult: success, version: HTTP/1.1)
HTTP/1.1 200 OK
Content-Type: application/json; charset=utf-8
cache-control: no-cache
content-length: 1081152

11:57:30.416 [AsyncHttpClient-1-2] DEBUG org.asynchttpclient.netty.channel.ChannelManager - Adding key: http://localhost:62517 for channel [id: 0x29dadf8d, L:/127.0.0.1:49951 - R:localhost/127.0.0.1:62517]
11:57:30.449 [main] DEBUG net.serenitybdd.core.photography.Darkroom - Send negative for processing for target\site\serenity\509e78a3515ebcbf2d392d994fa79aac75764ab9c1a893c6644f56c438dcb840.png
11:57:30.449 [main] DEBUG net.thucydides.core.steps.StepInterceptor - STEP DONE: clickIconAccount
11:57:30.449 [Darkroom Processing Line] DEBUG net.serenitybdd.core.photography.DarkroomProcessingLine - Processing screenshot image in /var/screenshots/screenshot-7179525880076188702
11:57:30.449 [Darkroom Processing Line] DEBUG net.serenitybdd.core.photography.DarkroomProcessingLine - Saving screenshot to target\site\serenity\509e78a3515ebcbf2d392d994fa79aac75764ab9c1a893c6644f56c438dcb840.png
11:57:30.466 [main] DEBUG net.thucydides.core.steps.StepInterceptor - STARTING STEP: LoginStepDefinitions.iAmOnLoginPage - validateLoginFormIsApp
11:57:30.473 [Forwarding findElement on session 26a663fffd8912e327179096e132fc4b to remote] DEBUG org.asynchttpclient.netty.request.NettyRequestSender - Using pooled Channel '[id: 0x29dadf8d, L:/127.0.0.1:49951 - R:localhost/127.0.0.1:62517]' for 'POST' to 'http://localhost:62517/session/26a663fffd8912e327179096e132fc4b/element'
11:57:30.473 [Forwarding findElement on session 26a663fffd8912e327179096e132fc4b to remote] DEBUG org.asynchttpclient.netty.request.NettyRequestSender - Using open Channel [id: 0x29dadf8d, L:/127.0.0.1:49951 - R:localhost/127.0.0.1:62517] for POST '/session/26a663fffd8912e327179096e132fc4b/element'
11:57:30.489 [AsyncHttpClient-1-2] DEBUG org.asynchttpclient.netty.handler.HttpHandler - 

Request DefaultHttpRequest(decodeResult: success, version: HTTP/1.1)
POST /session/26a663fffd8912e327179096e132fc4b/element HTTP/1.1
User-Agent: selenium/4.1.2 (java windows)
Content-Length: 103
Content-Type: application/json; charset=utf-8
host: localhost:62517
accept: */*

Response DefaultHttpResponse(decodeResult: success, version: HTTP/1.1)
HTTP/1.1 200 OK
Content-Type: application/json; charset=utf-8
cache-control: no-cache
content-length: 88

11:57:30.489 [AsyncHttpClient-1-2] DEBUG org.asynchttpclient.netty.channel.ChannelManager - Adding key: http://localhost:62517 for channel [id: 0x29dadf8d, L:/127.0.0.1:49951 - R:localhost/127.0.0.1:62517]
11:57:30.496 [Forwarding isElementDisplayed on session 26a663fffd8912e327179096e132fc4b to remote] DEBUG org.asynchttpclient.netty.request.NettyRequestSender - Using pooled Channel '[id: 0x29dadf8d, L:/127.0.0.1:49951 - R:localhost/127.0.0.1:62517]' for 'POST' to 'http://localhost:62517/session/26a663fffd8912e327179096e132fc4b/execute/sync'
11:57:30.497 [Forwarding isElementDisplayed on session 26a663fffd8912e327179096e132fc4b to remote] DEBUG org.asynchttpclient.netty.request.NettyRequestSender - Using open Channel [id: 0x29dadf8d, L:/127.0.0.1:49951 - R:localhost/127.0.0.1:62517] for POST '/session/26a663fffd8912e327179096e132fc4b/execute/sync'
11:57:30.513 [AsyncHttpClient-1-2] DEBUG org.asynchttpclient.netty.handler.HttpHandler - 

Request DefaultHttpRequest(decodeResult: success, version: HTTP/1.1)
POST /session/26a663fffd8912e327179096e132fc4b/execute/sync HTTP/1.1
User-Agent: selenium/4.1.2 (java windows)
Content-Length: 48780
Content-Type: application/json; charset=utf-8
host: localhost:62517
accept: */*

Response DefaultHttpResponse(decodeResult: success, version: HTTP/1.1)
HTTP/1.1 200 OK
Content-Type: application/json; charset=utf-8
cache-control: no-cache
content-length: 14

11:57:30.513 [AsyncHttpClient-1-2] DEBUG org.asynchttpclient.netty.channel.ChannelManager - Adding key: http://localhost:62517 for channel [id: 0x29dadf8d, L:/127.0.0.1:49951 - R:localhost/127.0.0.1:62517]
11:57:30.519 [Forwarding screenshot on session 26a663fffd8912e327179096e132fc4b to remote] DEBUG org.asynchttpclient.netty.request.NettyRequestSender - Using pooled Channel '[id: 0x29dadf8d, L:/127.0.0.1:49951 - R:localhost/127.0.0.1:62517]' for 'GET' to 'http://localhost:62517/session/26a663fffd8912e327179096e132fc4b/screenshot'
11:57:30.519 [Forwarding screenshot on session 26a663fffd8912e327179096e132fc4b to remote] DEBUG org.asynchttpclient.netty.request.NettyRequestSender - Using open Channel [id: 0x29dadf8d, L:/127.0.0.1:49951 - R:localhost/127.0.0.1:62517] for GET '/session/26a663fffd8912e327179096e132fc4b/screenshot'
11:57:30.852 [AsyncHttpClient-1-2] DEBUG org.asynchttpclient.netty.handler.HttpHandler - 

Request DefaultFullHttpRequest(decodeResult: success, version: HTTP/1.1, content: EmptyByteBufBE)
GET /session/26a663fffd8912e327179096e132fc4b/screenshot HTTP/1.1
User-Agent: selenium/4.1.2 (java windows)
Cache-Control: no-cache
Content-Type: application/json; charset=utf-8
host: localhost:62517
accept: */*

Response DefaultHttpResponse(decodeResult: success, version: HTTP/1.1)
HTTP/1.1 200 OK
Content-Type: application/json; charset=utf-8
cache-control: no-cache
content-length: 506104

11:57:30.855 [AsyncHttpClient-1-2] DEBUG org.asynchttpclient.netty.channel.ChannelManager - Adding key: http://localhost:62517 for channel [id: 0x29dadf8d, L:/127.0.0.1:49951 - R:localhost/127.0.0.1:62517]
11:57:30.872 [main] DEBUG net.serenitybdd.core.photography.Darkroom - Send negative for processing for target\site\serenity\7e60c54c63af6d4513dc5f69bd23488a9973e0ce1bbb10680d63092bb8c8f189.png
11:57:30.873 [main] DEBUG net.thucydides.core.steps.StepInterceptor - STEP DONE: validateLoginFormIsApp
11:57:30.873 [Darkroom Processing Line] DEBUG net.serenitybdd.core.photography.DarkroomProcessingLine - Processing screenshot image in /var/screenshots/screenshot-10876388847600126253
11:57:30.873 [Darkroom Processing Line] DEBUG net.serenitybdd.core.photography.DarkroomProcessingLine - Saving screenshot to target\site\serenity\7e60c54c63af6d4513dc5f69bd23488a9973e0ce1bbb10680d63092bb8c8f189.png
  &amp#27;[32mGiven &amp#27;[0m&amp#27;[32mi am on login page&amp#27;[0m                         &amp#27;[90m# starter.stepdefinitions.LoginStepDefinitions.iAmOnLoginPage()&amp#27;[0m
11:57:30.903 [main] DEBUG net.thucydides.core.steps.StepInterceptor - STARTING STEP: LoginStepDefinitions.iInputUsername - inputUsername
11:57:30.908 [Forwarding findElement on session 26a663fffd8912e327179096e132fc4b to remote] DEBUG org.asynchttpclient.netty.request.NettyRequestSender - Using pooled Channel '[id: 0x29dadf8d, L:/127.0.0.1:49951 - R:localhost/127.0.0.1:62517]' for 'POST' to 'http://localhost:62517/session/26a663fffd8912e327179096e132fc4b/element'
11:57:30.908 [Forwarding findElement on session 26a663fffd8912e327179096e132fc4b to remote] DEBUG org.asynchttpclient.netty.request.NettyRequestSender - Using open Channel [id: 0x29dadf8d, L:/127.0.0.1:49951 - R:localhost/127.0.0.1:62517] for POST '/session/26a663fffd8912e327179096e132fc4b/element'
11:57:30.920 [AsyncHttpClient-1-2] DEBUG org.asynchttpclient.netty.handler.HttpHandler - 

Request DefaultHttpRequest(decodeResult: success, version: HTTP/1.1)
POST /session/26a663fffd8912e327179096e132fc4b/element HTTP/1.1
User-Agent: selenium/4.1.2 (java windows)
Content-Length: 53
Content-Type: application/json; charset=utf-8
host: localhost:62517
accept: */*

Response DefaultHttpResponse(decodeResult: success, version: HTTP/1.1)
HTTP/1.1 200 OK
Content-Type: application/json; charset=utf-8
cache-control: no-cache
content-length: 88

11:57:30.920 [AsyncHttpClient-1-2] DEBUG org.asynchttpclient.netty.channel.ChannelManager - Adding key: http://localhost:62517 for channel [id: 0x29dadf8d, L:/127.0.0.1:49951 - R:localhost/127.0.0.1:62517]
11:57:30.924 [Forwarding clearElement on session 26a663fffd8912e327179096e132fc4b to remote] DEBUG org.asynchttpclient.netty.request.NettyRequestSender - Using pooled Channel '[id: 0x29dadf8d, L:/127.0.0.1:49951 - R:localhost/127.0.0.1:62517]' for 'POST' to 'http://localhost:62517/session/26a663fffd8912e327179096e132fc4b/element/8f59c742-b5c5-43f1-ba48-ccbebd1dd083/clear'
11:57:30.924 [Forwarding clearElement on session 26a663fffd8912e327179096e132fc4b to remote] DEBUG org.asynchttpclient.netty.request.NettyRequestSender - Using open Channel [id: 0x29dadf8d, L:/127.0.0.1:49951 - R:localhost/127.0.0.1:62517] for POST '/session/26a663fffd8912e327179096e132fc4b/element/8f59c742-b5c5-43f1-ba48-ccbebd1dd083/clear'
11:57:30.955 [AsyncHttpClient-1-2] DEBUG org.asynchttpclient.netty.handler.HttpHandler - 

Request DefaultHttpRequest(decodeResult: success, version: HTTP/1.1)
POST /session/26a663fffd8912e327179096e132fc4b/element/8f59c742-b5c5-43f1-ba48-ccbebd1dd083/clear HTTP/1.1
User-Agent: selenium/4.1.2 (java windows)
Content-Length: 50
Content-Type: application/json; charset=utf-8
host: localhost:62517
accept: */*

Response DefaultHttpResponse(decodeResult: success, version: HTTP/1.1)
HTTP/1.1 200 OK
Content-Type: application/json; charset=utf-8
cache-control: no-cache
content-length: 14

11:57:30.955 [AsyncHttpClient-1-2] DEBUG org.asynchttpclient.netty.channel.ChannelManager - Adding key: http://localhost:62517 for channel [id: 0x29dadf8d, L:/127.0.0.1:49951 - R:localhost/127.0.0.1:62517]
11:57:30.960 [Forwarding sendKeysToElement on session 26a663fffd8912e327179096e132fc4b to remote] DEBUG org.asynchttpclient.netty.request.NettyRequestSender - Using pooled Channel '[id: 0x29dadf8d, L:/127.0.0.1:49951 - R:localhost/127.0.0.1:62517]' for 'POST' to 'http://localhost:62517/session/26a663fffd8912e327179096e132fc4b/element/8f59c742-b5c5-43f1-ba48-ccbebd1dd083/value'
11:57:30.960 [Forwarding sendKeysToElement on session 26a663fffd8912e327179096e132fc4b to remote] DEBUG org.asynchttpclient.netty.request.NettyRequestSender - Using open Channel [id: 0x29dadf8d, L:/127.0.0.1:49951 - R:localhost/127.0.0.1:62517] for POST '/session/26a663fffd8912e327179096e132fc4b/element/8f59c742-b5c5-43f1-ba48-ccbebd1dd083/value'
11:57:31.099 [AsyncHttpClient-1-2] DEBUG org.asynchttpclient.netty.handler.HttpHandler - 

Request DefaultHttpRequest(decodeResult: success, version: HTTP/1.1)
POST /session/26a663fffd8912e327179096e132fc4b/element/8f59c742-b5c5-43f1-ba48-ccbebd1dd083/value HTTP/1.1
User-Agent: selenium/4.1.2 (java windows)
Content-Length: 321
Content-Type: application/json; charset=utf-8
host: localhost:62517
accept: */*

Response DefaultHttpResponse(decodeResult: success, version: HTTP/1.1)
HTTP/1.1 200 OK
Content-Type: application/json; charset=utf-8
cache-control: no-cache
content-length: 14

11:57:31.100 [AsyncHttpClient-1-2] DEBUG org.asynchttpclient.netty.channel.ChannelManager - Adding key: http://localhost:62517 for channel [id: 0x29dadf8d, L:/127.0.0.1:49951 - R:localhost/127.0.0.1:62517]
11:57:31.106 [Forwarding screenshot on session 26a663fffd8912e327179096e132fc4b to remote] DEBUG org.asynchttpclient.netty.request.NettyRequestSender - Using pooled Channel '[id: 0x29dadf8d, L:/127.0.0.1:49951 - R:localhost/127.0.0.1:62517]' for 'GET' to 'http://localhost:62517/session/26a663fffd8912e327179096e132fc4b/screenshot'
11:57:31.107 [Forwarding screenshot on session 26a663fffd8912e327179096e132fc4b to remote] DEBUG org.asynchttpclient.netty.request.NettyRequestSender - Using open Channel [id: 0x29dadf8d, L:/127.0.0.1:49951 - R:localhost/127.0.0.1:62517] for GET '/session/26a663fffd8912e327179096e132fc4b/screenshot'
11:57:31.141 [AsyncHttpClient-1-1] DEBUG org.asynchttpclient.netty.channel.DefaultChannelPool - Entry count for : http://localhost:49952 : 1
11:57:31.337 [AsyncHttpClient-1-2] DEBUG org.asynchttpclient.netty.handler.HttpHandler - 

Request DefaultFullHttpRequest(decodeResult: success, version: HTTP/1.1, content: EmptyByteBufBE)
GET /session/26a663fffd8912e327179096e132fc4b/screenshot HTTP/1.1
User-Agent: selenium/4.1.2 (java windows)
Cache-Control: no-cache
Content-Type: application/json; charset=utf-8
host: localhost:62517
accept: */*

Response DefaultHttpResponse(decodeResult: success, version: HTTP/1.1)
HTTP/1.1 200 OK
Content-Type: application/json; charset=utf-8
cache-control: no-cache
content-length: 443912

11:57:31.341 [AsyncHttpClient-1-2] DEBUG org.asynchttpclient.netty.channel.ChannelManager - Adding key: http://localhost:62517 for channel [id: 0x29dadf8d, L:/127.0.0.1:49951 - R:localhost/127.0.0.1:62517]
11:57:31.353 [main] DEBUG net.serenitybdd.core.photography.Darkroom - Send negative for processing for target\site\serenity\19ca15140911eddb8856a6f6ad6ac5cba9ea78a95977c00e45f9d04294c5c85a.png
11:57:31.354 [main] DEBUG net.thucydides.core.steps.StepInterceptor - STEP DONE: inputUsername
  &amp#27;[32mWhen &amp#27;[0m&amp#27;[32mi input &amp#27;[0m&amp#27;[32m&amp#27;[1m"dummyforta2022@gmail.com"&amp#27;[0m&amp#27;[32m username&amp#27;[0m &amp#27;[90m# starter.stepdefinitions.LoginStepDefinitions.iInputUsername(java.lang.String)&amp#27;[0m
11:57:31.354 [Darkroom Processing Line] DEBUG net.serenitybdd.core.photography.DarkroomProcessingLine - Processing screenshot image in /var/screenshots/screenshot-11653150380284744023
11:57:31.354 [Darkroom Processing Line] DEBUG net.serenitybdd.core.photography.DarkroomProcessingLine - Saving screenshot to target\site\serenity\19ca15140911eddb8856a6f6ad6ac5cba9ea78a95977c00e45f9d04294c5c85a.png
11:57:31.373 [main] DEBUG net.thucydides.core.steps.StepInterceptor - STARTING STEP: LoginStepDefinitions.iInputPassword - inputPassword
11:57:31.378 [Forwarding findElement on session 26a663fffd8912e327179096e132fc4b to remote] DEBUG org.asynchttpclient.netty.request.NettyRequestSender - Using pooled Channel '[id: 0x29dadf8d, L:/127.0.0.1:49951 - R:localhost/127.0.0.1:62517]' for 'POST' to 'http://localhost:62517/session/26a663fffd8912e327179096e132fc4b/element'
11:57:31.378 [Forwarding findElement on session 26a663fffd8912e327179096e132fc4b to remote] DEBUG org.asynchttpclient.netty.request.NettyRequestSender - Using open Channel [id: 0x29dadf8d, L:/127.0.0.1:49951 - R:localhost/127.0.0.1:62517] for POST '/session/26a663fffd8912e327179096e132fc4b/element'
11:57:31.394 [AsyncHttpClient-1-2] DEBUG org.asynchttpclient.netty.handler.HttpHandler - 

Request DefaultHttpRequest(decodeResult: success, version: HTTP/1.1)
POST /session/26a663fffd8912e327179096e132fc4b/element HTTP/1.1
User-Agent: selenium/4.1.2 (java windows)
Content-Length: 53
Content-Type: application/json; charset=utf-8
host: localhost:62517
accept: */*

Response DefaultHttpResponse(decodeResult: success, version: HTTP/1.1)
HTTP/1.1 200 OK
Content-Type: application/json; charset=utf-8
cache-control: no-cache
content-length: 88

11:57:31.394 [AsyncHttpClient-1-2] DEBUG org.asynchttpclient.netty.channel.ChannelManager - Adding key: http://localhost:62517 for channel [id: 0x29dadf8d, L:/127.0.0.1:49951 - R:localhost/127.0.0.1:62517]
11:57:31.396 [Forwarding clearElement on session 26a663fffd8912e327179096e132fc4b to remote] DEBUG org.asynchttpclient.netty.request.NettyRequestSender - Using pooled Channel '[id: 0x29dadf8d, L:/127.0.0.1:49951 - R:localhost/127.0.0.1:62517]' for 'POST' to 'http://localhost:62517/session/26a663fffd8912e327179096e132fc4b/element/cddf5a13-fc0b-4c70-9c5f-db1cc41879c6/clear'
11:57:31.396 [Forwarding clearElement on session 26a663fffd8912e327179096e132fc4b to remote] DEBUG org.asynchttpclient.netty.request.NettyRequestSender - Using open Channel [id: 0x29dadf8d, L:/127.0.0.1:49951 - R:localhost/127.0.0.1:62517] for POST '/session/26a663fffd8912e327179096e132fc4b/element/cddf5a13-fc0b-4c70-9c5f-db1cc41879c6/clear'
11:57:31.436 [AsyncHttpClient-1-2] DEBUG org.asynchttpclient.netty.handler.HttpHandler - 

Request DefaultHttpRequest(decodeResult: success, version: HTTP/1.1)
POST /session/26a663fffd8912e327179096e132fc4b/element/cddf5a13-fc0b-4c70-9c5f-db1cc41879c6/clear HTTP/1.1
User-Agent: selenium/4.1.2 (java windows)
Content-Length: 50
Content-Type: application/json; charset=utf-8
host: localhost:62517
accept: */*

Response DefaultHttpResponse(decodeResult: success, version: HTTP/1.1)
HTTP/1.1 200 OK
Content-Type: application/json; charset=utf-8
cache-control: no-cache
content-length: 14

11:57:31.436 [AsyncHttpClient-1-2] DEBUG org.asynchttpclient.netty.channel.ChannelManager - Adding key: http://localhost:62517 for channel [id: 0x29dadf8d, L:/127.0.0.1:49951 - R:localhost/127.0.0.1:62517]
11:57:31.440 [Forwarding sendKeysToElement on session 26a663fffd8912e327179096e132fc4b to remote] DEBUG org.asynchttpclient.netty.request.NettyRequestSender - Using pooled Channel '[id: 0x29dadf8d, L:/127.0.0.1:49951 - R:localhost/127.0.0.1:62517]' for 'POST' to 'http://localhost:62517/session/26a663fffd8912e327179096e132fc4b/element/cddf5a13-fc0b-4c70-9c5f-db1cc41879c6/value'
11:57:31.440 [Forwarding sendKeysToElement on session 26a663fffd8912e327179096e132fc4b to remote] DEBUG org.asynchttpclient.netty.request.NettyRequestSender - Using open Channel [id: 0x29dadf8d, L:/127.0.0.1:49951 - R:localhost/127.0.0.1:62517] for POST '/session/26a663fffd8912e327179096e132fc4b/element/cddf5a13-fc0b-4c70-9c5f-db1cc41879c6/value'
11:57:31.516 [AsyncHttpClient-1-2] DEBUG org.asynchttpclient.netty.handler.HttpHandler - 

Request DefaultHttpRequest(decodeResult: success, version: HTTP/1.1)
POST /session/26a663fffd8912e327179096e132fc4b/element/cddf5a13-fc0b-4c70-9c5f-db1cc41879c6/value HTTP/1.1
User-Agent: selenium/4.1.2 (java windows)
Content-Length: 211
Content-Type: application/json; charset=utf-8
host: localhost:62517
accept: */*

Response DefaultHttpResponse(decodeResult: success, version: HTTP/1.1)
HTTP/1.1 200 OK
Content-Type: application/json; charset=utf-8
cache-control: no-cache
content-length: 14

11:57:31.517 [AsyncHttpClient-1-2] DEBUG org.asynchttpclient.netty.channel.ChannelManager - Adding key: http://localhost:62517 for channel [id: 0x29dadf8d, L:/127.0.0.1:49951 - R:localhost/127.0.0.1:62517]
11:57:31.527 [Forwarding screenshot on session 26a663fffd8912e327179096e132fc4b to remote] DEBUG org.asynchttpclient.netty.request.NettyRequestSender - Using pooled Channel '[id: 0x29dadf8d, L:/127.0.0.1:49951 - R:localhost/127.0.0.1:62517]' for 'GET' to 'http://localhost:62517/session/26a663fffd8912e327179096e132fc4b/screenshot'
11:57:31.527 [Forwarding screenshot on session 26a663fffd8912e327179096e132fc4b to remote] DEBUG org.asynchttpclient.netty.request.NettyRequestSender - Using open Channel [id: 0x29dadf8d, L:/127.0.0.1:49951 - R:localhost/127.0.0.1:62517] for GET '/session/26a663fffd8912e327179096e132fc4b/screenshot'
11:57:31.766 [AsyncHttpClient-1-2] DEBUG org.asynchttpclient.netty.handler.HttpHandler - 

Request DefaultFullHttpRequest(decodeResult: success, version: HTTP/1.1, content: EmptyByteBufBE)
GET /session/26a663fffd8912e327179096e132fc4b/screenshot HTTP/1.1
User-Agent: selenium/4.1.2 (java windows)
Cache-Control: no-cache
Content-Type: application/json; charset=utf-8
host: localhost:62517
accept: */*

Response DefaultHttpResponse(decodeResult: success, version: HTTP/1.1)
HTTP/1.1 200 OK
Content-Type: application/json; charset=utf-8
cache-control: no-cache
content-length: 444644

11:57:31.768 [AsyncHttpClient-1-2] DEBUG org.asynchttpclient.netty.channel.ChannelManager - Adding key: http://localhost:62517 for channel [id: 0x29dadf8d, L:/127.0.0.1:49951 - R:localhost/127.0.0.1:62517]
11:57:31.781 [main] DEBUG net.serenitybdd.core.photography.Darkroom - Send negative for processing for target\site\serenity\4eba4f71ee013eeb7c5835c250abd77754e04a7a5063b6b2b83dbc2c39071ebb.png
11:57:31.781 [main] DEBUG net.thucydides.core.steps.StepInterceptor - STEP DONE: inputPassword
11:57:31.781 [Darkroom Processing Line] DEBUG net.serenitybdd.core.photography.DarkroomProcessingLine - Processing screenshot image in /var/screenshots/screenshot-17350314925248716214
11:57:31.781 [Darkroom Processing Line] DEBUG net.serenitybdd.core.photography.DarkroomProcessingLine - Saving screenshot to target\site\serenity\4eba4f71ee013eeb7c5835c250abd77754e04a7a5063b6b2b83dbc2c39071ebb.png
  &amp#27;[32mAnd &amp#27;[0m&amp#27;[32mi input &amp#27;[0m&amp#27;[32m&amp#27;[1m"realgladz1511"&amp#27;[0m&amp#27;[32m password&amp#27;[0m             &amp#27;[90m# starter.stepdefinitions.LoginStepDefinitions.iInputPassword(java.lang.String)&amp#27;[0m
11:57:31.796 [main] DEBUG net.thucydides.core.steps.StepInterceptor - STARTING STEP: LoginStepDefinitions.clickLoginButton - clickLoginButton
11:57:31.799 [Forwarding findElement on session 26a663fffd8912e327179096e132fc4b to remote] DEBUG org.asynchttpclient.netty.request.NettyRequestSender - Using pooled Channel '[id: 0x29dadf8d, L:/127.0.0.1:49951 - R:localhost/127.0.0.1:62517]' for 'POST' to 'http://localhost:62517/session/26a663fffd8912e327179096e132fc4b/element'
11:57:31.799 [Forwarding findElement on session 26a663fffd8912e327179096e132fc4b to remote] DEBUG org.asynchttpclient.netty.request.NettyRequestSender - Using open Channel [id: 0x29dadf8d, L:/127.0.0.1:49951 - R:localhost/127.0.0.1:62517] for POST '/session/26a663fffd8912e327179096e132fc4b/element'
11:57:31.811 [AsyncHttpClient-1-2] DEBUG org.asynchttpclient.netty.handler.HttpHandler - 

Request DefaultHttpRequest(decodeResult: success, version: HTTP/1.1)
POST /session/26a663fffd8912e327179096e132fc4b/element HTTP/1.1
User-Agent: selenium/4.1.2 (java windows)
Content-Length: 59
Content-Type: application/json; charset=utf-8
host: localhost:62517
accept: */*

Response DefaultHttpResponse(decodeResult: success, version: HTTP/1.1)
HTTP/1.1 200 OK
Content-Type: application/json; charset=utf-8
cache-control: no-cache
content-length: 88

11:57:31.811 [AsyncHttpClient-1-2] DEBUG org.asynchttpclient.netty.channel.ChannelManager - Adding key: http://localhost:62517 for channel [id: 0x29dadf8d, L:/127.0.0.1:49951 - R:localhost/127.0.0.1:62517]
11:57:31.814 [Forwarding getElementTagName on session 26a663fffd8912e327179096e132fc4b to remote] DEBUG org.asynchttpclient.netty.request.NettyRequestSender - Using pooled Channel '[id: 0x29dadf8d, L:/127.0.0.1:49951 - R:localhost/127.0.0.1:62517]' for 'GET' to 'http://localhost:62517/session/26a663fffd8912e327179096e132fc4b/element/210fbd9f-9993-42a6-a3f2-72237f2e057e/name'
11:57:31.814 [Forwarding getElementTagName on session 26a663fffd8912e327179096e132fc4b to remote] DEBUG org.asynchttpclient.netty.request.NettyRequestSender - Using open Channel [id: 0x29dadf8d, L:/127.0.0.1:49951 - R:localhost/127.0.0.1:62517] for GET '/session/26a663fffd8912e327179096e132fc4b/element/210fbd9f-9993-42a6-a3f2-72237f2e057e/name'
11:57:31.819 [AsyncHttpClient-1-2] DEBUG org.asynchttpclient.netty.handler.HttpHandler - 

Request DefaultFullHttpRequest(decodeResult: success, version: HTTP/1.1, content: EmptyByteBufBE)
GET /session/26a663fffd8912e327179096e132fc4b/element/210fbd9f-9993-42a6-a3f2-72237f2e057e/name HTTP/1.1
User-Agent: selenium/4.1.2 (java windows)
Cache-Control: no-cache
Content-Type: application/json; charset=utf-8
host: localhost:62517
accept: */*

Response DefaultHttpResponse(decodeResult: success, version: HTTP/1.1)
HTTP/1.1 200 OK
Content-Type: application/json; charset=utf-8
cache-control: no-cache
content-length: 18

11:57:31.819 [AsyncHttpClient-1-2] DEBUG org.asynchttpclient.netty.channel.ChannelManager - Adding key: http://localhost:62517 for channel [id: 0x29dadf8d, L:/127.0.0.1:49951 - R:localhost/127.0.0.1:62517]
11:57:31.821 [Forwarding getElementTagName on session 26a663fffd8912e327179096e132fc4b to remote] DEBUG org.asynchttpclient.netty.request.NettyRequestSender - Using pooled Channel '[id: 0x29dadf8d, L:/127.0.0.1:49951 - R:localhost/127.0.0.1:62517]' for 'GET' to 'http://localhost:62517/session/26a663fffd8912e327179096e132fc4b/element/210fbd9f-9993-42a6-a3f2-72237f2e057e/name'
11:57:31.821 [Forwarding getElementTagName on session 26a663fffd8912e327179096e132fc4b to remote] DEBUG org.asynchttpclient.netty.request.NettyRequestSender - Using open Channel [id: 0x29dadf8d, L:/127.0.0.1:49951 - R:localhost/127.0.0.1:62517] for GET '/session/26a663fffd8912e327179096e132fc4b/element/210fbd9f-9993-42a6-a3f2-72237f2e057e/name'
11:57:31.824 [AsyncHttpClient-1-2] DEBUG org.asynchttpclient.netty.handler.HttpHandler - 

Request DefaultFullHttpRequest(decodeResult: success, version: HTTP/1.1, content: EmptyByteBufBE)
GET /session/26a663fffd8912e327179096e132fc4b/element/210fbd9f-9993-42a6-a3f2-72237f2e057e/name HTTP/1.1
User-Agent: selenium/4.1.2 (java windows)
Cache-Control: no-cache
Content-Type: application/json; charset=utf-8
host: localhost:62517
accept: */*

Response DefaultHttpResponse(decodeResult: success, version: HTTP/1.1)
HTTP/1.1 200 OK
Content-Type: application/json; charset=utf-8
cache-control: no-cache
content-length: 18

11:57:31.824 [AsyncHttpClient-1-2] DEBUG org.asynchttpclient.netty.channel.ChannelManager - Adding key: http://localhost:62517 for channel [id: 0x29dadf8d, L:/127.0.0.1:49951 - R:localhost/127.0.0.1:62517]
11:57:31.829 [Forwarding isElementEnabled on session 26a663fffd8912e327179096e132fc4b to remote] DEBUG org.asynchttpclient.netty.request.NettyRequestSender - Using pooled Channel '[id: 0x29dadf8d, L:/127.0.0.1:49951 - R:localhost/127.0.0.1:62517]' for 'GET' to 'http://localhost:62517/session/26a663fffd8912e327179096e132fc4b/element/210fbd9f-9993-42a6-a3f2-72237f2e057e/enabled'
11:57:31.829 [Forwarding isElementEnabled on session 26a663fffd8912e327179096e132fc4b to remote] DEBUG org.asynchttpclient.netty.request.NettyRequestSender - Using open Channel [id: 0x29dadf8d, L:/127.0.0.1:49951 - R:localhost/127.0.0.1:62517] for GET '/session/26a663fffd8912e327179096e132fc4b/element/210fbd9f-9993-42a6-a3f2-72237f2e057e/enabled'
11:57:31.838 [AsyncHttpClient-1-2] DEBUG org.asynchttpclient.netty.handler.HttpHandler - 

Request DefaultFullHttpRequest(decodeResult: success, version: HTTP/1.1, content: EmptyByteBufBE)
GET /session/26a663fffd8912e327179096e132fc4b/element/210fbd9f-9993-42a6-a3f2-72237f2e057e/enabled HTTP/1.1
User-Agent: selenium/4.1.2 (java windows)
Cache-Control: no-cache
Content-Type: application/json; charset=utf-8
host: localhost:62517
accept: */*

Response DefaultHttpResponse(decodeResult: success, version: HTTP/1.1)
HTTP/1.1 200 OK
Content-Type: application/json; charset=utf-8
cache-control: no-cache
content-length: 14

11:57:31.839 [AsyncHttpClient-1-2] DEBUG org.asynchttpclient.netty.channel.ChannelManager - Adding key: http://localhost:62517 for channel [id: 0x29dadf8d, L:/127.0.0.1:49951 - R:localhost/127.0.0.1:62517]
11:57:31.841 [Forwarding isElementEnabled on session 26a663fffd8912e327179096e132fc4b to remote] DEBUG org.asynchttpclient.netty.request.NettyRequestSender - Using pooled Channel '[id: 0x29dadf8d, L:/127.0.0.1:49951 - R:localhost/127.0.0.1:62517]' for 'GET' to 'http://localhost:62517/session/26a663fffd8912e327179096e132fc4b/element/210fbd9f-9993-42a6-a3f2-72237f2e057e/enabled'
11:57:31.841 [Forwarding isElementEnabled on session 26a663fffd8912e327179096e132fc4b to remote] DEBUG org.asynchttpclient.netty.request.NettyRequestSender - Using open Channel [id: 0x29dadf8d, L:/127.0.0.1:49951 - R:localhost/127.0.0.1:62517] for GET '/session/26a663fffd8912e327179096e132fc4b/element/210fbd9f-9993-42a6-a3f2-72237f2e057e/enabled'
11:57:31.847 [AsyncHttpClient-1-2] DEBUG org.asynchttpclient.netty.handler.HttpHandler - 

Request DefaultFullHttpRequest(decodeResult: success, version: HTTP/1.1, content: EmptyByteBufBE)
GET /session/26a663fffd8912e327179096e132fc4b/element/210fbd9f-9993-42a6-a3f2-72237f2e057e/enabled HTTP/1.1
User-Agent: selenium/4.1.2 (java windows)
Cache-Control: no-cache
Content-Type: application/json; charset=utf-8
host: localhost:62517
accept: */*

Response DefaultHttpResponse(decodeResult: success, version: HTTP/1.1)
HTTP/1.1 200 OK
Content-Type: application/json; charset=utf-8
cache-control: no-cache
content-length: 14

11:57:31.847 [AsyncHttpClient-1-2] DEBUG org.asynchttpclient.netty.channel.ChannelManager - Adding key: http://localhost:62517 for channel [id: 0x29dadf8d, L:/127.0.0.1:49951 - R:localhost/127.0.0.1:62517]
11:57:31.852 [Forwarding findElement on session 26a663fffd8912e327179096e132fc4b to remote] DEBUG org.asynchttpclient.netty.request.NettyRequestSender - Using pooled Channel '[id: 0x29dadf8d, L:/127.0.0.1:49951 - R:localhost/127.0.0.1:62517]' for 'POST' to 'http://localhost:62517/session/26a663fffd8912e327179096e132fc4b/element'
11:57:31.852 [Forwarding findElement on session 26a663fffd8912e327179096e132fc4b to remote] DEBUG org.asynchttpclient.netty.request.NettyRequestSender - Using open Channel [id: 0x29dadf8d, L:/127.0.0.1:49951 - R:localhost/127.0.0.1:62517] for POST '/session/26a663fffd8912e327179096e132fc4b/element'
11:57:31.860 [AsyncHttpClient-1-2] DEBUG org.asynchttpclient.netty.handler.HttpHandler - 

Request DefaultHttpRequest(decodeResult: success, version: HTTP/1.1)
POST /session/26a663fffd8912e327179096e132fc4b/element HTTP/1.1
User-Agent: selenium/4.1.2 (java windows)
Content-Length: 59
Content-Type: application/json; charset=utf-8
host: localhost:62517
accept: */*

Response DefaultHttpResponse(decodeResult: success, version: HTTP/1.1)
HTTP/1.1 200 OK
Content-Type: application/json; charset=utf-8
cache-control: no-cache
content-length: 88

11:57:31.860 [AsyncHttpClient-1-2] DEBUG org.asynchttpclient.netty.channel.ChannelManager - Adding key: http://localhost:62517 for channel [id: 0x29dadf8d, L:/127.0.0.1:49951 - R:localhost/127.0.0.1:62517]
11:57:31.862 [Forwarding clickElement on session 26a663fffd8912e327179096e132fc4b to remote] DEBUG org.asynchttpclient.netty.request.NettyRequestSender - Using pooled Channel '[id: 0x29dadf8d, L:/127.0.0.1:49951 - R:localhost/127.0.0.1:62517]' for 'POST' to 'http://localhost:62517/session/26a663fffd8912e327179096e132fc4b/element/210fbd9f-9993-42a6-a3f2-72237f2e057e/click'
11:57:31.862 [Forwarding clickElement on session 26a663fffd8912e327179096e132fc4b to remote] DEBUG org.asynchttpclient.netty.request.NettyRequestSender - Using open Channel [id: 0x29dadf8d, L:/127.0.0.1:49951 - R:localhost/127.0.0.1:62517] for POST '/session/26a663fffd8912e327179096e132fc4b/element/210fbd9f-9993-42a6-a3f2-72237f2e057e/click'
11:57:32.241 [AsyncHttpClient-1-1] DEBUG org.asynchttpclient.netty.channel.DefaultChannelPool - Entry count for : http://localhost:49952 : 1
11:57:33.339 [AsyncHttpClient-1-1] DEBUG org.asynchttpclient.netty.channel.DefaultChannelPool - Entry count for : http://localhost:49952 : 1
11:57:34.441 [AsyncHttpClient-1-1] DEBUG org.asynchttpclient.netty.channel.DefaultChannelPool - Entry count for : http://localhost:49952 : 1
11:57:35.541 [AsyncHttpClient-1-1] DEBUG org.asynchttpclient.netty.channel.DefaultChannelPool - Entry count for : http://localhost:49952 : 1
11:57:36.297 [AsyncHttpClient-1-2] DEBUG org.asynchttpclient.netty.handler.HttpHandler - 

Request DefaultHttpRequest(decodeResult: success, version: HTTP/1.1)
POST /session/26a663fffd8912e327179096e132fc4b/element/210fbd9f-9993-42a6-a3f2-72237f2e057e/click HTTP/1.1
User-Agent: selenium/4.1.2 (java windows)
Content-Length: 50
Content-Type: application/json; charset=utf-8
host: localhost:62517
accept: */*

Response DefaultHttpResponse(decodeResult: success, version: HTTP/1.1)
HTTP/1.1 200 OK
Content-Type: application/json; charset=utf-8
cache-control: no-cache
content-length: 14

11:57:36.298 [AsyncHttpClient-1-2] DEBUG org.asynchttpclient.netty.channel.ChannelManager - Adding key: http://localhost:62517 for channel [id: 0x29dadf8d, L:/127.0.0.1:49951 - R:localhost/127.0.0.1:62517]
11:57:36.307 [Forwarding screenshot on session 26a663fffd8912e327179096e132fc4b to remote] DEBUG org.asynchttpclient.netty.request.NettyRequestSender - Using pooled Channel '[id: 0x29dadf8d, L:/127.0.0.1:49951 - R:localhost/127.0.0.1:62517]' for 'GET' to 'http://localhost:62517/session/26a663fffd8912e327179096e132fc4b/screenshot'
11:57:36.307 [Forwarding screenshot on session 26a663fffd8912e327179096e132fc4b to remote] DEBUG org.asynchttpclient.netty.request.NettyRequestSender - Using open Channel [id: 0x29dadf8d, L:/127.0.0.1:49951 - R:localhost/127.0.0.1:62517] for GET '/session/26a663fffd8912e327179096e132fc4b/screenshot'
11:57:36.640 [AsyncHttpClient-1-1] DEBUG org.asynchttpclient.netty.channel.DefaultChannelPool - Entry count for : http://localhost:49952 : 1
11:57:36.788 [AsyncHttpClient-1-2] DEBUG org.asynchttpclient.netty.handler.HttpHandler - 

Request DefaultFullHttpRequest(decodeResult: success, version: HTTP/1.1, content: EmptyByteBufBE)
GET /session/26a663fffd8912e327179096e132fc4b/screenshot HTTP/1.1
User-Agent: selenium/4.1.2 (java windows)
Cache-Control: no-cache
Content-Type: application/json; charset=utf-8
host: localhost:62517
accept: */*

Response DefaultHttpResponse(decodeResult: success, version: HTTP/1.1)
HTTP/1.1 200 OK
Content-Type: application/json; charset=utf-8
cache-control: no-cache
content-length: 1333108

11:57:36.788 [AsyncHttpClient-1-2] DEBUG org.asynchttpclient.netty.channel.ChannelManager - Adding key: http://localhost:62517 for channel [id: 0x29dadf8d, L:/127.0.0.1:49951 - R:localhost/127.0.0.1:62517]
11:57:36.839 [main] DEBUG net.serenitybdd.core.photography.Darkroom - Send negative for processing for target\site\serenity\59fa09801a8bb3314539a5c0435be15ff0ddd41cda6e536ebe96ef86ce981cc6.png
11:57:36.840 [main] DEBUG net.thucydides.core.steps.StepInterceptor - STEP DONE: clickLoginButton
  &amp#27;[32mAnd &amp#27;[0m&amp#27;[32mclick login button&amp#27;[0m                           &amp#27;[90m# starter.stepdefinitions.LoginStepDefinitions.clickLoginButton()&amp#27;[0m
11:57:36.840 [Darkroom Processing Line] DEBUG net.serenitybdd.core.photography.DarkroomProcessingLine - Processing screenshot image in /var/screenshots/screenshot-8763251119810165096
11:57:36.840 [Darkroom Processing Line] DEBUG net.serenitybdd.core.photography.DarkroomProcessingLine - Saving screenshot to target\site\serenity\59fa09801a8bb3314539a5c0435be15ff0ddd41cda6e536ebe96ef86ce981cc6.png
11:57:36.851 [main] DEBUG net.thucydides.core.steps.StepInterceptor - STARTING STEP: LoginStepDefinitions.iGetThe - scrollToTextHomePage
11:57:36.851 [Forwarding findElement on session 26a663fffd8912e327179096e132fc4b to remote] DEBUG org.asynchttpclient.netty.request.NettyRequestSender - Using pooled Channel '[id: 0x29dadf8d, L:/127.0.0.1:49951 - R:localhost/127.0.0.1:62517]' for 'POST' to 'http://localhost:62517/session/26a663fffd8912e327179096e132fc4b/element'
11:57:36.851 [Forwarding findElement on session 26a663fffd8912e327179096e132fc4b to remote] DEBUG org.asynchttpclient.netty.request.NettyRequestSender - Using open Channel [id: 0x29dadf8d, L:/127.0.0.1:49951 - R:localhost/127.0.0.1:62517] for POST '/session/26a663fffd8912e327179096e132fc4b/element'
11:57:36.898 [AsyncHttpClient-1-2] DEBUG org.asynchttpclient.netty.handler.HttpHandler - 

Request DefaultHttpRequest(decodeResult: success, version: HTTP/1.1)
POST /session/26a663fffd8912e327179096e132fc4b/element HTTP/1.1
User-Agent: selenium/4.1.2 (java windows)
Content-Length: 49
Content-Type: application/json; charset=utf-8
host: localhost:62517
accept: */*

Response DefaultHttpResponse(decodeResult: success, version: HTTP/1.1)
HTTP/1.1 200 OK
Content-Type: application/json; charset=utf-8
cache-control: no-cache
content-length: 88

11:57:36.898 [AsyncHttpClient-1-2] DEBUG org.asynchttpclient.netty.channel.ChannelManager - Adding key: http://localhost:62517 for channel [id: 0x29dadf8d, L:/127.0.0.1:49951 - R:localhost/127.0.0.1:62517]
11:57:36.907 [Forwarding actions on session 26a663fffd8912e327179096e132fc4b to remote] DEBUG org.asynchttpclient.netty.request.NettyRequestSender - Using pooled Channel '[id: 0x29dadf8d, L:/127.0.0.1:49951 - R:localhost/127.0.0.1:62517]' for 'POST' to 'http://localhost:62517/session/26a663fffd8912e327179096e132fc4b/actions'
[...]
11:59:12.247 [Forwarding isElementEnabled on session bbf5c9726f9112e84a34755731ab6c93 to remote] DEBUG org.asynchttpclient.netty.request.NettyRequestSender - Using open Channel [id: 0x880817d6, L:/127.0.0.1:50317 - R:localhost/127.0.0.1:53549] for GET '/session/bbf5c9726f9112e84a34755731ab6c93/element/feecb93c-844e-4052-87b7-fda9aa89e272/enabled'
11:59:12.257 [AsyncHttpClient-1-4] DEBUG org.asynchttpclient.netty.handler.HttpHandler - 

Request DefaultFullHttpRequest(decodeResult: success, version: HTTP/1.1, content: EmptyByteBufBE)
GET /session/bbf5c9726f9112e84a34755731ab6c93/element/feecb93c-844e-4052-87b7-fda9aa89e272/enabled HTTP/1.1
User-Agent: selenium/4.1.2 (java windows)
Cache-Control: no-cache
Content-Type: application/json; charset=utf-8
host: localhost:53549
accept: */*

Response DefaultHttpResponse(decodeResult: success, version: HTTP/1.1)
HTTP/1.1 200 OK
Content-Type: application/json; charset=utf-8
cache-control: no-cache
content-length: 14

11:59:12.257 [AsyncHttpClient-1-4] DEBUG org.asynchttpclient.netty.channel.ChannelManager - Adding key: http://localhost:53549 for channel [id: 0x880817d6, L:/127.0.0.1:50317 - R:localhost/127.0.0.1:53549]
11:59:12.257 [Forwarding isElementEnabled on session bbf5c9726f9112e84a34755731ab6c93 to remote] DEBUG org.asynchttpclient.netty.request.NettyRequestSender - Using pooled Channel '[id: 0x880817d6, L:/127.0.0.1:50317 - R:localhost/127.0.0.1:53549]' for 'GET' to 'http://localhost:53549/session/bbf5c9726f9112e84a34755731ab6c93/element/feecb93c-844e-4052-87b7-fda9aa89e272/enabled'
11:59:12.257 [Forwarding isElementEnabled on session bbf5c9726f9112e84a34755731ab6c93 to remote] DEBUG org.asynchttpclient.netty.request.NettyRequestSender - Using open Channel [id: 0x880817d6, L:/127.0.0.1:50317 - R:localhost/127.0.0.1:53549] for GET '/session/bbf5c9726f9112e84a34755731ab6c93/element/feecb93c-844e-4052-87b7-fda9aa89e272/enabled'
11:59:12.262 [AsyncHttpClient-1-4] DEBUG org.asynchttpclient.netty.handler.HttpHandler - 

Request DefaultFullHttpRequest(decodeResult: success, version: HTTP/1.1, content: EmptyByteBufBE)
GET /session/bbf5c9726f9112e84a34755731ab6c93/element/feecb93c-844e-4052-87b7-fda9aa89e272/enabled HTTP/1.1
User-Agent: selenium/4.1.2 (java windows)
Cache-Control: no-cache
Content-Type: application/json; charset=utf-8
host: localhost:53549
accept: */*

Response DefaultHttpResponse(decodeResult: success, version: HTTP/1.1)
HTTP/1.1 200 OK
Content-Type: application/json; charset=utf-8
cache-control: no-cache
content-length: 14

11:59:12.262 [AsyncHttpClient-1-4] DEBUG org.asynchttpclient.netty.channel.ChannelManager - Adding key: http://localhost:53549 for channel [id: 0x880817d6, L:/127.0.0.1:50317 - R:localhost/127.0.0.1:53549]
11:59:12.264 [Forwarding findElement on session bbf5c9726f9112e84a34755731ab6c93 to remote] DEBUG org.asynchttpclient.netty.request.NettyRequestSender - Using pooled Channel '[id: 0x880817d6, L:/127.0.0.1:50317 - R:localhost/127.0.0.1:53549]' for 'POST' to 'http://localhost:53549/session/bbf5c9726f9112e84a34755731ab6c93/element'
11:59:12.267 [Forwarding findElement on session bbf5c9726f9112e84a34755731ab6c93 to remote] DEBUG org.asynchttpclient.netty.request.NettyRequestSender - Using open Channel [id: 0x880817d6, L:/127.0.0.1:50317 - R:localhost/127.0.0.1:53549] for POST '/session/bbf5c9726f9112e84a34755731ab6c93/element'
11:59:12.281 [AsyncHttpClient-1-4] DEBUG org.asynchttpclient.netty.handler.HttpHandler - 

Request DefaultHttpRequest(decodeResult: success, version: HTTP/1.1)
POST /session/bbf5c9726f9112e84a34755731ab6c93/element HTTP/1.1
User-Agent: selenium/4.1.2 (java windows)
Content-Length: 59
Content-Type: application/json; charset=utf-8
host: localhost:53549
accept: */*

Response DefaultHttpResponse(decodeResult: success, version: HTTP/1.1)
HTTP/1.1 200 OK
Content-Type: application/json; charset=utf-8
cache-control: no-cache
content-length: 88

11:59:12.282 [AsyncHttpClient-1-4] DEBUG org.asynchttpclient.netty.channel.ChannelManager - Adding key: http://localhost:53549 for channel [id: 0x880817d6, L:/127.0.0.1:50317 - R:localhost/127.0.0.1:53549]
11:59:12.283 [Forwarding clickElement on session bbf5c9726f9112e84a34755731ab6c93 to remote] DEBUG org.asynchttpclient.netty.request.NettyRequestSender - Using pooled Channel '[id: 0x880817d6, L:/127.0.0.1:50317 - R:localhost/127.0.0.1:53549]' for 'POST' to 'http://localhost:53549/session/bbf5c9726f9112e84a34755731ab6c93/element/feecb93c-844e-4052-87b7-fda9aa89e272/click'
11:59:12.283 [Forwarding clickElement on session bbf5c9726f9112e84a34755731ab6c93 to remote] DEBUG org.asynchttpclient.netty.request.NettyRequestSender - Using open Channel [id: 0x880817d6, L:/127.0.0.1:50317 - R:localhost/127.0.0.1:53549] for POST '/session/bbf5c9726f9112e84a34755731ab6c93/element/feecb93c-844e-4052-87b7-fda9aa89e272/click'
11:59:12.341 [AsyncHttpClient-1-1] DEBUG org.asynchttpclient.netty.channel.DefaultChannelPool - Entry count for : http://localhost:50318 : 1
11:59:13.442 [AsyncHttpClient-1-1] DEBUG org.asynchttpclient.netty.channel.DefaultChannelPool - Entry count for : http://localhost:50318 : 1
11:59:14.541 [AsyncHttpClient-1-1] DEBUG org.asynchttpclient.netty.channel.DefaultChannelPool - Entry count for : http://localhost:50318 : 1
11:59:15.212 [AsyncHttpClient-1-4] DEBUG org.asynchttpclient.netty.handler.HttpHandler - 

Request DefaultHttpRequest(decodeResult: success, version: HTTP/1.1)
POST /session/bbf5c9726f9112e84a34755731ab6c93/element/feecb93c-844e-4052-87b7-fda9aa89e272/click HTTP/1.1
User-Agent: selenium/4.1.2 (java windows)
Content-Length: 50
Content-Type: application/json; charset=utf-8
host: localhost:53549
accept: */*

Response DefaultHttpResponse(decodeResult: success, version: HTTP/1.1)
HTTP/1.1 200 OK
Content-Type: application/json; charset=utf-8
cache-control: no-cache
content-length: 14

11:59:15.213 [AsyncHttpClient-1-4] DEBUG org.asynchttpclient.netty.channel.ChannelManager - Adding key: http://localhost:53549 for channel [id: 0x880817d6, L:/127.0.0.1:50317 - R:localhost/127.0.0.1:53549]
11:59:15.220 [Forwarding screenshot on session bbf5c9726f9112e84a34755731ab6c93 to remote] DEBUG org.asynchttpclient.netty.request.NettyRequestSender - Using pooled Channel '[id: 0x880817d6, L:/127.0.0.1:50317 - R:localhost/127.0.0.1:53549]' for 'GET' to 'http://localhost:53549/session/bbf5c9726f9112e84a34755731ab6c93/screenshot'
11:59:15.220 [Forwarding screenshot on session bbf5c9726f9112e84a34755731ab6c93 to remote] DEBUG org.asynchttpclient.netty.request.NettyRequestSender - Using open Channel [id: 0x880817d6, L:/127.0.0.1:50317 - R:localhost/127.0.0.1:53549] for GET '/session/bbf5c9726f9112e84a34755731ab6c93/screenshot'
11:59:15.644 [AsyncHttpClient-1-1] DEBUG org.asynchttpclient.netty.channel.DefaultChannelPool - Entry count for : http://localhost:50318 : 1
11:59:15.771 [AsyncHttpClient-1-4] DEBUG org.asynchttpclient.netty.handler.HttpHandler - 

Request DefaultFullHttpRequest(decodeResult: success, version: HTTP/1.1, content: EmptyByteBufBE)
GET /session/bbf5c9726f9112e84a34755731ab6c93/screenshot HTTP/1.1
User-Agent: selenium/4.1.2 (java windows)
Cache-Control: no-cache
Content-Type: application/json; charset=utf-8
host: localhost:53549
accept: */*

Response DefaultHttpResponse(decodeResult: success, version: HTTP/1.1)
HTTP/1.1 200 OK
Content-Type: application/json; charset=utf-8
cache-control: no-cache
content-length: 1351260

11:59:15.771 [AsyncHttpClient-1-4] DEBUG org.asynchttpclient.netty.channel.ChannelManager - Adding key: http://localhost:53549 for channel [id: 0x880817d6, L:/127.0.0.1:50317 - R:localhost/127.0.0.1:53549]
11:59:15.787 [main] DEBUG net.serenitybdd.core.photography.Darkroom - Send negative for processing for target\site\serenity\2f78a9621a518b93953df5b5f59a5fccd09cef54997f943528ef35ae54eaa99e.png
11:59:15.787 [main] DEBUG net.thucydides.core.steps.StepInterceptor - STEP DONE: clickLoginButton
  &amp#27;[32mAnd &amp#27;[0m&amp#27;[32mclick login button&amp#27;[0m                        &amp#27;[90m# starter.stepdefinitions.LoginStepDefinitions.clickLoginButton()&amp#27;[0m
11:59:15.787 [Darkroom Processing Line] DEBUG net.serenitybdd.core.photography.DarkroomProcessingLine - Processing screenshot image in /var/screenshots/screenshot-11996337896705073329
11:59:15.787 [Darkroom Processing Line] DEBUG net.serenitybdd.core.photography.DarkroomProcessingLine - Saving screenshot to target\site\serenity\2f78a9621a518b93953df5b5f59a5fccd09cef54997f943528ef35ae54eaa99e.png
11:59:15.814 [main] DEBUG net.thucydides.core.steps.StepInterceptor - STARTING STEP: LoginStepDefinitions.iGetThe - validateLoginFormIsApp
11:59:15.814 [Forwarding findElement on session bbf5c9726f9112e84a34755731ab6c93 to remote] DEBUG org.asynchttpclient.netty.request.NettyRequestSender - Using pooled Channel '[id: 0x880817d6, L:/127.0.0.1:50317 - R:localhost/127.0.0.1:53549]' for 'POST' to 'http://localhost:53549/session/bbf5c9726f9112e84a34755731ab6c93/element'
11:59:15.814 [Forwarding findElement on session bbf5c9726f9112e84a34755731ab6c93 to remote] DEBUG org.asynchttpclient.netty.request.NettyRequestSender - Using open Channel [id: 0x880817d6, L:/127.0.0.1:50317 - R:localhost/127.0.0.1:53549] for POST '/session/bbf5c9726f9112e84a34755731ab6c93/element'
11:59:15.826 [AsyncHttpClient-1-4] DEBUG org.asynchttpclient.netty.handler.HttpHandler - 

Request DefaultHttpRequest(decodeResult: success, version: HTTP/1.1)
POST /session/bbf5c9726f9112e84a34755731ab6c93/element HTTP/1.1
User-Agent: selenium/4.1.2 (java windows)
Content-Length: 103
Content-Type: application/json; charset=utf-8
host: localhost:53549
accept: */*

Response DefaultHttpResponse(decodeResult: success, version: HTTP/1.1)
HTTP/1.1 200 OK
Content-Type: application/json; charset=utf-8
cache-control: no-cache
content-length: 88

11:59:15.826 [AsyncHttpClient-1-4] DEBUG org.asynchttpclient.netty.channel.ChannelManager - Adding key: http://localhost:53549 for channel [id: 0x880817d6, L:/127.0.0.1:50317 - R:localhost/127.0.0.1:53549]
11:59:15.826 [Forwarding isElementDisplayed on session bbf5c9726f9112e84a34755731ab6c93 to remote] DEBUG org.asynchttpclient.netty.request.NettyRequestSender - Using pooled Channel '[id: 0x880817d6, L:/127.0.0.1:50317 - R:localhost/127.0.0.1:53549]' for 'POST' to 'http://localhost:53549/session/bbf5c9726f9112e84a34755731ab6c93/execute/sync'
11:59:15.826 [Forwarding isElementDisplayed on session bbf5c9726f9112e84a34755731ab6c93 to remote] DEBUG org.asynchttpclient.netty.request.NettyRequestSender - Using open Channel [id: 0x880817d6, L:/127.0.0.1:50317 - R:localhost/127.0.0.1:53549] for POST '/session/bbf5c9726f9112e84a34755731ab6c93/execute/sync'
11:59:15.842 [AsyncHttpClient-1-4] DEBUG org.asynchttpclient.netty.handler.HttpHandler - 

Request DefaultHttpRequest(decodeResult: success, version: HTTP/1.1)
POST /session/bbf5c9726f9112e84a34755731ab6c93/execute/sync HTTP/1.1
User-Agent: selenium/4.1.2 (java windows)
Content-Length: 48780
Content-Type: application/json; charset=utf-8
host: localhost:53549
accept: */*

Response DefaultHttpResponse(decodeResult: success, version: HTTP/1.1)
HTTP/1.1 200 OK
Content-Type: application/json; charset=utf-8
cache-control: no-cache
content-length: 15

11:59:15.842 [AsyncHttpClient-1-4] DEBUG org.asynchttpclient.netty.channel.ChannelManager - Adding key: http://localhost:53549 for channel [id: 0x880817d6, L:/127.0.0.1:50317 - R:localhost/127.0.0.1:53549]
11:59:15.842 [Forwarding screenshot on session bbf5c9726f9112e84a34755731ab6c93 to remote] DEBUG org.asynchttpclient.netty.request.NettyRequestSender - Using pooled Channel '[id: 0x880817d6, L:/127.0.0.1:50317 - R:localhost/127.0.0.1:53549]' for 'GET' to 'http://localhost:53549/session/bbf5c9726f9112e84a34755731ab6c93/screenshot'
11:59:15.842 [Forwarding screenshot on session bbf5c9726f9112e84a34755731ab6c93 to remote] DEBUG org.asynchttpclient.netty.request.NettyRequestSender - Using open Channel [id: 0x880817d6, L:/127.0.0.1:50317 - R:localhost/127.0.0.1:53549] for GET '/session/bbf5c9726f9112e84a34755731ab6c93/screenshot'
11:59:16.340 [AsyncHttpClient-1-4] DEBUG org.asynchttpclient.netty.handler.HttpHandler - 

Request DefaultFullHttpRequest(decodeResult: success, version: HTTP/1.1, content: EmptyByteBufBE)
GET /session/bbf5c9726f9112e84a34755731ab6c93/screenshot HTTP/1.1
User-Agent: selenium/4.1.2 (java windows)
Cache-Control: no-cache
Content-Type: application/json; charset=utf-8
host: localhost:53549
accept: */*

Response DefaultHttpResponse(decodeResult: success, version: HTTP/1.1)
HTTP/1.1 200 OK
Content-Type: application/json; charset=utf-8
cache-control: no-cache
content-length: 1351260

11:59:16.342 [AsyncHttpClient-1-4] DEBUG org.asynchttpclient.netty.channel.ChannelManager - Adding key: http://localhost:53549 for channel [id: 0x880817d6, L:/127.0.0.1:50317 - R:localhost/127.0.0.1:53549]
11:59:16.372 [main] DEBUG net.serenitybdd.core.photography.Darkroom - Send negative for processing for target\site\serenity\2f78a9621a518b93953df5b5f59a5fccd09cef54997f943528ef35ae54eaa99e.png
11:59:16.373 [main] DEBUG net.thucydides.core.steps.StepInterceptor - STEP DONE: validateLoginFormIsApp
11:59:16.384 [main] DEBUG net.thucydides.core.steps.StepInterceptor - STARTING STEP: LoginStepDefinitions.iGetThe - errorMessageAlert
11:59:16.387 [main] DEBUG net.thucydides.core.steps.StepInterceptor - STEP DONE: errorMessageAlert
  &amp#27;[32mThen &amp#27;[0m&amp#27;[32mi get the &amp#27;[0m&amp#27;[32m&amp#27;[1m"Login Page"&amp#27;[0m                   &amp#27;[90m# starter.stepdefinitions.LoginStepDefinitions.iGetThe(java.lang.String)&amp#27;[0m
11:59:16.398 [AsyncHttpClient-1-6] DEBUG org.asynchttpclient.netty.handler.WebSocketHandler - Channel Closed: [id: 0x47de7daf, L:/127.0.0.1:50327 ! R:localhost/127.0.0.1:50318] with attribute NettyResponseFuture{currentRetry=5,
	isDone=1,
	isCancelled=0,
	asyncHandler=org.asynchttpclient.ws.WebSocketUpgradeHandler@1c97302d,
	nettyRequest=org.asynchttpclient.netty.request.NettyRequest@4ff45a5c,
	future=java.util.concurrent.CompletableFuture@64c9b75d[Completed normally],
	uri=ws://localhost:50318/devtools/browser/227bad68-956d-4db5-8e2d-4a8318f6c946,
	keepAlive=true,
	redirectCount=0,
	timeoutsHolder=null,
	inAuth=0,
	touch=1650949142871}
11:59:16.399 [AsyncHttpClient-1-6] DEBUG org.asynchttpclient.netty.channel.ChannelManager - Closing Channel [id: 0x47de7daf, L:/127.0.0.1:50327 ! R:localhost/127.0.0.1:50318] 
11:59:16.399 [Driver Command Executor] DEBUG org.asynchttpclient.netty.request.NettyRequestSender - Using pooled Channel '[id: 0x880817d6, L:/127.0.0.1:50317 - R:localhost/127.0.0.1:53549]' for 'DELETE' to 'http://localhost:53549/session/bbf5c9726f9112e84a34755731ab6c93'
11:59:16.399 [Driver Command Executor] DEBUG org.asynchttpclient.netty.request.NettyRequestSender - Using open Channel [id: 0x880817d6, L:/127.0.0.1:50317 - R:localhost/127.0.0.1:53549] for DELETE '/session/bbf5c9726f9112e84a34755731ab6c93'
11:59:16.435 [AsyncHttpClient-1-5] DEBUG org.asynchttpclient.netty.handler.HttpHandler - Unexpected I/O exception on channel [id: 0xcd4d6e07, L:/127.0.0.1:50326 - R:localhost/127.0.0.1:50318]
java.net.SocketException: Connection reset
	at java.base/sun.nio.ch.SocketChannelImpl.throwConnectionReset(SocketChannelImpl.java:367)
	at java.base/sun.nio.ch.SocketChannelImpl.read(SocketChannelImpl.java:398)
	at io.netty.buffer.PooledByteBuf.setBytes(PooledByteBuf.java:258)
	at io.netty.buffer.AbstractByteBuf.writeBytes(AbstractByteBuf.java:1132)
	at io.netty.channel.socket.nio.NioSocketChannel.doReadBytes(NioSocketChannel.java:350)
	at io.netty.channel.nio.AbstractNioByteChannel$NioByteUnsafe.read(AbstractNioByteChannel.java:151)
	at io.netty.channel.nio.NioEventLoop.processSelectedKey(NioEventLoop.java:722)
	at io.netty.channel.nio.NioEventLoop.processSelectedKeysOptimized(NioEventLoop.java:658)
	at io.netty.channel.nio.NioEventLoop.processSelectedKeys(NioEventLoop.java:584)
	at io.netty.channel.nio.NioEventLoop.run(NioEventLoop.java:496)
	at io.netty.util.concurrent.SingleThreadEventExecutor$4.run(SingleThreadEventExecutor.java:986)
	at io.netty.util.internal.ThreadExecutorMap$2.run(ThreadExecutorMap.java:74)
	at io.netty.util.concurrent.FastThreadLocalRunnable.run(FastThreadLocalRunnable.java:30)
	at java.base/java.lang.Thread.run(Thread.java:832)
11:59:16.435 [AsyncHttpClient-1-5] DEBUG org.asynchttpclient.netty.channel.ChannelManager - Closing Channel [id: 0xcd4d6e07, L:/127.0.0.1:50326 - R:localhost/127.0.0.1:50318] 
11:59:16.435 [AsyncHttpClient-1-5] DEBUG org.asynchttpclient.netty.handler.HttpHandler - Channel Closed: [id: 0xcd4d6e07, L:/127.0.0.1:50326 ! R:localhost/127.0.0.1:50318] with attribute DISCARD
11:59:16.466 [AsyncHttpClient-1-4] DEBUG org.asynchttpclient.netty.handler.HttpHandler - 

Request DefaultFullHttpRequest(decodeResult: success, version: HTTP/1.1, content: EmptyByteBufBE)
DELETE /session/bbf5c9726f9112e84a34755731ab6c93 HTTP/1.1
User-Agent: selenium/4.1.2 (java windows)
Content-Type: application/json; charset=utf-8
host: localhost:53549
accept: */*

Response DefaultHttpResponse(decodeResult: success, version: HTTP/1.1)
HTTP/1.1 200 OK
Content-Type: application/json; charset=utf-8
cache-control: no-cache
content-length: 14

11:59:16.467 [AsyncHttpClient-1-4] DEBUG org.asynchttpclient.netty.channel.ChannelManager - Adding key: http://localhost:53549 for channel [id: 0x880817d6, L:/127.0.0.1:50317 - R:localhost/127.0.0.1:53549]
11:59:16.628 [AsyncHttpClient-1-4] DEBUG org.asynchttpclient.netty.handler.HttpHandler - Channel Closed: [id: 0x880817d6, L:/127.0.0.1:50317 ! R:localhost/127.0.0.1:53549] with attribute DISCARD
11:59:16.740 [AsyncHttpClient-1-1] DEBUG org.asynchttpclient.netty.channel.DefaultChannelPool - Entry count for : http://localhost:53549 : 1
11:59:16.740 [AsyncHttpClient-1-1] DEBUG org.asynchttpclient.netty.channel.DefaultChannelPool - Entry count for : http://localhost:50318 : 1
11:59:16.740 [AsyncHttpClient-1-1] DEBUG org.asynchttpclient.netty.channel.DefaultChannelPool - Adding Candidate expired Channel [id: 0x880817d6, L:/127.0.0.1:50317 ! R:localhost/127.0.0.1:53549] isIdleTimeoutExpired=false isRemotelyClosed=true isTtlExpired=false
11:59:16.740 [AsyncHttpClient-1-1] DEBUG org.asynchttpclient.netty.channel.DefaultChannelPool - Closing Idle Channel [id: 0x880817d6, L:/127.0.0.1:50317 ! R:localhost/127.0.0.1:53549]
11:59:16.740 [AsyncHttpClient-1-1] DEBUG org.asynchttpclient.netty.channel.DefaultChannelPool - Adding Candidate expired Channel [id: 0xcd4d6e07, L:/127.0.0.1:50326 ! R:localhost/127.0.0.1:50318] isIdleTimeoutExpired=false isRemotelyClosed=true isTtlExpired=false
11:59:16.740 [AsyncHttpClient-1-1] DEBUG org.asynchttpclient.netty.channel.DefaultChannelPool - Closing Idle Channel [id: 0xcd4d6e07, L:/127.0.0.1:50326 ! R:localhost/127.0.0.1:50318]
11:59:16.740 [AsyncHttpClient-1-1] DEBUG org.asynchttpclient.netty.channel.DefaultChannelPool - Closed 2 connections out of 2 in 0 ms
]]></system-out>
    <system-err><![CDATA[Starting ChromeDriver 100.0.4896.60 (6a5d10861ce8de5fce22564658033b43cb7de047-refs/branch-heads/4896@{#875}) on port 53549
Only local connections are allowed.
Please see https://chromedriver.chromium.org/security-considerations for suggestions on keeping ChromeDriver safe.
ChromeDriver was started successfully.
Apr 26, 2022 11:59:02 AM org.openqa.selenium.remote.ProtocolHandshake createSession
INFO: Detected dialect: W3C
Apr 26, 2022 11:59:02 AM org.openqa.selenium.devtools.CdpVersionFinder findNearestMatch
WARNING: Unable to find an exact match for CDP version 100, so returning the closest version found: 97
Apr 26, 2022 11:59:02 AM org.openqa.selenium.devtools.CdpVersionFinder findNearestMatch
INFO: Found CDP implementation for version 100 of 97
]]></system-err>
  </testcase>
</testsuite>